{"D:\\projects\\arianation-crm-ecommerce\\src\\app.js": {"path":"D:\\projects\\arianation-crm-ecommerce\\src\\app.js","statementMap":{"0":{"start":{"line":1,"column":0},"end":{"line":1,"column":27}},"1":{"start":{"line":2,"column":16},"end":{"line":2,"column":34}},"2":{"start":{"line":3,"column":13},"end":{"line":3,"column":28}},"3":{"start":{"line":4,"column":21},"end":{"line":4,"column":45}},"4":{"start":{"line":6,"column":15},"end":{"line":6,"column":43}},"5":{"start":{"line":7,"column":24},"end":{"line":7,"column":47}},"6":{"start":{"line":8,"column":15},"end":{"line":8,"column":45}},"7":{"start":{"line":9,"column":21},"end":{"line":9,"column":57}},"8":{"start":{"line":12,"column":19},"end":{"line":12,"column":43}},"9":{"start":{"line":13,"column":19},"end":{"line":13,"column":44}},"10":{"start":{"line":14,"column":22},"end":{"line":14,"column":50}},"11":{"start":{"line":15,"column":19},"end":{"line":15,"column":43}},"12":{"start":{"line":16,"column":20},"end":{"line":16,"column":46}},"13":{"start":{"line":17,"column":22},"end":{"line":17,"column":50}},"14":{"start":{"line":18,"column":28},"end":{"line":18,"column":62}},"15":{"start":{"line":19,"column":20},"end":{"line":19,"column":45}},"16":{"start":{"line":20,"column":22},"end":{"line":20,"column":50}},"17":{"start":{"line":21,"column":23},"end":{"line":21,"column":52}},"18":{"start":{"line":24,"column":0},"end":{"line":24,"column":14}},"19":{"start":{"line":26,"column":12},"end":{"line":26,"column":21}},"20":{"start":{"line":29,"column":0},"end":{"line":32,"column":4}},"21":{"start":{"line":34,"column":0},"end":{"line":34,"column":41}},"22":{"start":{"line":35,"column":0},"end":{"line":35,"column":63}},"23":{"start":{"line":36,"column":0},"end":{"line":36,"column":24}},"24":{"start":{"line":37,"column":0},"end":{"line":37,"column":16}},"25":{"start":{"line":40,"column":0},"end":{"line":42,"column":3}},"26":{"start":{"line":41,"column":2},"end":{"line":41,"column":126}},"27":{"start":{"line":45,"column":0},"end":{"line":45,"column":33}},"28":{"start":{"line":46,"column":0},"end":{"line":46,"column":34}},"29":{"start":{"line":47,"column":0},"end":{"line":47,"column":40}},"30":{"start":{"line":48,"column":0},"end":{"line":48,"column":33}},"31":{"start":{"line":49,"column":0},"end":{"line":49,"column":36}},"32":{"start":{"line":50,"column":0},"end":{"line":50,"column":40}},"33":{"start":{"line":51,"column":0},"end":{"line":51,"column":32}},"34":{"start":{"line":52,"column":0},"end":{"line":52,"column":53}},"35":{"start":{"line":53,"column":0},"end":{"line":53,"column":35}},"36":{"start":{"line":54,"column":0},"end":{"line":54,"column":40}},"37":{"start":{"line":57,"column":0},"end":{"line":59,"column":3}},"38":{"start":{"line":58,"column":2},"end":{"line":58,"column":97}},"39":{"start":{"line":61,"column":0},"end":{"line":61,"column":22}},"40":{"start":{"line":63,"column":0},"end":{"line":63,"column":21}}},"fnMap":{"0":{"name":"(anonymous_0)","decl":{"start":{"line":40,"column":23},"end":{"line":40,"column":24}},"loc":{"start":{"line":40,"column":37},"end":{"line":42,"column":1}},"line":40},"1":{"name":"(anonymous_1)","decl":{"start":{"line":57,"column":8},"end":{"line":57,"column":9}},"loc":{"start":{"line":57,"column":22},"end":{"line":59,"column":1}},"line":57}},"branchMap":{"0":{"loc":{"start":{"line":30,"column":10},"end":{"line":30,"column":61}},"type":"binary-expr","locations":[{"start":{"line":30,"column":10},"end":{"line":30,"column":34}},{"start":{"line":30,"column":38},"end":{"line":30,"column":61}}],"line":30}},"s":{"0":0,"1":0,"2":0,"3":0,"4":0,"5":0,"6":0,"7":0,"8":0,"9":0,"10":0,"11":0,"12":0,"13":0,"14":0,"15":0,"16":0,"17":0,"18":0,"19":0,"20":0,"21":0,"22":0,"23":0,"24":0,"25":0,"26":0,"27":0,"28":0,"29":0,"30":0,"31":0,"32":0,"33":0,"34":0,"35":0,"36":0,"37":0,"38":0,"39":0,"40":0},"f":{"0":0,"1":0},"b":{"0":[0,0]}}
,"D:\\projects\\arianation-crm-ecommerce\\src\\controllers\\adminController.js": {"path":"D:\\projects\\arianation-crm-ecommerce\\src\\controllers\\adminController.js","statementMap":{"0":{"start":{"line":3,"column":15},"end":{"line":3,"column":44}},"1":{"start":{"line":4,"column":52},"end":{"line":4,"column":80}},"2":{"start":{"line":5,"column":43},"end":{"line":5,"column":69}},"3":{"start":{"line":6,"column":32},"end":{"line":6,"column":78}},"4":{"start":{"line":12,"column":21},"end":{"line":100,"column":1}},"5":{"start":{"line":13,"column":2},"end":{"line":99,"column":3}},"6":{"start":{"line":14,"column":16},"end":{"line":14,"column":26}},"7":{"start":{"line":15,"column":23},"end":{"line":15,"column":81}},"8":{"start":{"line":16,"column":23},"end":{"line":16,"column":69}},"9":{"start":{"line":27,"column":8},"end":{"line":51,"column":6}},"10":{"start":{"line":54,"column":30},"end":{"line":67,"column":5}},"11":{"start":{"line":56,"column":24},"end":{"line":59,"column":10}},"12":{"start":{"line":60,"column":8},"end":{"line":65,"column":10}},"13":{"start":{"line":69,"column":22},"end":{"line":94,"column":5}},"14":{"start":{"line":86,"column":49},"end":{"line":93,"column":7}},"15":{"start":{"line":96,"column":4},"end":{"line":96,"column":80}},"16":{"start":{"line":98,"column":4},"end":{"line":98,"column":16}},"17":{"start":{"line":106,"column":20},"end":{"line":141,"column":1}},"18":{"start":{"line":107,"column":2},"end":{"line":140,"column":3}},"19":{"start":{"line":108,"column":71},"end":{"line":108,"column":80}},"20":{"start":{"line":109,"column":17},"end":{"line":109,"column":63}},"21":{"start":{"line":111,"column":18},"end":{"line":111,"column":20}},"22":{"start":{"line":112,"column":4},"end":{"line":117,"column":5}},"23":{"start":{"line":113,"column":6},"end":{"line":116,"column":8}},"24":{"start":{"line":118,"column":4},"end":{"line":118,"column":50}},"25":{"start":{"line":118,"column":20},"end":{"line":118,"column":50}},"26":{"start":{"line":119,"column":4},"end":{"line":119,"column":56}},"27":{"start":{"line":119,"column":22},"end":{"line":119,"column":56}},"28":{"start":{"line":121,"column":30},"end":{"line":130,"column":6}},"29":{"start":{"line":132,"column":4},"end":{"line":137,"column":42}},"30":{"start":{"line":139,"column":4},"end":{"line":139,"column":16}},"31":{"start":{"line":143,"column":22},"end":{"line":188,"column":1}},"32":{"start":{"line":144,"column":2},"end":{"line":187,"column":3}},"33":{"start":{"line":154,"column":8},"end":{"line":154,"column":16}},"34":{"start":{"line":156,"column":4},"end":{"line":158,"column":5}},"35":{"start":{"line":157,"column":6},"end":{"line":157,"column":118}},"36":{"start":{"line":160,"column":20},"end":{"line":172,"column":6}},"37":{"start":{"line":175,"column":4},"end":{"line":182,"column":23}},"38":{"start":{"line":184,"column":4},"end":{"line":184,"column":69}},"39":{"start":{"line":186,"column":4},"end":{"line":186,"column":16}},"40":{"start":{"line":190,"column":22},"end":{"line":226,"column":1}},"41":{"start":{"line":191,"column":2},"end":{"line":225,"column":3}},"42":{"start":{"line":192,"column":19},"end":{"line":192,"column":29}},"43":{"start":{"line":193,"column":96},"end":{"line":193,"column":104}},"44":{"start":{"line":195,"column":20},"end":{"line":195,"column":70}},"45":{"start":{"line":196,"column":4},"end":{"line":196,"column":63}},"46":{"start":{"line":196,"column":18},"end":{"line":196,"column":63}},"47":{"start":{"line":198,"column":20},"end":{"line":210,"column":6}},"48":{"start":{"line":213,"column":4},"end":{"line":220,"column":23}},"49":{"start":{"line":222,"column":4},"end":{"line":222,"column":69}},"50":{"start":{"line":224,"column":4},"end":{"line":224,"column":16}},"51":{"start":{"line":228,"column":22},"end":{"line":251,"column":1}},"52":{"start":{"line":229,"column":2},"end":{"line":250,"column":3}},"53":{"start":{"line":230,"column":19},"end":{"line":230,"column":29}},"54":{"start":{"line":232,"column":20},"end":{"line":232,"column":70}},"55":{"start":{"line":233,"column":4},"end":{"line":233,"column":63}},"56":{"start":{"line":233,"column":18},"end":{"line":233,"column":63}},"57":{"start":{"line":235,"column":4},"end":{"line":235,"column":51}},"58":{"start":{"line":238,"column":4},"end":{"line":245,"column":23}},"59":{"start":{"line":247,"column":4},"end":{"line":247,"column":66}},"60":{"start":{"line":249,"column":4},"end":{"line":249,"column":16}},"61":{"start":{"line":257,"column":18},"end":{"line":291,"column":1}},"62":{"start":{"line":258,"column":2},"end":{"line":290,"column":3}},"63":{"start":{"line":259,"column":71},"end":{"line":259,"column":80}},"64":{"start":{"line":260,"column":17},"end":{"line":260,"column":63}},"65":{"start":{"line":262,"column":18},"end":{"line":262,"column":20}},"66":{"start":{"line":263,"column":4},"end":{"line":263,"column":38}},"67":{"start":{"line":263,"column":16},"end":{"line":263,"column":38}},"68":{"start":{"line":264,"column":4},"end":{"line":264,"column":78}},"69":{"start":{"line":264,"column":16},"end":{"line":264,"column":78}},"70":{"start":{"line":265,"column":4},"end":{"line":269,"column":5}},"71":{"start":{"line":266,"column":6},"end":{"line":266,"column":27}},"72":{"start":{"line":267,"column":6},"end":{"line":267,"column":61}},"73":{"start":{"line":267,"column":20},"end":{"line":267,"column":61}},"74":{"start":{"line":268,"column":6},"end":{"line":268,"column":57}},"75":{"start":{"line":268,"column":18},"end":{"line":268,"column":57}},"76":{"start":{"line":271,"column":28},"end":{"line":280,"column":6}},"77":{"start":{"line":282,"column":4},"end":{"line":287,"column":40}},"78":{"start":{"line":289,"column":4},"end":{"line":289,"column":16}},"79":{"start":{"line":293,"column":23},"end":{"line":313,"column":1}},"80":{"start":{"line":294,"column":2},"end":{"line":312,"column":3}},"81":{"start":{"line":295,"column":19},"end":{"line":295,"column":29}},"82":{"start":{"line":297,"column":18},"end":{"line":305,"column":6}},"83":{"start":{"line":307,"column":4},"end":{"line":307,"column":59}},"84":{"start":{"line":307,"column":16},"end":{"line":307,"column":59}},"85":{"start":{"line":309,"column":4},"end":{"line":309,"column":74}},"86":{"start":{"line":311,"column":4},"end":{"line":311,"column":16}},"87":{"start":{"line":315,"column":26},"end":{"line":346,"column":1}},"88":{"start":{"line":316,"column":2},"end":{"line":345,"column":3}},"89":{"start":{"line":317,"column":19},"end":{"line":317,"column":29}},"90":{"start":{"line":318,"column":23},"end":{"line":318,"column":31}},"91":{"start":{"line":320,"column":4},"end":{"line":320,"column":65}},"92":{"start":{"line":320,"column":17},"end":{"line":320,"column":65}},"93":{"start":{"line":322,"column":18},"end":{"line":322,"column":66}},"94":{"start":{"line":323,"column":4},"end":{"line":323,"column":59}},"95":{"start":{"line":323,"column":16},"end":{"line":323,"column":59}},"96":{"start":{"line":325,"column":20},"end":{"line":329,"column":6}},"97":{"start":{"line":332,"column":4},"end":{"line":340,"column":23}},"98":{"start":{"line":342,"column":4},"end":{"line":342,"column":74}},"99":{"start":{"line":344,"column":4},"end":{"line":344,"column":16}},"100":{"start":{"line":348,"column":28},"end":{"line":379,"column":1}},"101":{"start":{"line":349,"column":2},"end":{"line":378,"column":3}},"102":{"start":{"line":350,"column":19},"end":{"line":350,"column":29}},"103":{"start":{"line":351,"column":95},"end":{"line":351,"column":103}},"104":{"start":{"line":353,"column":18},"end":{"line":353,"column":66}},"105":{"start":{"line":354,"column":4},"end":{"line":354,"column":59}},"106":{"start":{"line":354,"column":16},"end":{"line":354,"column":59}},"107":{"start":{"line":356,"column":28},"end":{"line":363,"column":6}},"108":{"start":{"line":365,"column":4},"end":{"line":373,"column":23}},"109":{"start":{"line":375,"column":4},"end":{"line":375,"column":84}},"110":{"start":{"line":377,"column":4},"end":{"line":377,"column":16}},"111":{"start":{"line":381,"column":20},"end":{"line":412,"column":1}},"112":{"start":{"line":382,"column":2},"end":{"line":411,"column":3}},"113":{"start":{"line":383,"column":19},"end":{"line":383,"column":29}},"114":{"start":{"line":385,"column":18},"end":{"line":385,"column":66}},"115":{"start":{"line":386,"column":4},"end":{"line":386,"column":59}},"116":{"start":{"line":386,"column":16},"end":{"line":386,"column":59}},"117":{"start":{"line":388,"column":4},"end":{"line":390,"column":5}},"118":{"start":{"line":389,"column":6},"end":{"line":389,"column":83}},"119":{"start":{"line":392,"column":22},"end":{"line":395,"column":6}},"120":{"start":{"line":398,"column":4},"end":{"line":406,"column":23}},"121":{"start":{"line":408,"column":4},"end":{"line":408,"column":71}},"122":{"start":{"line":410,"column":4},"end":{"line":410,"column":16}},"123":{"start":{"line":414,"column":21},"end":{"line":442,"column":1}},"124":{"start":{"line":415,"column":2},"end":{"line":441,"column":3}},"125":{"start":{"line":416,"column":19},"end":{"line":419,"column":6}},"126":{"start":{"line":422,"column":16},"end":{"line":434,"column":16}},"127":{"start":{"line":425,"column":8},"end":{"line":432,"column":19}},"128":{"start":{"line":436,"column":4},"end":{"line":436,"column":46}},"129":{"start":{"line":437,"column":4},"end":{"line":437,"column":76}},"130":{"start":{"line":438,"column":4},"end":{"line":438,"column":18}},"131":{"start":{"line":440,"column":4},"end":{"line":440,"column":16}},"132":{"start":{"line":448,"column":26},"end":{"line":476,"column":1}},"133":{"start":{"line":449,"column":2},"end":{"line":475,"column":3}},"134":{"start":{"line":450,"column":45},"end":{"line":450,"column":54}},"135":{"start":{"line":451,"column":17},"end":{"line":451,"column":63}},"136":{"start":{"line":453,"column":18},"end":{"line":453,"column":20}},"137":{"start":{"line":454,"column":4},"end":{"line":454,"column":38}},"138":{"start":{"line":454,"column":16},"end":{"line":454,"column":38}},"139":{"start":{"line":456,"column":30},"end":{"line":465,"column":6}},"140":{"start":{"line":467,"column":4},"end":{"line":472,"column":49}},"141":{"start":{"line":474,"column":4},"end":{"line":474,"column":16}},"142":{"start":{"line":478,"column":31},"end":{"line":493,"column":1}},"143":{"start":{"line":479,"column":2},"end":{"line":492,"column":3}},"144":{"start":{"line":480,"column":19},"end":{"line":480,"column":29}},"145":{"start":{"line":482,"column":20},"end":{"line":485,"column":6}},"146":{"start":{"line":487,"column":4},"end":{"line":487,"column":70}},"147":{"start":{"line":487,"column":18},"end":{"line":487,"column":70}},"148":{"start":{"line":489,"column":4},"end":{"line":489,"column":85}},"149":{"start":{"line":491,"column":4},"end":{"line":491,"column":16}},"150":{"start":{"line":495,"column":34},"end":{"line":525,"column":1}},"151":{"start":{"line":496,"column":2},"end":{"line":524,"column":3}},"152":{"start":{"line":497,"column":19},"end":{"line":497,"column":29}},"153":{"start":{"line":498,"column":23},"end":{"line":498,"column":31}},"154":{"start":{"line":500,"column":4},"end":{"line":500,"column":65}},"155":{"start":{"line":500,"column":17},"end":{"line":500,"column":65}},"156":{"start":{"line":502,"column":20},"end":{"line":502,"column":76}},"157":{"start":{"line":503,"column":4},"end":{"line":503,"column":70}},"158":{"start":{"line":503,"column":18},"end":{"line":503,"column":70}},"159":{"start":{"line":505,"column":20},"end":{"line":509,"column":6}},"160":{"start":{"line":512,"column":4},"end":{"line":519,"column":23}},"161":{"start":{"line":521,"column":4},"end":{"line":521,"column":83}},"162":{"start":{"line":523,"column":4},"end":{"line":523,"column":16}},"163":{"start":{"line":531,"column":17},"end":{"line":560,"column":1}},"164":{"start":{"line":532,"column":2},"end":{"line":559,"column":3}},"165":{"start":{"line":533,"column":51},"end":{"line":533,"column":60}},"166":{"start":{"line":534,"column":17},"end":{"line":534,"column":63}},"167":{"start":{"line":536,"column":18},"end":{"line":536,"column":20}},"168":{"start":{"line":537,"column":4},"end":{"line":537,"column":32}},"169":{"start":{"line":537,"column":14},"end":{"line":537,"column":32}},"170":{"start":{"line":538,"column":4},"end":{"line":538,"column":72}},"171":{"start":{"line":538,"column":16},"end":{"line":538,"column":72}},"172":{"start":{"line":540,"column":27},"end":{"line":549,"column":6}},"173":{"start":{"line":551,"column":4},"end":{"line":556,"column":39}},"174":{"start":{"line":558,"column":4},"end":{"line":558,"column":16}},"175":{"start":{"line":562,"column":22},"end":{"line":583,"column":1}},"176":{"start":{"line":563,"column":2},"end":{"line":582,"column":3}},"177":{"start":{"line":564,"column":19},"end":{"line":564,"column":29}},"178":{"start":{"line":566,"column":17},"end":{"line":572,"column":6}},"179":{"start":{"line":574,"column":4},"end":{"line":574,"column":57}},"180":{"start":{"line":574,"column":15},"end":{"line":574,"column":57}},"181":{"start":{"line":577,"column":4},"end":{"line":577,"column":25}},"182":{"start":{"line":579,"column":4},"end":{"line":579,"column":72}},"183":{"start":{"line":581,"column":4},"end":{"line":581,"column":16}},"184":{"start":{"line":585,"column":23},"end":{"line":615,"column":1}},"185":{"start":{"line":586,"column":2},"end":{"line":614,"column":3}},"186":{"start":{"line":587,"column":19},"end":{"line":587,"column":29}},"187":{"start":{"line":588,"column":21},"end":{"line":588,"column":29}},"188":{"start":{"line":590,"column":4},"end":{"line":590,"column":61}},"189":{"start":{"line":590,"column":15},"end":{"line":590,"column":61}},"190":{"start":{"line":592,"column":17},"end":{"line":592,"column":64}},"191":{"start":{"line":593,"column":4},"end":{"line":593,"column":57}},"192":{"start":{"line":593,"column":15},"end":{"line":593,"column":57}},"193":{"start":{"line":595,"column":20},"end":{"line":599,"column":6}},"194":{"start":{"line":602,"column":4},"end":{"line":609,"column":23}},"195":{"start":{"line":611,"column":4},"end":{"line":611,"column":69}},"196":{"start":{"line":613,"column":4},"end":{"line":613,"column":16}},"197":{"start":{"line":617,"column":25},"end":{"line":647,"column":1}},"198":{"start":{"line":618,"column":2},"end":{"line":646,"column":3}},"199":{"start":{"line":619,"column":19},"end":{"line":619,"column":29}},"200":{"start":{"line":620,"column":25},"end":{"line":620,"column":33}},"201":{"start":{"line":622,"column":4},"end":{"line":622,"column":82}},"202":{"start":{"line":622,"column":32},"end":{"line":622,"column":82}},"203":{"start":{"line":624,"column":17},"end":{"line":624,"column":64}},"204":{"start":{"line":625,"column":4},"end":{"line":625,"column":57}},"205":{"start":{"line":625,"column":15},"end":{"line":625,"column":57}},"206":{"start":{"line":627,"column":20},"end":{"line":631,"column":6}},"207":{"start":{"line":634,"column":4},"end":{"line":641,"column":23}},"208":{"start":{"line":643,"column":4},"end":{"line":643,"column":99}},"209":{"start":{"line":645,"column":4},"end":{"line":645,"column":16}},"210":{"start":{"line":653,"column":20},"end":{"line":681,"column":1}},"211":{"start":{"line":654,"column":2},"end":{"line":680,"column":3}},"212":{"start":{"line":655,"column":45},"end":{"line":655,"column":54}},"213":{"start":{"line":656,"column":17},"end":{"line":656,"column":63}},"214":{"start":{"line":658,"column":18},"end":{"line":658,"column":20}},"215":{"start":{"line":659,"column":4},"end":{"line":659,"column":38}},"216":{"start":{"line":659,"column":16},"end":{"line":659,"column":38}},"217":{"start":{"line":661,"column":30},"end":{"line":670,"column":6}},"218":{"start":{"line":672,"column":4},"end":{"line":677,"column":42}},"219":{"start":{"line":679,"column":4},"end":{"line":679,"column":16}},"220":{"start":{"line":683,"column":22},"end":{"line":720,"column":1}},"221":{"start":{"line":684,"column":2},"end":{"line":719,"column":3}},"222":{"start":{"line":685,"column":19},"end":{"line":685,"column":29}},"223":{"start":{"line":687,"column":20},"end":{"line":687,"column":70}},"224":{"start":{"line":688,"column":4},"end":{"line":688,"column":63}},"225":{"start":{"line":688,"column":18},"end":{"line":688,"column":63}},"226":{"start":{"line":690,"column":20},"end":{"line":698,"column":6}},"227":{"start":{"line":701,"column":4},"end":{"line":704,"column":7}},"228":{"start":{"line":707,"column":4},"end":{"line":714,"column":23}},"229":{"start":{"line":716,"column":4},"end":{"line":716,"column":70}},"230":{"start":{"line":718,"column":4},"end":{"line":718,"column":16}},"231":{"start":{"line":722,"column":22},"end":{"line":759,"column":1}},"232":{"start":{"line":723,"column":2},"end":{"line":758,"column":3}},"233":{"start":{"line":724,"column":19},"end":{"line":724,"column":29}},"234":{"start":{"line":725,"column":23},"end":{"line":725,"column":31}},"235":{"start":{"line":727,"column":20},"end":{"line":727,"column":70}},"236":{"start":{"line":728,"column":4},"end":{"line":728,"column":63}},"237":{"start":{"line":728,"column":18},"end":{"line":728,"column":63}},"238":{"start":{"line":730,"column":20},"end":{"line":737,"column":6}},"239":{"start":{"line":740,"column":4},"end":{"line":743,"column":7}},"240":{"start":{"line":746,"column":4},"end":{"line":753,"column":23}},"241":{"start":{"line":755,"column":4},"end":{"line":755,"column":70}},"242":{"start":{"line":757,"column":4},"end":{"line":757,"column":16}},"243":{"start":{"line":765,"column":21},"end":{"line":793,"column":1}},"244":{"start":{"line":766,"column":2},"end":{"line":792,"column":3}},"245":{"start":{"line":767,"column":53},"end":{"line":767,"column":62}},"246":{"start":{"line":768,"column":17},"end":{"line":768,"column":63}},"247":{"start":{"line":770,"column":18},"end":{"line":770,"column":20}},"248":{"start":{"line":771,"column":4},"end":{"line":771,"column":52}},"249":{"start":{"line":771,"column":16},"end":{"line":771,"column":52}},"250":{"start":{"line":772,"column":4},"end":{"line":772,"column":38}},"251":{"start":{"line":772,"column":16},"end":{"line":772,"column":38}},"252":{"start":{"line":774,"column":26},"end":{"line":782,"column":6}},"253":{"start":{"line":784,"column":4},"end":{"line":789,"column":44}},"254":{"start":{"line":791,"column":4},"end":{"line":791,"column":16}},"255":{"start":{"line":795,"column":0},"end":{"line":818,"column":2}}},"fnMap":{"0":{"name":"(anonymous_0)","decl":{"start":{"line":12,"column":21},"end":{"line":12,"column":22}},"loc":{"start":{"line":12,"column":47},"end":{"line":100,"column":1}},"line":12},"1":{"name":"(anonymous_1)","decl":{"start":{"line":55,"column":22},"end":{"line":55,"column":23}},"loc":{"start":{"line":55,"column":38},"end":{"line":66,"column":7}},"line":55},"2":{"name":"(anonymous_2)","decl":{"start":{"line":86,"column":37},"end":{"line":86,"column":38}},"loc":{"start":{"line":86,"column":49},"end":{"line":93,"column":7}},"line":86},"3":{"name":"(anonymous_3)","decl":{"start":{"line":106,"column":20},"end":{"line":106,"column":21}},"loc":{"start":{"line":106,"column":46},"end":{"line":141,"column":1}},"line":106},"4":{"name":"(anonymous_4)","decl":{"start":{"line":143,"column":22},"end":{"line":143,"column":23}},"loc":{"start":{"line":143,"column":48},"end":{"line":188,"column":1}},"line":143},"5":{"name":"(anonymous_5)","decl":{"start":{"line":182,"column":13},"end":{"line":182,"column":14}},"loc":{"start":{"line":182,"column":19},"end":{"line":182,"column":21}},"line":182},"6":{"name":"(anonymous_6)","decl":{"start":{"line":190,"column":22},"end":{"line":190,"column":23}},"loc":{"start":{"line":190,"column":48},"end":{"line":226,"column":1}},"line":190},"7":{"name":"(anonymous_7)","decl":{"start":{"line":220,"column":13},"end":{"line":220,"column":14}},"loc":{"start":{"line":220,"column":19},"end":{"line":220,"column":21}},"line":220},"8":{"name":"(anonymous_8)","decl":{"start":{"line":228,"column":22},"end":{"line":228,"column":23}},"loc":{"start":{"line":228,"column":48},"end":{"line":251,"column":1}},"line":228},"9":{"name":"(anonymous_9)","decl":{"start":{"line":245,"column":13},"end":{"line":245,"column":14}},"loc":{"start":{"line":245,"column":19},"end":{"line":245,"column":21}},"line":245},"10":{"name":"(anonymous_10)","decl":{"start":{"line":257,"column":18},"end":{"line":257,"column":19}},"loc":{"start":{"line":257,"column":44},"end":{"line":291,"column":1}},"line":257},"11":{"name":"(anonymous_11)","decl":{"start":{"line":293,"column":23},"end":{"line":293,"column":24}},"loc":{"start":{"line":293,"column":49},"end":{"line":313,"column":1}},"line":293},"12":{"name":"(anonymous_12)","decl":{"start":{"line":315,"column":26},"end":{"line":315,"column":27}},"loc":{"start":{"line":315,"column":52},"end":{"line":346,"column":1}},"line":315},"13":{"name":"(anonymous_13)","decl":{"start":{"line":340,"column":13},"end":{"line":340,"column":14}},"loc":{"start":{"line":340,"column":19},"end":{"line":340,"column":21}},"line":340},"14":{"name":"(anonymous_14)","decl":{"start":{"line":348,"column":28},"end":{"line":348,"column":29}},"loc":{"start":{"line":348,"column":54},"end":{"line":379,"column":1}},"line":348},"15":{"name":"(anonymous_15)","decl":{"start":{"line":373,"column":13},"end":{"line":373,"column":14}},"loc":{"start":{"line":373,"column":19},"end":{"line":373,"column":21}},"line":373},"16":{"name":"(anonymous_16)","decl":{"start":{"line":381,"column":20},"end":{"line":381,"column":21}},"loc":{"start":{"line":381,"column":46},"end":{"line":412,"column":1}},"line":381},"17":{"name":"(anonymous_17)","decl":{"start":{"line":406,"column":13},"end":{"line":406,"column":14}},"loc":{"start":{"line":406,"column":19},"end":{"line":406,"column":21}},"line":406},"18":{"name":"(anonymous_18)","decl":{"start":{"line":414,"column":21},"end":{"line":414,"column":22}},"loc":{"start":{"line":414,"column":47},"end":{"line":442,"column":1}},"line":414},"19":{"name":"(anonymous_19)","decl":{"start":{"line":424,"column":20},"end":{"line":424,"column":21}},"loc":{"start":{"line":425,"column":8},"end":{"line":432,"column":19}},"line":425},"20":{"name":"(anonymous_20)","decl":{"start":{"line":448,"column":26},"end":{"line":448,"column":27}},"loc":{"start":{"line":448,"column":52},"end":{"line":476,"column":1}},"line":448},"21":{"name":"(anonymous_21)","decl":{"start":{"line":478,"column":31},"end":{"line":478,"column":32}},"loc":{"start":{"line":478,"column":57},"end":{"line":493,"column":1}},"line":478},"22":{"name":"(anonymous_22)","decl":{"start":{"line":495,"column":34},"end":{"line":495,"column":35}},"loc":{"start":{"line":495,"column":60},"end":{"line":525,"column":1}},"line":495},"23":{"name":"(anonymous_23)","decl":{"start":{"line":519,"column":13},"end":{"line":519,"column":14}},"loc":{"start":{"line":519,"column":19},"end":{"line":519,"column":21}},"line":519},"24":{"name":"(anonymous_24)","decl":{"start":{"line":531,"column":17},"end":{"line":531,"column":18}},"loc":{"start":{"line":531,"column":43},"end":{"line":560,"column":1}},"line":531},"25":{"name":"(anonymous_25)","decl":{"start":{"line":562,"column":22},"end":{"line":562,"column":23}},"loc":{"start":{"line":562,"column":48},"end":{"line":583,"column":1}},"line":562},"26":{"name":"(anonymous_26)","decl":{"start":{"line":585,"column":23},"end":{"line":585,"column":24}},"loc":{"start":{"line":585,"column":49},"end":{"line":615,"column":1}},"line":585},"27":{"name":"(anonymous_27)","decl":{"start":{"line":609,"column":13},"end":{"line":609,"column":14}},"loc":{"start":{"line":609,"column":19},"end":{"line":609,"column":21}},"line":609},"28":{"name":"(anonymous_28)","decl":{"start":{"line":617,"column":25},"end":{"line":617,"column":26}},"loc":{"start":{"line":617,"column":51},"end":{"line":647,"column":1}},"line":617},"29":{"name":"(anonymous_29)","decl":{"start":{"line":641,"column":13},"end":{"line":641,"column":14}},"loc":{"start":{"line":641,"column":19},"end":{"line":641,"column":21}},"line":641},"30":{"name":"(anonymous_30)","decl":{"start":{"line":653,"column":20},"end":{"line":653,"column":21}},"loc":{"start":{"line":653,"column":46},"end":{"line":681,"column":1}},"line":653},"31":{"name":"(anonymous_31)","decl":{"start":{"line":683,"column":22},"end":{"line":683,"column":23}},"loc":{"start":{"line":683,"column":48},"end":{"line":720,"column":1}},"line":683},"32":{"name":"(anonymous_32)","decl":{"start":{"line":714,"column":13},"end":{"line":714,"column":14}},"loc":{"start":{"line":714,"column":19},"end":{"line":714,"column":21}},"line":714},"33":{"name":"(anonymous_33)","decl":{"start":{"line":722,"column":22},"end":{"line":722,"column":23}},"loc":{"start":{"line":722,"column":48},"end":{"line":759,"column":1}},"line":722},"34":{"name":"(anonymous_34)","decl":{"start":{"line":753,"column":13},"end":{"line":753,"column":14}},"loc":{"start":{"line":753,"column":19},"end":{"line":753,"column":21}},"line":753},"35":{"name":"(anonymous_35)","decl":{"start":{"line":765,"column":21},"end":{"line":765,"column":22}},"loc":{"start":{"line":765,"column":47},"end":{"line":793,"column":1}},"line":765}},"branchMap":{"0":{"loc":{"start":{"line":76,"column":15},"end":{"line":76,"column":49}},"type":"binary-expr","locations":[{"start":{"line":76,"column":15},"end":{"line":76,"column":44}},{"start":{"line":76,"column":48},"end":{"line":76,"column":49}}],"line":76},"1":{"loc":{"start":{"line":108,"column":12},"end":{"line":108,"column":20}},"type":"default-arg","locations":[{"start":{"line":108,"column":19},"end":{"line":108,"column":20}}],"line":108},"2":{"loc":{"start":{"line":108,"column":22},"end":{"line":108,"column":32}},"type":"default-arg","locations":[{"start":{"line":108,"column":30},"end":{"line":108,"column":32}}],"line":108},"3":{"loc":{"start":{"line":112,"column":4},"end":{"line":117,"column":5}},"type":"if","locations":[{"start":{"line":112,"column":4},"end":{"line":117,"column":5}},{"start":{},"end":{}}],"line":112},"4":{"loc":{"start":{"line":118,"column":4},"end":{"line":118,"column":50}},"type":"if","locations":[{"start":{"line":118,"column":4},"end":{"line":118,"column":50}},{"start":{},"end":{}}],"line":118},"5":{"loc":{"start":{"line":119,"column":4},"end":{"line":119,"column":56}},"type":"if","locations":[{"start":{"line":119,"column":4},"end":{"line":119,"column":56}},{"start":{},"end":{}}],"line":119},"6":{"loc":{"start":{"line":156,"column":4},"end":{"line":158,"column":5}},"type":"if","locations":[{"start":{"line":156,"column":4},"end":{"line":158,"column":5}},{"start":{},"end":{}}],"line":156},"7":{"loc":{"start":{"line":156,"column":8},"end":{"line":156,"column":78}},"type":"binary-expr","locations":[{"start":{"line":156,"column":8},"end":{"line":156,"column":19}},{"start":{"line":156,"column":23},"end":{"line":156,"column":35}},{"start":{"line":156,"column":39},"end":{"line":156,"column":45}},{"start":{"line":156,"column":49},"end":{"line":156,"column":61}},{"start":{"line":156,"column":65},"end":{"line":156,"column":78}}],"line":156},"8":{"loc":{"start":{"line":164,"column":21},"end":{"line":164,"column":40}},"type":"binary-expr","locations":[{"start":{"line":164,"column":21},"end":{"line":164,"column":32}},{"start":{"line":164,"column":36},"end":{"line":164,"column":40}}],"line":164},"9":{"loc":{"start":{"line":166,"column":23},"end":{"line":166,"column":55}},"type":"binary-expr","locations":[{"start":{"line":166,"column":23},"end":{"line":166,"column":50}},{"start":{"line":166,"column":54},"end":{"line":166,"column":55}}],"line":166},"10":{"loc":{"start":{"line":168,"column":18},"end":{"line":168,"column":34}},"type":"binary-expr","locations":[{"start":{"line":168,"column":18},"end":{"line":168,"column":26}},{"start":{"line":168,"column":30},"end":{"line":168,"column":34}}],"line":168},"11":{"loc":{"start":{"line":196,"column":4},"end":{"line":196,"column":63}},"type":"if","locations":[{"start":{"line":196,"column":4},"end":{"line":196,"column":63}},{"start":{},"end":{}}],"line":196},"12":{"loc":{"start":{"line":201,"column":12},"end":{"line":201,"column":42}},"type":"binary-expr","locations":[{"start":{"line":201,"column":12},"end":{"line":201,"column":23}},{"start":{"line":201,"column":27},"end":{"line":201,"column":42}}],"line":201},"13":{"loc":{"start":{"line":202,"column":12},"end":{"line":202,"column":56}},"type":"binary-expr","locations":[{"start":{"line":202,"column":12},"end":{"line":202,"column":37}},{"start":{"line":202,"column":41},"end":{"line":202,"column":56}}],"line":202},"14":{"loc":{"start":{"line":203,"column":12},"end":{"line":203,"column":49}},"type":"binary-expr","locations":[{"start":{"line":203,"column":12},"end":{"line":203,"column":17}},{"start":{"line":203,"column":21},"end":{"line":203,"column":49}}],"line":203},"15":{"loc":{"start":{"line":204,"column":12},"end":{"line":204,"column":89}},"type":"binary-expr","locations":[{"start":{"line":204,"column":12},"end":{"line":204,"column":39}},{"start":{"line":204,"column":43},"end":{"line":204,"column":89}}],"line":204},"16":{"loc":{"start":{"line":205,"column":12},"end":{"line":205,"column":42}},"type":"binary-expr","locations":[{"start":{"line":205,"column":12},"end":{"line":205,"column":23}},{"start":{"line":205,"column":27},"end":{"line":205,"column":42}}],"line":205},"17":{"loc":{"start":{"line":206,"column":12},"end":{"line":206,"column":50}},"type":"binary-expr","locations":[{"start":{"line":206,"column":12},"end":{"line":206,"column":34}},{"start":{"line":206,"column":38},"end":{"line":206,"column":50}}],"line":206},"18":{"loc":{"start":{"line":207,"column":12},"end":{"line":207,"column":50}},"type":"binary-expr","locations":[{"start":{"line":207,"column":12},"end":{"line":207,"column":34}},{"start":{"line":207,"column":38},"end":{"line":207,"column":50}}],"line":207},"19":{"loc":{"start":{"line":233,"column":4},"end":{"line":233,"column":63}},"type":"if","locations":[{"start":{"line":233,"column":4},"end":{"line":233,"column":63}},{"start":{},"end":{}}],"line":233},"20":{"loc":{"start":{"line":259,"column":12},"end":{"line":259,"column":20}},"type":"default-arg","locations":[{"start":{"line":259,"column":19},"end":{"line":259,"column":20}}],"line":259},"21":{"loc":{"start":{"line":259,"column":22},"end":{"line":259,"column":32}},"type":"default-arg","locations":[{"start":{"line":259,"column":30},"end":{"line":259,"column":32}}],"line":259},"22":{"loc":{"start":{"line":263,"column":4},"end":{"line":263,"column":38}},"type":"if","locations":[{"start":{"line":263,"column":4},"end":{"line":263,"column":38}},{"start":{},"end":{}}],"line":263},"23":{"loc":{"start":{"line":264,"column":4},"end":{"line":264,"column":78}},"type":"if","locations":[{"start":{"line":264,"column":4},"end":{"line":264,"column":78}},{"start":{},"end":{}}],"line":264},"24":{"loc":{"start":{"line":265,"column":4},"end":{"line":269,"column":5}},"type":"if","locations":[{"start":{"line":265,"column":4},"end":{"line":269,"column":5}},{"start":{},"end":{}}],"line":265},"25":{"loc":{"start":{"line":265,"column":8},"end":{"line":265,"column":26}},"type":"binary-expr","locations":[{"start":{"line":265,"column":8},"end":{"line":265,"column":16}},{"start":{"line":265,"column":20},"end":{"line":265,"column":26}}],"line":265},"26":{"loc":{"start":{"line":267,"column":6},"end":{"line":267,"column":61}},"type":"if","locations":[{"start":{"line":267,"column":6},"end":{"line":267,"column":61}},{"start":{},"end":{}}],"line":267},"27":{"loc":{"start":{"line":268,"column":6},"end":{"line":268,"column":57}},"type":"if","locations":[{"start":{"line":268,"column":6},"end":{"line":268,"column":57}},{"start":{},"end":{}}],"line":268},"28":{"loc":{"start":{"line":307,"column":4},"end":{"line":307,"column":59}},"type":"if","locations":[{"start":{"line":307,"column":4},"end":{"line":307,"column":59}},{"start":{},"end":{}}],"line":307},"29":{"loc":{"start":{"line":320,"column":4},"end":{"line":320,"column":65}},"type":"if","locations":[{"start":{"line":320,"column":4},"end":{"line":320,"column":65}},{"start":{},"end":{}}],"line":320},"30":{"loc":{"start":{"line":323,"column":4},"end":{"line":323,"column":59}},"type":"if","locations":[{"start":{"line":323,"column":4},"end":{"line":323,"column":59}},{"start":{},"end":{}}],"line":323},"31":{"loc":{"start":{"line":354,"column":4},"end":{"line":354,"column":59}},"type":"if","locations":[{"start":{"line":354,"column":4},"end":{"line":354,"column":59}},{"start":{},"end":{}}],"line":354},"32":{"loc":{"start":{"line":386,"column":4},"end":{"line":386,"column":59}},"type":"if","locations":[{"start":{"line":386,"column":4},"end":{"line":386,"column":59}},{"start":{},"end":{}}],"line":386},"33":{"loc":{"start":{"line":388,"column":4},"end":{"line":390,"column":5}},"type":"if","locations":[{"start":{"line":388,"column":4},"end":{"line":390,"column":5}},{"start":{},"end":{}}],"line":388},"34":{"loc":{"start":{"line":450,"column":12},"end":{"line":450,"column":20}},"type":"default-arg","locations":[{"start":{"line":450,"column":19},"end":{"line":450,"column":20}}],"line":450},"35":{"loc":{"start":{"line":450,"column":22},"end":{"line":450,"column":32}},"type":"default-arg","locations":[{"start":{"line":450,"column":30},"end":{"line":450,"column":32}}],"line":450},"36":{"loc":{"start":{"line":454,"column":4},"end":{"line":454,"column":38}},"type":"if","locations":[{"start":{"line":454,"column":4},"end":{"line":454,"column":38}},{"start":{},"end":{}}],"line":454},"37":{"loc":{"start":{"line":487,"column":4},"end":{"line":487,"column":70}},"type":"if","locations":[{"start":{"line":487,"column":4},"end":{"line":487,"column":70}},{"start":{},"end":{}}],"line":487},"38":{"loc":{"start":{"line":500,"column":4},"end":{"line":500,"column":65}},"type":"if","locations":[{"start":{"line":500,"column":4},"end":{"line":500,"column":65}},{"start":{},"end":{}}],"line":500},"39":{"loc":{"start":{"line":503,"column":4},"end":{"line":503,"column":70}},"type":"if","locations":[{"start":{"line":503,"column":4},"end":{"line":503,"column":70}},{"start":{},"end":{}}],"line":503},"40":{"loc":{"start":{"line":533,"column":12},"end":{"line":533,"column":20}},"type":"default-arg","locations":[{"start":{"line":533,"column":19},"end":{"line":533,"column":20}}],"line":533},"41":{"loc":{"start":{"line":533,"column":22},"end":{"line":533,"column":32}},"type":"default-arg","locations":[{"start":{"line":533,"column":30},"end":{"line":533,"column":32}}],"line":533},"42":{"loc":{"start":{"line":537,"column":4},"end":{"line":537,"column":32}},"type":"if","locations":[{"start":{"line":537,"column":4},"end":{"line":537,"column":32}},{"start":{},"end":{}}],"line":537},"43":{"loc":{"start":{"line":538,"column":4},"end":{"line":538,"column":72}},"type":"if","locations":[{"start":{"line":538,"column":4},"end":{"line":538,"column":72}},{"start":{},"end":{}}],"line":538},"44":{"loc":{"start":{"line":574,"column":4},"end":{"line":574,"column":57}},"type":"if","locations":[{"start":{"line":574,"column":4},"end":{"line":574,"column":57}},{"start":{},"end":{}}],"line":574},"45":{"loc":{"start":{"line":590,"column":4},"end":{"line":590,"column":61}},"type":"if","locations":[{"start":{"line":590,"column":4},"end":{"line":590,"column":61}},{"start":{},"end":{}}],"line":590},"46":{"loc":{"start":{"line":593,"column":4},"end":{"line":593,"column":57}},"type":"if","locations":[{"start":{"line":593,"column":4},"end":{"line":593,"column":57}},{"start":{},"end":{}}],"line":593},"47":{"loc":{"start":{"line":622,"column":4},"end":{"line":622,"column":82}},"type":"if","locations":[{"start":{"line":622,"column":4},"end":{"line":622,"column":82}},{"start":{},"end":{}}],"line":622},"48":{"loc":{"start":{"line":625,"column":4},"end":{"line":625,"column":57}},"type":"if","locations":[{"start":{"line":625,"column":4},"end":{"line":625,"column":57}},{"start":{},"end":{}}],"line":625},"49":{"loc":{"start":{"line":637,"column":42},"end":{"line":637,"column":74}},"type":"cond-expr","locations":[{"start":{"line":637,"column":53},"end":{"line":637,"column":61}},{"start":{"line":637,"column":64},"end":{"line":637,"column":74}}],"line":637},"50":{"loc":{"start":{"line":643,"column":63},"end":{"line":643,"column":95}},"type":"cond-expr","locations":[{"start":{"line":643,"column":74},"end":{"line":643,"column":82}},{"start":{"line":643,"column":85},"end":{"line":643,"column":95}}],"line":643},"51":{"loc":{"start":{"line":655,"column":12},"end":{"line":655,"column":20}},"type":"default-arg","locations":[{"start":{"line":655,"column":19},"end":{"line":655,"column":20}}],"line":655},"52":{"loc":{"start":{"line":655,"column":22},"end":{"line":655,"column":32}},"type":"default-arg","locations":[{"start":{"line":655,"column":30},"end":{"line":655,"column":32}}],"line":655},"53":{"loc":{"start":{"line":659,"column":4},"end":{"line":659,"column":38}},"type":"if","locations":[{"start":{"line":659,"column":4},"end":{"line":659,"column":38}},{"start":{},"end":{}}],"line":659},"54":{"loc":{"start":{"line":688,"column":4},"end":{"line":688,"column":63}},"type":"if","locations":[{"start":{"line":688,"column":4},"end":{"line":688,"column":63}},{"start":{},"end":{}}],"line":688},"55":{"loc":{"start":{"line":728,"column":4},"end":{"line":728,"column":63}},"type":"if","locations":[{"start":{"line":728,"column":4},"end":{"line":728,"column":63}},{"start":{},"end":{}}],"line":728},"56":{"loc":{"start":{"line":734,"column":15},"end":{"line":734,"column":43}},"type":"binary-expr","locations":[{"start":{"line":734,"column":15},"end":{"line":734,"column":21}},{"start":{"line":734,"column":25},"end":{"line":734,"column":43}}],"line":734},"57":{"loc":{"start":{"line":767,"column":12},"end":{"line":767,"column":20}},"type":"default-arg","locations":[{"start":{"line":767,"column":19},"end":{"line":767,"column":20}}],"line":767},"58":{"loc":{"start":{"line":767,"column":22},"end":{"line":767,"column":32}},"type":"default-arg","locations":[{"start":{"line":767,"column":30},"end":{"line":767,"column":32}}],"line":767},"59":{"loc":{"start":{"line":771,"column":4},"end":{"line":771,"column":52}},"type":"if","locations":[{"start":{"line":771,"column":4},"end":{"line":771,"column":52}},{"start":{},"end":{}}],"line":771},"60":{"loc":{"start":{"line":772,"column":4},"end":{"line":772,"column":38}},"type":"if","locations":[{"start":{"line":772,"column":4},"end":{"line":772,"column":38}},{"start":{},"end":{}}],"line":772}},"s":{"0":0,"1":0,"2":0,"3":0,"4":0,"5":0,"6":0,"7":0,"8":0,"9":0,"10":0,"11":0,"12":0,"13":0,"14":0,"15":0,"16":0,"17":0,"18":0,"19":0,"20":0,"21":0,"22":0,"23":0,"24":0,"25":0,"26":0,"27":0,"28":0,"29":0,"30":0,"31":0,"32":0,"33":0,"34":0,"35":0,"36":0,"37":0,"38":0,"39":0,"40":0,"41":0,"42":0,"43":0,"44":0,"45":0,"46":0,"47":0,"48":0,"49":0,"50":0,"51":0,"52":0,"53":0,"54":0,"55":0,"56":0,"57":0,"58":0,"59":0,"60":0,"61":0,"62":0,"63":0,"64":0,"65":0,"66":0,"67":0,"68":0,"69":0,"70":0,"71":0,"72":0,"73":0,"74":0,"75":0,"76":0,"77":0,"78":0,"79":0,"80":0,"81":0,"82":0,"83":0,"84":0,"85":0,"86":0,"87":0,"88":0,"89":0,"90":0,"91":0,"92":0,"93":0,"94":0,"95":0,"96":0,"97":0,"98":0,"99":0,"100":0,"101":0,"102":0,"103":0,"104":0,"105":0,"106":0,"107":0,"108":0,"109":0,"110":0,"111":0,"112":0,"113":0,"114":0,"115":0,"116":0,"117":0,"118":0,"119":0,"120":0,"121":0,"122":0,"123":0,"124":0,"125":0,"126":0,"127":0,"128":0,"129":0,"130":0,"131":0,"132":0,"133":0,"134":0,"135":0,"136":0,"137":0,"138":0,"139":0,"140":0,"141":0,"142":0,"143":0,"144":0,"145":0,"146":0,"147":0,"148":0,"149":0,"150":0,"151":0,"152":0,"153":0,"154":0,"155":0,"156":0,"157":0,"158":0,"159":0,"160":0,"161":0,"162":0,"163":0,"164":0,"165":0,"166":0,"167":0,"168":0,"169":0,"170":0,"171":0,"172":0,"173":0,"174":0,"175":0,"176":0,"177":0,"178":0,"179":0,"180":0,"181":0,"182":0,"183":0,"184":0,"185":0,"186":0,"187":0,"188":0,"189":0,"190":0,"191":0,"192":0,"193":0,"194":0,"195":0,"196":0,"197":0,"198":0,"199":0,"200":0,"201":0,"202":0,"203":0,"204":0,"205":0,"206":0,"207":0,"208":0,"209":0,"210":0,"211":0,"212":0,"213":0,"214":0,"215":0,"216":0,"217":0,"218":0,"219":0,"220":0,"221":0,"222":0,"223":0,"224":0,"225":0,"226":0,"227":0,"228":0,"229":0,"230":0,"231":0,"232":0,"233":0,"234":0,"235":0,"236":0,"237":0,"238":0,"239":0,"240":0,"241":0,"242":0,"243":0,"244":0,"245":0,"246":0,"247":0,"248":0,"249":0,"250":0,"251":0,"252":0,"253":0,"254":0,"255":0},"f":{"0":0,"1":0,"2":0,"3":0,"4":0,"5":0,"6":0,"7":0,"8":0,"9":0,"10":0,"11":0,"12":0,"13":0,"14":0,"15":0,"16":0,"17":0,"18":0,"19":0,"20":0,"21":0,"22":0,"23":0,"24":0,"25":0,"26":0,"27":0,"28":0,"29":0,"30":0,"31":0,"32":0,"33":0,"34":0,"35":0},"b":{"0":[0,0],"1":[0],"2":[0],"3":[0,0],"4":[0,0],"5":[0,0],"6":[0,0],"7":[0,0,0,0,0],"8":[0,0],"9":[0,0],"10":[0,0],"11":[0,0],"12":[0,0],"13":[0,0],"14":[0,0],"15":[0,0],"16":[0,0],"17":[0,0],"18":[0,0],"19":[0,0],"20":[0],"21":[0],"22":[0,0],"23":[0,0],"24":[0,0],"25":[0,0],"26":[0,0],"27":[0,0],"28":[0,0],"29":[0,0],"30":[0,0],"31":[0,0],"32":[0,0],"33":[0,0],"34":[0],"35":[0],"36":[0,0],"37":[0,0],"38":[0,0],"39":[0,0],"40":[0],"41":[0],"42":[0,0],"43":[0,0],"44":[0,0],"45":[0,0],"46":[0,0],"47":[0,0],"48":[0,0],"49":[0,0],"50":[0,0],"51":[0],"52":[0],"53":[0,0],"54":[0,0],"55":[0,0],"56":[0,0],"57":[0],"58":[0],"59":[0,0],"60":[0,0]}}
,"D:\\projects\\arianation-crm-ecommerce\\src\\controllers\\analyticsController.js": {"path":"D:\\projects\\arianation-crm-ecommerce\\src\\controllers\\analyticsController.js","statementMap":{"0":{"start":{"line":3,"column":15},"end":{"line":3,"column":44}},"1":{"start":{"line":4,"column":24},"end":{"line":4,"column":52}},"2":{"start":{"line":10,"column":26},"end":{"line":56,"column":1}},"3":{"start":{"line":11,"column":2},"end":{"line":55,"column":3}},"4":{"start":{"line":12,"column":44},"end":{"line":12,"column":53}},"5":{"start":{"line":13,"column":20},"end":{"line":13,"column":30}},"6":{"start":{"line":14,"column":4},"end":{"line":14,"column":60}},"7":{"start":{"line":17,"column":19},"end":{"line":23,"column":6}},"8":{"start":{"line":26,"column":24},"end":{"line":26,"column":26}},"9":{"start":{"line":27,"column":4},"end":{"line":40,"column":7}},"10":{"start":{"line":28,"column":19},"end":{"line":28,"column":62}},"11":{"start":{"line":29,"column":6},"end":{"line":36,"column":7}},"12":{"start":{"line":30,"column":8},"end":{"line":35,"column":10}},"13":{"start":{"line":37,"column":6},"end":{"line":37,"column":36}},"14":{"start":{"line":38,"column":6},"end":{"line":38,"column":52}},"15":{"start":{"line":39,"column":6},"end":{"line":39,"column":53}},"16":{"start":{"line":42,"column":17},"end":{"line":42,"column":95}},"17":{"start":{"line":42,"column":59},"end":{"line":42,"column":94}},"18":{"start":{"line":44,"column":4},"end":{"line":52,"column":49}},"19":{"start":{"line":49,"column":46},"end":{"line":49,"column":66}},"20":{"start":{"line":50,"column":48},"end":{"line":50,"column":67}},"21":{"start":{"line":54,"column":4},"end":{"line":54,"column":16}},"22":{"start":{"line":62,"column":28},"end":{"line":125,"column":1}},"23":{"start":{"line":63,"column":2},"end":{"line":124,"column":3}},"24":{"start":{"line":64,"column":26},"end":{"line":64,"column":35}},"25":{"start":{"line":65,"column":20},"end":{"line":65,"column":30}},"26":{"start":{"line":66,"column":4},"end":{"line":66,"column":60}},"27":{"start":{"line":69,"column":30},"end":{"line":79,"column":6}},"28":{"start":{"line":82,"column":28},"end":{"line":96,"column":5}},"29":{"start":{"line":84,"column":24},"end":{"line":87,"column":10}},"30":{"start":{"line":88,"column":8},"end":{"line":94,"column":10}},"31":{"start":{"line":99,"column":25},"end":{"line":99,"column":85}},"32":{"start":{"line":99,"column":63},"end":{"line":99,"column":81}},"33":{"start":{"line":102,"column":33},"end":{"line":110,"column":6}},"34":{"start":{"line":112,"column":4},"end":{"line":121,"column":51}},"35":{"start":{"line":115,"column":49},"end":{"line":115,"column":70}},"36":{"start":{"line":116,"column":59},"end":{"line":120,"column":7}},"37":{"start":{"line":123,"column":4},"end":{"line":123,"column":16}},"38":{"start":{"line":131,"column":26},"end":{"line":182,"column":1}},"39":{"start":{"line":132,"column":2},"end":{"line":181,"column":3}},"40":{"start":{"line":133,"column":26},"end":{"line":133,"column":35}},"41":{"start":{"line":134,"column":20},"end":{"line":134,"column":30}},"42":{"start":{"line":135,"column":4},"end":{"line":135,"column":60}},"43":{"start":{"line":138,"column":27},"end":{"line":143,"column":6}},"44":{"start":{"line":146,"column":25},"end":{"line":149,"column":6}},"45":{"start":{"line":151,"column":20},"end":{"line":151,"column":22}},"46":{"start":{"line":152,"column":4},"end":{"line":159,"column":7}},"47":{"start":{"line":153,"column":19},"end":{"line":153,"column":62}},"48":{"start":{"line":154,"column":6},"end":{"line":156,"column":7}},"49":{"start":{"line":155,"column":8},"end":{"line":155,"column":55}},"50":{"start":{"line":157,"column":6},"end":{"line":157,"column":31}},"51":{"start":{"line":158,"column":6},"end":{"line":158,"column":49}},"52":{"start":{"line":162,"column":26},"end":{"line":164,"column":9}},"53":{"start":{"line":163,"column":40},"end":{"line":163,"column":59}},"54":{"start":{"line":166,"column":4},"end":{"line":178,"column":49}},"55":{"start":{"line":168,"column":46},"end":{"line":172,"column":7}},"56":{"start":{"line":173,"column":52},"end":{"line":173,"column":87}},"57":{"start":{"line":180,"column":4},"end":{"line":180,"column":16}},"58":{"start":{"line":188,"column":29},"end":{"line":252,"column":1}},"59":{"start":{"line":189,"column":2},"end":{"line":251,"column":3}},"60":{"start":{"line":190,"column":26},"end":{"line":190,"column":35}},"61":{"start":{"line":191,"column":20},"end":{"line":191,"column":30}},"62":{"start":{"line":192,"column":4},"end":{"line":192,"column":60}},"63":{"start":{"line":195,"column":27},"end":{"line":197,"column":6}},"64":{"start":{"line":200,"column":25},"end":{"line":205,"column":6}},"65":{"start":{"line":208,"column":26},"end":{"line":211,"column":6}},"66":{"start":{"line":214,"column":25},"end":{"line":221,"column":6}},"67":{"start":{"line":223,"column":31},"end":{"line":237,"column":5}},"68":{"start":{"line":225,"column":21},"end":{"line":228,"column":10}},"69":{"start":{"line":229,"column":8},"end":{"line":235,"column":10}},"70":{"start":{"line":239,"column":4},"end":{"line":248,"column":52}},"71":{"start":{"line":243,"column":43},"end":{"line":246,"column":7}},"72":{"start":{"line":250,"column":4},"end":{"line":250,"column":16}},"73":{"start":{"line":258,"column":27},"end":{"line":322,"column":1}},"74":{"start":{"line":259,"column":2},"end":{"line":321,"column":3}},"75":{"start":{"line":260,"column":26},"end":{"line":260,"column":35}},"76":{"start":{"line":261,"column":20},"end":{"line":261,"column":30}},"77":{"start":{"line":262,"column":4},"end":{"line":262,"column":60}},"78":{"start":{"line":265,"column":28},"end":{"line":269,"column":6}},"79":{"start":{"line":272,"column":25},"end":{"line":274,"column":6}},"80":{"start":{"line":277,"column":26},"end":{"line":281,"column":6}},"81":{"start":{"line":284,"column":20},"end":{"line":287,"column":6}},"82":{"start":{"line":289,"column":26},"end":{"line":289,"column":28}},"83":{"start":{"line":290,"column":4},"end":{"line":298,"column":7}},"84":{"start":{"line":291,"column":19},"end":{"line":291,"column":63}},"85":{"start":{"line":292,"column":6},"end":{"line":294,"column":7}},"86":{"start":{"line":293,"column":8},"end":{"line":293,"column":79}},"87":{"start":{"line":295,"column":6},"end":{"line":295,"column":41}},"88":{"start":{"line":296,"column":6},"end":{"line":296,"column":74}},"89":{"start":{"line":296,"column":40},"end":{"line":296,"column":74}},"90":{"start":{"line":297,"column":6},"end":{"line":297,"column":74}},"91":{"start":{"line":297,"column":40},"end":{"line":297,"column":74}},"92":{"start":{"line":301,"column":21},"end":{"line":301,"column":95}},"93":{"start":{"line":301,"column":52},"end":{"line":301,"column":78}},"94":{"start":{"line":302,"column":21},"end":{"line":302,"column":95}},"95":{"start":{"line":302,"column":52},"end":{"line":302,"column":78}},"96":{"start":{"line":303,"column":25},"end":{"line":303,"column":91}},"97":{"start":{"line":305,"column":4},"end":{"line":318,"column":50}},"98":{"start":{"line":309,"column":47},"end":{"line":312,"column":7}},"99":{"start":{"line":313,"column":50},"end":{"line":316,"column":7}},"100":{"start":{"line":317,"column":58},"end":{"line":317,"column":93}},"101":{"start":{"line":320,"column":4},"end":{"line":320,"column":16}},"102":{"start":{"line":324,"column":0},"end":{"line":330,"column":2}}},"fnMap":{"0":{"name":"(anonymous_0)","decl":{"start":{"line":10,"column":26},"end":{"line":10,"column":27}},"loc":{"start":{"line":10,"column":52},"end":{"line":56,"column":1}},"line":10},"1":{"name":"(anonymous_1)","decl":{"start":{"line":27,"column":19},"end":{"line":27,"column":20}},"loc":{"start":{"line":27,"column":30},"end":{"line":40,"column":5}},"line":27},"2":{"name":"(anonymous_2)","decl":{"start":{"line":42,"column":49},"end":{"line":42,"column":50}},"loc":{"start":{"line":42,"column":59},"end":{"line":42,"column":94}},"line":42},"3":{"name":"(anonymous_3)","decl":{"start":{"line":49,"column":34},"end":{"line":49,"column":35}},"loc":{"start":{"line":49,"column":46},"end":{"line":49,"column":66}},"line":49},"4":{"name":"(anonymous_4)","decl":{"start":{"line":50,"column":36},"end":{"line":50,"column":37}},"loc":{"start":{"line":50,"column":48},"end":{"line":50,"column":67}},"line":50},"5":{"name":"(anonymous_5)","decl":{"start":{"line":62,"column":28},"end":{"line":62,"column":29}},"loc":{"start":{"line":62,"column":54},"end":{"line":125,"column":1}},"line":62},"6":{"name":"(anonymous_6)","decl":{"start":{"line":83,"column":28},"end":{"line":83,"column":29}},"loc":{"start":{"line":83,"column":44},"end":{"line":95,"column":7}},"line":83},"7":{"name":"(anonymous_7)","decl":{"start":{"line":99,"column":48},"end":{"line":99,"column":49}},"loc":{"start":{"line":99,"column":63},"end":{"line":99,"column":81}},"line":99},"8":{"name":"(anonymous_8)","decl":{"start":{"line":115,"column":39},"end":{"line":115,"column":40}},"loc":{"start":{"line":115,"column":49},"end":{"line":115,"column":70}},"line":115},"9":{"name":"(anonymous_9)","decl":{"start":{"line":116,"column":48},"end":{"line":116,"column":49}},"loc":{"start":{"line":116,"column":59},"end":{"line":120,"column":7}},"line":116},"10":{"name":"(anonymous_10)","decl":{"start":{"line":131,"column":26},"end":{"line":131,"column":27}},"loc":{"start":{"line":131,"column":52},"end":{"line":182,"column":1}},"line":131},"11":{"name":"(anonymous_11)","decl":{"start":{"line":152,"column":25},"end":{"line":152,"column":26}},"loc":{"start":{"line":152,"column":36},"end":{"line":159,"column":5}},"line":152},"12":{"name":"(anonymous_12)","decl":{"start":{"line":163,"column":28},"end":{"line":163,"column":29}},"loc":{"start":{"line":163,"column":40},"end":{"line":163,"column":59}},"line":163},"13":{"name":"(anonymous_13)","decl":{"start":{"line":168,"column":35},"end":{"line":168,"column":36}},"loc":{"start":{"line":168,"column":46},"end":{"line":172,"column":7}},"line":168},"14":{"name":"(anonymous_14)","decl":{"start":{"line":173,"column":42},"end":{"line":173,"column":43}},"loc":{"start":{"line":173,"column":52},"end":{"line":173,"column":87}},"line":173},"15":{"name":"(anonymous_15)","decl":{"start":{"line":188,"column":29},"end":{"line":188,"column":30}},"loc":{"start":{"line":188,"column":55},"end":{"line":252,"column":1}},"line":188},"16":{"name":"(anonymous_16)","decl":{"start":{"line":224,"column":23},"end":{"line":224,"column":24}},"loc":{"start":{"line":224,"column":39},"end":{"line":236,"column":7}},"line":224},"17":{"name":"(anonymous_17)","decl":{"start":{"line":243,"column":32},"end":{"line":243,"column":33}},"loc":{"start":{"line":243,"column":43},"end":{"line":246,"column":7}},"line":243},"18":{"name":"(anonymous_18)","decl":{"start":{"line":258,"column":27},"end":{"line":258,"column":28}},"loc":{"start":{"line":258,"column":53},"end":{"line":322,"column":1}},"line":258},"19":{"name":"(anonymous_19)","decl":{"start":{"line":290,"column":20},"end":{"line":290,"column":21}},"loc":{"start":{"line":290,"column":32},"end":{"line":298,"column":5}},"line":290},"20":{"name":"(anonymous_20)","decl":{"start":{"line":301,"column":42},"end":{"line":301,"column":43}},"loc":{"start":{"line":301,"column":52},"end":{"line":301,"column":78}},"line":301},"21":{"name":"(anonymous_21)","decl":{"start":{"line":302,"column":42},"end":{"line":302,"column":43}},"loc":{"start":{"line":302,"column":52},"end":{"line":302,"column":78}},"line":302},"22":{"name":"(anonymous_22)","decl":{"start":{"line":309,"column":36},"end":{"line":309,"column":37}},"loc":{"start":{"line":309,"column":47},"end":{"line":312,"column":7}},"line":309},"23":{"name":"(anonymous_23)","decl":{"start":{"line":313,"column":39},"end":{"line":313,"column":40}},"loc":{"start":{"line":313,"column":50},"end":{"line":316,"column":7}},"line":313},"24":{"name":"(anonymous_24)","decl":{"start":{"line":317,"column":48},"end":{"line":317,"column":49}},"loc":{"start":{"line":317,"column":58},"end":{"line":317,"column":93}},"line":317}},"branchMap":{"0":{"loc":{"start":{"line":12,"column":12},"end":{"line":12,"column":21}},"type":"default-arg","locations":[{"start":{"line":12,"column":19},"end":{"line":12,"column":21}}],"line":12},"1":{"loc":{"start":{"line":12,"column":23},"end":{"line":12,"column":39}},"type":"default-arg","locations":[{"start":{"line":12,"column":32},"end":{"line":12,"column":39}}],"line":12},"2":{"loc":{"start":{"line":29,"column":6},"end":{"line":36,"column":7}},"type":"if","locations":[{"start":{"line":29,"column":6},"end":{"line":36,"column":7}},{"start":{},"end":{}}],"line":29},"3":{"loc":{"start":{"line":64,"column":12},"end":{"line":64,"column":21}},"type":"default-arg","locations":[{"start":{"line":64,"column":19},"end":{"line":64,"column":21}}],"line":64},"4":{"loc":{"start":{"line":89,"column":20},"end":{"line":89,"column":63}},"type":"binary-expr","locations":[{"start":{"line":89,"column":20},"end":{"line":89,"column":50}},{"start":{"line":89,"column":54},"end":{"line":89,"column":63}}],"line":89},"5":{"loc":{"start":{"line":92,"column":19},"end":{"line":92,"column":42}},"type":"binary-expr","locations":[{"start":{"line":92,"column":19},"end":{"line":92,"column":37}},{"start":{"line":92,"column":41},"end":{"line":92,"column":42}}],"line":92},"6":{"loc":{"start":{"line":118,"column":17},"end":{"line":118,"column":38}},"type":"binary-expr","locations":[{"start":{"line":118,"column":17},"end":{"line":118,"column":33}},{"start":{"line":118,"column":37},"end":{"line":118,"column":38}}],"line":118},"7":{"loc":{"start":{"line":133,"column":12},"end":{"line":133,"column":21}},"type":"default-arg","locations":[{"start":{"line":133,"column":19},"end":{"line":133,"column":21}}],"line":133},"8":{"loc":{"start":{"line":154,"column":6},"end":{"line":156,"column":7}},"type":"if","locations":[{"start":{"line":154,"column":6},"end":{"line":156,"column":7}},{"start":{},"end":{}}],"line":154},"9":{"loc":{"start":{"line":162,"column":26},"end":{"line":164,"column":9}},"type":"cond-expr","locations":[{"start":{"line":163,"column":8},"end":{"line":163,"column":85}},{"start":{"line":164,"column":8},"end":{"line":164,"column":9}}],"line":162},"10":{"loc":{"start":{"line":171,"column":17},"end":{"line":171,"column":43}},"type":"binary-expr","locations":[{"start":{"line":171,"column":17},"end":{"line":171,"column":38}},{"start":{"line":171,"column":42},"end":{"line":171,"column":43}}],"line":171},"11":{"loc":{"start":{"line":190,"column":12},"end":{"line":190,"column":21}},"type":"default-arg","locations":[{"start":{"line":190,"column":19},"end":{"line":190,"column":21}}],"line":190},"12":{"loc":{"start":{"line":233,"column":22},"end":{"line":233,"column":48}},"type":"binary-expr","locations":[{"start":{"line":233,"column":22},"end":{"line":233,"column":43}},{"start":{"line":233,"column":47},"end":{"line":233,"column":48}}],"line":233},"13":{"loc":{"start":{"line":260,"column":12},"end":{"line":260,"column":21}},"type":"default-arg","locations":[{"start":{"line":260,"column":19},"end":{"line":260,"column":21}}],"line":260},"14":{"loc":{"start":{"line":292,"column":6},"end":{"line":294,"column":7}},"type":"if","locations":[{"start":{"line":292,"column":6},"end":{"line":294,"column":7}},{"start":{},"end":{}}],"line":292},"15":{"loc":{"start":{"line":296,"column":6},"end":{"line":296,"column":74}},"type":"if","locations":[{"start":{"line":296,"column":6},"end":{"line":296,"column":74}},{"start":{},"end":{}}],"line":296},"16":{"loc":{"start":{"line":297,"column":6},"end":{"line":297,"column":74}},"type":"if","locations":[{"start":{"line":297,"column":6},"end":{"line":297,"column":74}},{"start":{},"end":{}}],"line":297},"17":{"loc":{"start":{"line":301,"column":21},"end":{"line":301,"column":95}},"type":"binary-expr","locations":[{"start":{"line":301,"column":21},"end":{"line":301,"column":90}},{"start":{"line":301,"column":94},"end":{"line":301,"column":95}}],"line":301},"18":{"loc":{"start":{"line":302,"column":21},"end":{"line":302,"column":95}},"type":"binary-expr","locations":[{"start":{"line":302,"column":21},"end":{"line":302,"column":90}},{"start":{"line":302,"column":94},"end":{"line":302,"column":95}}],"line":302},"19":{"loc":{"start":{"line":303,"column":25},"end":{"line":303,"column":91}},"type":"cond-expr","locations":[{"start":{"line":303,"column":44},"end":{"line":303,"column":87}},{"start":{"line":303,"column":90},"end":{"line":303,"column":91}}],"line":303},"20":{"loc":{"start":{"line":314,"column":14},"end":{"line":314,"column":56}},"type":"binary-expr","locations":[{"start":{"line":314,"column":14},"end":{"line":314,"column":39}},{"start":{"line":314,"column":43},"end":{"line":314,"column":56}}],"line":314}},"s":{"0":0,"1":0,"2":0,"3":0,"4":0,"5":0,"6":0,"7":0,"8":0,"9":0,"10":0,"11":0,"12":0,"13":0,"14":0,"15":0,"16":0,"17":0,"18":0,"19":0,"20":0,"21":0,"22":0,"23":0,"24":0,"25":0,"26":0,"27":0,"28":0,"29":0,"30":0,"31":0,"32":0,"33":0,"34":0,"35":0,"36":0,"37":0,"38":0,"39":0,"40":0,"41":0,"42":0,"43":0,"44":0,"45":0,"46":0,"47":0,"48":0,"49":0,"50":0,"51":0,"52":0,"53":0,"54":0,"55":0,"56":0,"57":0,"58":0,"59":0,"60":0,"61":0,"62":0,"63":0,"64":0,"65":0,"66":0,"67":0,"68":0,"69":0,"70":0,"71":0,"72":0,"73":0,"74":0,"75":0,"76":0,"77":0,"78":0,"79":0,"80":0,"81":0,"82":0,"83":0,"84":0,"85":0,"86":0,"87":0,"88":0,"89":0,"90":0,"91":0,"92":0,"93":0,"94":0,"95":0,"96":0,"97":0,"98":0,"99":0,"100":0,"101":0,"102":0},"f":{"0":0,"1":0,"2":0,"3":0,"4":0,"5":0,"6":0,"7":0,"8":0,"9":0,"10":0,"11":0,"12":0,"13":0,"14":0,"15":0,"16":0,"17":0,"18":0,"19":0,"20":0,"21":0,"22":0,"23":0,"24":0},"b":{"0":[0],"1":[0],"2":[0,0],"3":[0],"4":[0,0],"5":[0,0],"6":[0,0],"7":[0],"8":[0,0],"9":[0,0],"10":[0,0],"11":[0],"12":[0,0],"13":[0],"14":[0,0],"15":[0,0],"16":[0,0],"17":[0,0],"18":[0,0],"19":[0,0],"20":[0,0]}}
,"D:\\projects\\arianation-crm-ecommerce\\src\\controllers\\authController.js": {"path":"D:\\projects\\arianation-crm-ecommerce\\src\\controllers\\authController.js","statementMap":{"0":{"start":{"line":3,"column":15},"end":{"line":3,"column":44}},"1":{"start":{"line":4,"column":42},"end":{"line":4,"column":70}},"2":{"start":{"line":5,"column":61},"end":{"line":5,"column":84}},"3":{"start":{"line":6,"column":37},"end":{"line":6,"column":65}},"4":{"start":{"line":7,"column":62},"end":{"line":7,"column":88}},"5":{"start":{"line":8,"column":21},"end":{"line":8,"column":50}},"6":{"start":{"line":10,"column":22},"end":{"line":15,"column":1}},"7":{"start":{"line":17,"column":17},"end":{"line":72,"column":1}},"8":{"start":{"line":18,"column":2},"end":{"line":71,"column":3}},"9":{"start":{"line":19,"column":49},"end":{"line":19,"column":57}},"10":{"start":{"line":21,"column":25},"end":{"line":21,"column":75}},"11":{"start":{"line":22,"column":4},"end":{"line":24,"column":5}},"12":{"start":{"line":23,"column":6},"end":{"line":23,"column":58}},"13":{"start":{"line":26,"column":27},"end":{"line":26,"column":55}},"14":{"start":{"line":28,"column":17},"end":{"line":60,"column":6}},"15":{"start":{"line":29,"column":26},"end":{"line":45,"column":8}},"16":{"start":{"line":47,"column":6},"end":{"line":49,"column":9}},"17":{"start":{"line":51,"column":6},"end":{"line":53,"column":9}},"18":{"start":{"line":55,"column":6},"end":{"line":57,"column":9}},"19":{"start":{"line":59,"column":6},"end":{"line":59,"column":25}},"20":{"start":{"line":62,"column":18},"end":{"line":62,"column":84}},"21":{"start":{"line":63,"column":25},"end":{"line":63,"column":62}},"22":{"start":{"line":65,"column":4},"end":{"line":65,"column":83}},"23":{"start":{"line":66,"column":4},"end":{"line":66,"column":100}},"24":{"start":{"line":68,"column":4},"end":{"line":68,"column":91}},"25":{"start":{"line":70,"column":4},"end":{"line":70,"column":16}},"26":{"start":{"line":74,"column":14},"end":{"line":116,"column":1}},"27":{"start":{"line":75,"column":2},"end":{"line":115,"column":3}},"28":{"start":{"line":76,"column":32},"end":{"line":76,"column":40}},"29":{"start":{"line":78,"column":17},"end":{"line":89,"column":6}},"30":{"start":{"line":91,"column":4},"end":{"line":93,"column":5}},"31":{"start":{"line":92,"column":6},"end":{"line":92,"column":71}},"32":{"start":{"line":95,"column":4},"end":{"line":97,"column":5}},"33":{"start":{"line":96,"column":6},"end":{"line":96,"column":68}},"34":{"start":{"line":99,"column":28},"end":{"line":99,"column":74}},"35":{"start":{"line":100,"column":4},"end":{"line":102,"column":5}},"36":{"start":{"line":101,"column":6},"end":{"line":101,"column":71}},"37":{"start":{"line":104,"column":18},"end":{"line":104,"column":84}},"38":{"start":{"line":105,"column":25},"end":{"line":105,"column":62}},"39":{"start":{"line":107,"column":4},"end":{"line":107,"column":83}},"40":{"start":{"line":108,"column":4},"end":{"line":108,"column":100}},"41":{"start":{"line":110,"column":65},"end":{"line":110,"column":69}},"42":{"start":{"line":112,"column":4},"end":{"line":112,"column":109}},"43":{"start":{"line":114,"column":4},"end":{"line":114,"column":16}},"44":{"start":{"line":118,"column":15},"end":{"line":126,"column":1}},"45":{"start":{"line":119,"column":2},"end":{"line":125,"column":3}},"46":{"start":{"line":120,"column":4},"end":{"line":120,"column":57}},"47":{"start":{"line":121,"column":4},"end":{"line":121,"column":58}},"48":{"start":{"line":122,"column":4},"end":{"line":122,"column":64}},"49":{"start":{"line":124,"column":4},"end":{"line":124,"column":16}},"50":{"start":{"line":128,"column":21},"end":{"line":157,"column":1}},"51":{"start":{"line":129,"column":2},"end":{"line":156,"column":3}},"52":{"start":{"line":130,"column":18},"end":{"line":130,"column":68}},"53":{"start":{"line":132,"column":4},"end":{"line":134,"column":5}},"54":{"start":{"line":133,"column":6},"end":{"line":133,"column":65}},"55":{"start":{"line":136,"column":20},"end":{"line":136,"column":38}},"56":{"start":{"line":138,"column":17},"end":{"line":141,"column":6}},"57":{"start":{"line":143,"column":4},"end":{"line":145,"column":5}},"58":{"start":{"line":144,"column":6},"end":{"line":144,"column":74}},"59":{"start":{"line":147,"column":21},"end":{"line":147,"column":87}},"60":{"start":{"line":148,"column":28},"end":{"line":148,"column":65}},"61":{"start":{"line":150,"column":4},"end":{"line":150,"column":86}},"62":{"start":{"line":151,"column":4},"end":{"line":151,"column":103}},"63":{"start":{"line":153,"column":4},"end":{"line":153,"column":112}},"64":{"start":{"line":155,"column":4},"end":{"line":155,"column":16}},"65":{"start":{"line":159,"column":14},"end":{"line":182,"column":1}},"66":{"start":{"line":160,"column":2},"end":{"line":181,"column":3}},"67":{"start":{"line":161,"column":17},"end":{"line":176,"column":6}},"68":{"start":{"line":178,"column":4},"end":{"line":178,"column":68}},"69":{"start":{"line":180,"column":4},"end":{"line":180,"column":16}},"70":{"start":{"line":184,"column":0},"end":{"line":184,"column":66}}},"fnMap":{"0":{"name":"(anonymous_0)","decl":{"start":{"line":17,"column":17},"end":{"line":17,"column":18}},"loc":{"start":{"line":17,"column":43},"end":{"line":72,"column":1}},"line":17},"1":{"name":"(anonymous_1)","decl":{"start":{"line":28,"column":43},"end":{"line":28,"column":44}},"loc":{"start":{"line":28,"column":57},"end":{"line":60,"column":5}},"line":28},"2":{"name":"(anonymous_2)","decl":{"start":{"line":74,"column":14},"end":{"line":74,"column":15}},"loc":{"start":{"line":74,"column":40},"end":{"line":116,"column":1}},"line":74},"3":{"name":"(anonymous_3)","decl":{"start":{"line":118,"column":15},"end":{"line":118,"column":16}},"loc":{"start":{"line":118,"column":41},"end":{"line":126,"column":1}},"line":118},"4":{"name":"(anonymous_4)","decl":{"start":{"line":128,"column":21},"end":{"line":128,"column":22}},"loc":{"start":{"line":128,"column":47},"end":{"line":157,"column":1}},"line":128},"5":{"name":"(anonymous_5)","decl":{"start":{"line":159,"column":14},"end":{"line":159,"column":15}},"loc":{"start":{"line":159,"column":40},"end":{"line":182,"column":1}},"line":159}},"branchMap":{"0":{"loc":{"start":{"line":22,"column":4},"end":{"line":24,"column":5}},"type":"if","locations":[{"start":{"line":22,"column":4},"end":{"line":24,"column":5}},{"start":{},"end":{}}],"line":22},"1":{"loc":{"start":{"line":34,"column":17},"end":{"line":34,"column":30}},"type":"binary-expr","locations":[{"start":{"line":34,"column":17},"end":{"line":34,"column":22}},{"start":{"line":34,"column":26},"end":{"line":34,"column":30}}],"line":34},"2":{"loc":{"start":{"line":91,"column":4},"end":{"line":93,"column":5}},"type":"if","locations":[{"start":{"line":91,"column":4},"end":{"line":93,"column":5}},{"start":{},"end":{}}],"line":91},"3":{"loc":{"start":{"line":95,"column":4},"end":{"line":97,"column":5}},"type":"if","locations":[{"start":{"line":95,"column":4},"end":{"line":97,"column":5}},{"start":{},"end":{}}],"line":95},"4":{"loc":{"start":{"line":100,"column":4},"end":{"line":102,"column":5}},"type":"if","locations":[{"start":{"line":100,"column":4},"end":{"line":102,"column":5}},{"start":{},"end":{}}],"line":100},"5":{"loc":{"start":{"line":130,"column":18},"end":{"line":130,"column":68}},"type":"binary-expr","locations":[{"start":{"line":130,"column":18},"end":{"line":130,"column":39}},{"start":{"line":130,"column":43},"end":{"line":130,"column":68}}],"line":130},"6":{"loc":{"start":{"line":132,"column":4},"end":{"line":134,"column":5}},"type":"if","locations":[{"start":{"line":132,"column":4},"end":{"line":134,"column":5}},{"start":{},"end":{}}],"line":132},"7":{"loc":{"start":{"line":143,"column":4},"end":{"line":145,"column":5}},"type":"if","locations":[{"start":{"line":143,"column":4},"end":{"line":145,"column":5}},{"start":{},"end":{}}],"line":143},"8":{"loc":{"start":{"line":143,"column":8},"end":{"line":143,"column":31}},"type":"binary-expr","locations":[{"start":{"line":143,"column":8},"end":{"line":143,"column":13}},{"start":{"line":143,"column":17},"end":{"line":143,"column":31}}],"line":143}},"s":{"0":0,"1":0,"2":0,"3":0,"4":0,"5":0,"6":0,"7":0,"8":0,"9":0,"10":0,"11":0,"12":0,"13":0,"14":0,"15":0,"16":0,"17":0,"18":0,"19":0,"20":0,"21":0,"22":0,"23":0,"24":0,"25":0,"26":0,"27":0,"28":0,"29":0,"30":0,"31":0,"32":0,"33":0,"34":0,"35":0,"36":0,"37":0,"38":0,"39":0,"40":0,"41":0,"42":0,"43":0,"44":0,"45":0,"46":0,"47":0,"48":0,"49":0,"50":0,"51":0,"52":0,"53":0,"54":0,"55":0,"56":0,"57":0,"58":0,"59":0,"60":0,"61":0,"62":0,"63":0,"64":0,"65":0,"66":0,"67":0,"68":0,"69":0,"70":0},"f":{"0":0,"1":0,"2":0,"3":0,"4":0,"5":0},"b":{"0":[0,0],"1":[0,0],"2":[0,0],"3":[0,0],"4":[0,0],"5":[0,0],"6":[0,0],"7":[0,0],"8":[0,0]}}
,"D:\\projects\\arianation-crm-ecommerce\\src\\controllers\\cartController.js": {"path":"D:\\projects\\arianation-crm-ecommerce\\src\\controllers\\cartController.js","statementMap":{"0":{"start":{"line":3,"column":15},"end":{"line":3,"column":44}},"1":{"start":{"line":4,"column":24},"end":{"line":4,"column":52}},"2":{"start":{"line":5,"column":43},"end":{"line":5,"column":69}},"3":{"start":{"line":6,"column":21},"end":{"line":6,"column":50}},"4":{"start":{"line":8,"column":16},"end":{"line":38,"column":1}},"5":{"start":{"line":9,"column":2},"end":{"line":37,"column":3}},"6":{"start":{"line":10,"column":19},"end":{"line":10,"column":30}},"7":{"start":{"line":12,"column":15},"end":{"line":23,"column":6}},"8":{"start":{"line":25,"column":4},"end":{"line":30,"column":5}},"9":{"start":{"line":26,"column":6},"end":{"line":29,"column":9}},"10":{"start":{"line":32,"column":24},"end":{"line":32,"column":80}},"11":{"start":{"line":32,"column":57},"end":{"line":32,"column":76}},"12":{"start":{"line":34,"column":4},"end":{"line":34,"column":75}},"13":{"start":{"line":36,"column":4},"end":{"line":36,"column":16}},"14":{"start":{"line":40,"column":18},"end":{"line":104,"column":1}},"15":{"start":{"line":41,"column":2},"end":{"line":103,"column":3}},"16":{"start":{"line":42,"column":19},"end":{"line":42,"column":30}},"17":{"start":{"line":43,"column":47},"end":{"line":43,"column":55}},"18":{"start":{"line":45,"column":20},"end":{"line":45,"column":81}},"19":{"start":{"line":46,"column":4},"end":{"line":48,"column":5}},"20":{"start":{"line":47,"column":6},"end":{"line":47,"column":58}},"21":{"start":{"line":50,"column":20},"end":{"line":50,"column":33}},"22":{"start":{"line":52,"column":4},"end":{"line":58,"column":5}},"23":{"start":{"line":53,"column":22},"end":{"line":53,"column":90}},"24":{"start":{"line":54,"column":6},"end":{"line":56,"column":7}},"25":{"start":{"line":55,"column":8},"end":{"line":55,"column":61}},"26":{"start":{"line":57,"column":6},"end":{"line":57,"column":43}},"27":{"start":{"line":60,"column":15},"end":{"line":60,"column":74}},"28":{"start":{"line":61,"column":4},"end":{"line":63,"column":5}},"29":{"start":{"line":62,"column":6},"end":{"line":62,"column":68}},"30":{"start":{"line":65,"column":25},"end":{"line":67,"column":6}},"31":{"start":{"line":70,"column":4},"end":{"line":98,"column":5}},"32":{"start":{"line":71,"column":26},"end":{"line":71,"column":58}},"33":{"start":{"line":72,"column":6},"end":{"line":82,"column":9}},"34":{"start":{"line":84,"column":6},"end":{"line":97,"column":9}},"35":{"start":{"line":100,"column":4},"end":{"line":100,"column":64}},"36":{"start":{"line":102,"column":4},"end":{"line":102,"column":16}},"37":{"start":{"line":106,"column":23},"end":{"line":145,"column":1}},"38":{"start":{"line":107,"column":2},"end":{"line":144,"column":3}},"39":{"start":{"line":108,"column":19},"end":{"line":108,"column":30}},"40":{"start":{"line":109,"column":23},"end":{"line":109,"column":33}},"41":{"start":{"line":110,"column":25},"end":{"line":110,"column":33}},"42":{"start":{"line":112,"column":4},"end":{"line":114,"column":5}},"43":{"start":{"line":113,"column":6},"end":{"line":113,"column":63}},"44":{"start":{"line":116,"column":17},"end":{"line":116,"column":76}},"45":{"start":{"line":117,"column":4},"end":{"line":119,"column":5}},"46":{"start":{"line":118,"column":6},"end":{"line":118,"column":48}},"47":{"start":{"line":121,"column":21},"end":{"line":123,"column":6}},"48":{"start":{"line":125,"column":4},"end":{"line":127,"column":5}},"49":{"start":{"line":126,"column":6},"end":{"line":126,"column":53}},"50":{"start":{"line":129,"column":24},"end":{"line":139,"column":6}},"51":{"start":{"line":141,"column":4},"end":{"line":141,"column":69}},"52":{"start":{"line":143,"column":4},"end":{"line":143,"column":16}},"53":{"start":{"line":147,"column":23},"end":{"line":171,"column":1}},"54":{"start":{"line":148,"column":2},"end":{"line":170,"column":3}},"55":{"start":{"line":149,"column":19},"end":{"line":149,"column":30}},"56":{"start":{"line":150,"column":23},"end":{"line":150,"column":33}},"57":{"start":{"line":152,"column":17},"end":{"line":152,"column":76}},"58":{"start":{"line":153,"column":4},"end":{"line":155,"column":5}},"59":{"start":{"line":154,"column":6},"end":{"line":154,"column":48}},"60":{"start":{"line":157,"column":21},"end":{"line":159,"column":6}},"61":{"start":{"line":161,"column":4},"end":{"line":163,"column":5}},"62":{"start":{"line":162,"column":6},"end":{"line":162,"column":53}},"63":{"start":{"line":165,"column":4},"end":{"line":165,"column":60}},"64":{"start":{"line":167,"column":4},"end":{"line":167,"column":62}},"65":{"start":{"line":169,"column":4},"end":{"line":169,"column":16}},"66":{"start":{"line":173,"column":18},"end":{"line":188,"column":1}},"67":{"start":{"line":174,"column":2},"end":{"line":187,"column":3}},"68":{"start":{"line":175,"column":19},"end":{"line":175,"column":30}},"69":{"start":{"line":177,"column":17},"end":{"line":177,"column":76}},"70":{"start":{"line":178,"column":4},"end":{"line":180,"column":5}},"71":{"start":{"line":179,"column":6},"end":{"line":179,"column":48}},"72":{"start":{"line":182,"column":4},"end":{"line":182,"column":69}},"73":{"start":{"line":184,"column":4},"end":{"line":184,"column":57}},"74":{"start":{"line":186,"column":4},"end":{"line":186,"column":16}},"75":{"start":{"line":190,"column":0},"end":{"line":190,"column":83}}},"fnMap":{"0":{"name":"(anonymous_0)","decl":{"start":{"line":8,"column":16},"end":{"line":8,"column":17}},"loc":{"start":{"line":8,"column":42},"end":{"line":38,"column":1}},"line":8},"1":{"name":"(anonymous_1)","decl":{"start":{"line":32,"column":42},"end":{"line":32,"column":43}},"loc":{"start":{"line":32,"column":57},"end":{"line":32,"column":76}},"line":32},"2":{"name":"(anonymous_2)","decl":{"start":{"line":40,"column":18},"end":{"line":40,"column":19}},"loc":{"start":{"line":40,"column":44},"end":{"line":104,"column":1}},"line":40},"3":{"name":"(anonymous_3)","decl":{"start":{"line":106,"column":23},"end":{"line":106,"column":24}},"loc":{"start":{"line":106,"column":49},"end":{"line":145,"column":1}},"line":106},"4":{"name":"(anonymous_4)","decl":{"start":{"line":147,"column":23},"end":{"line":147,"column":24}},"loc":{"start":{"line":147,"column":49},"end":{"line":171,"column":1}},"line":147},"5":{"name":"(anonymous_5)","decl":{"start":{"line":173,"column":18},"end":{"line":173,"column":19}},"loc":{"start":{"line":173,"column":44},"end":{"line":188,"column":1}},"line":173}},"branchMap":{"0":{"loc":{"start":{"line":25,"column":4},"end":{"line":30,"column":5}},"type":"if","locations":[{"start":{"line":25,"column":4},"end":{"line":30,"column":5}},{"start":{},"end":{}}],"line":25},"1":{"loc":{"start":{"line":46,"column":4},"end":{"line":48,"column":5}},"type":"if","locations":[{"start":{"line":46,"column":4},"end":{"line":48,"column":5}},{"start":{},"end":{}}],"line":46},"2":{"loc":{"start":{"line":46,"column":8},"end":{"line":46,"column":37}},"type":"binary-expr","locations":[{"start":{"line":46,"column":8},"end":{"line":46,"column":16}},{"start":{"line":46,"column":20},"end":{"line":46,"column":37}}],"line":46},"3":{"loc":{"start":{"line":52,"column":4},"end":{"line":58,"column":5}},"type":"if","locations":[{"start":{"line":52,"column":4},"end":{"line":58,"column":5}},{"start":{},"end":{}}],"line":52},"4":{"loc":{"start":{"line":54,"column":6},"end":{"line":56,"column":7}},"type":"if","locations":[{"start":{"line":54,"column":6},"end":{"line":56,"column":7}},{"start":{},"end":{}}],"line":54},"5":{"loc":{"start":{"line":54,"column":10},"end":{"line":54,"column":53}},"type":"binary-expr","locations":[{"start":{"line":54,"column":10},"end":{"line":54,"column":18}},{"start":{"line":54,"column":22},"end":{"line":54,"column":53}}],"line":54},"6":{"loc":{"start":{"line":61,"column":4},"end":{"line":63,"column":5}},"type":"if","locations":[{"start":{"line":61,"column":4},"end":{"line":63,"column":5}},{"start":{},"end":{}}],"line":61},"7":{"loc":{"start":{"line":66,"column":54},"end":{"line":66,"column":71}},"type":"binary-expr","locations":[{"start":{"line":66,"column":54},"end":{"line":66,"column":63}},{"start":{"line":66,"column":67},"end":{"line":66,"column":71}}],"line":66},"8":{"loc":{"start":{"line":70,"column":4},"end":{"line":98,"column":5}},"type":"if","locations":[{"start":{"line":70,"column":4},"end":{"line":98,"column":5}},{"start":{"line":83,"column":11},"end":{"line":98,"column":5}}],"line":70},"9":{"loc":{"start":{"line":88,"column":21},"end":{"line":88,"column":38}},"type":"binary-expr","locations":[
[...]
ne":234,"column":8},"end":{"line":234,"column":25}},{"start":{"line":234,"column":29},"end":{"line":234,"column":31}}],"line":234},"18":{"loc":{"start":{"line":244,"column":19},"end":{"line":244,"column":59}},"type":"binary-expr","locations":[{"start":{"line":244,"column":19},"end":{"line":244,"column":46}},{"start":{"line":244,"column":50},"end":{"line":244,"column":59}}],"line":244},"19":{"loc":{"start":{"line":268,"column":44},"end":{"line":268,"column":56}},"type":"default-arg","locations":[{"start":{"line":268,"column":54},"end":{"line":268,"column":56}}],"line":268},"20":{"loc":{"start":{"line":274,"column":2},"end":{"line":276,"column":3}},"type":"if","locations":[{"start":{"line":274,"column":2},"end":{"line":276,"column":3}},{"start":{},"end":{}}],"line":274},"21":{"loc":{"start":{"line":278,"column":21},"end":{"line":278,"column":77}},"type":"binary-expr","locations":[{"start":{"line":278,"column":21},"end":{"line":278,"column":35}},{"start":{"line":278,"column":39},"end":{"line":278,"column":61}},{"start":{"line":278,"column":65},"end":{"line":278,"column":77}}],"line":278},"22":{"loc":{"start":{"line":283,"column":23},"end":{"line":283,"column":89}},"type":"binary-expr","locations":[{"start":{"line":283,"column":23},"end":{"line":283,"column":46}},{"start":{"line":283,"column":50},"end":{"line":283,"column":81}},{"start":{"line":283,"column":85},"end":{"line":283,"column":89}}],"line":283},"23":{"loc":{"start":{"line":284,"column":29},"end":{"line":286,"column":55}},"type":"cond-expr","locations":[{"start":{"line":285,"column":10},"end":{"line":285,"column":49}},{"start":{"line":286,"column":10},"end":{"line":286,"column":55}}],"line":284},"24":{"loc":{"start":{"line":286,"column":10},"end":{"line":286,"column":55}},"type":"binary-expr","locations":[{"start":{"line":286,"column":10},"end":{"line":286,"column":47}},{"start":{"line":286,"column":51},"end":{"line":286,"column":55}}],"line":286},"25":{"loc":{"start":{"line":287,"column":15},"end":{"line":287,"column":65}},"type":"binary-expr","locations":[{"start":{"line":287,"column":15},"end":{"line":287,"column":30}},{"start":{"line":287,"column":34},"end":{"line":287,"column":57}},{"start":{"line":287,"column":61},"end":{"line":287,"column":65}}],"line":287},"26":{"loc":{"start":{"line":288,"column":22},"end":{"line":288,"column":86}},"type":"binary-expr","locations":[{"start":{"line":288,"column":22},"end":{"line":288,"column":44}},{"start":{"line":288,"column":48},"end":{"line":288,"column":78}},{"start":{"line":288,"column":82},"end":{"line":288,"column":86}}],"line":288},"27":{"loc":{"start":{"line":290,"column":13},"end":{"line":290,"column":59}},"type":"binary-expr","locations":[{"start":{"line":290,"column":13},"end":{"line":290,"column":26}},{"start":{"line":290,"column":30},"end":{"line":290,"column":51}},{"start":{"line":290,"column":55},"end":{"line":290,"column":59}}],"line":290},"28":{"loc":{"start":{"line":295,"column":23},"end":{"line":295,"column":54}},"type":"binary-expr","locations":[{"start":{"line":295,"column":23},"end":{"line":295,"column":46}},{"start":{"line":295,"column":50},"end":{"line":295,"column":54}}],"line":295},"29":{"loc":{"start":{"line":296,"column":29},"end":{"line":296,"column":107}},"type":"cond-expr","locations":[{"start":{"line":296,"column":61},"end":{"line":296,"column":100}},{"start":{"line":296,"column":103},"end":{"line":296,"column":107}}],"line":296},"30":{"loc":{"start":{"line":297,"column":15},"end":{"line":297,"column":38}},"type":"binary-expr","locations":[{"start":{"line":297,"column":15},"end":{"line":297,"column":30}},{"start":{"line":297,"column":34},"end":{"line":297,"column":38}}],"line":297},"31":{"loc":{"start":{"line":298,"column":22},"end":{"line":298,"column":52}},"type":"binary-expr","locations":[{"start":{"line":298,"column":22},"end":{"line":298,"column":44}},{"start":{"line":298,"column":48},"end":{"line":298,"column":52}}],"line":298},"32":{"loc":{"start":{"line":300,"column":13},"end":{"line":300,"column":34}},"type":"binary-expr","locations":[{"start":{"line":300,"column":13},"end":{"line":300,"column":26}},{"start":{"line":300,"column":30},"end":{"line":300,"column":34}}],"line":300},"33":{"loc":{"start":{"line":304,"column":2},"end":{"line":313,"column":3}},"type":"if","locations":[{"start":{"line":304,"column":2},"end":{"line":313,"column":3}},{"start":{},"end":{}}],"line":304},"34":{"loc":{"start":{"line":304,"column":6},"end":{"line":304,"column":64}},"type":"binary-expr","locations":[{"start":{"line":304,"column":6},"end":{"line":304,"column":20}},{"start":{"line":304,"column":24},"end":{"line":304,"column":47}},{"start":{"line":304,"column":51},"end":{"line":304,"column":64}}],"line":304},"35":{"loc":{"start":{"line":309,"column":18},"end":{"line":309,"column":49}},"type":"binary-expr","locations":[{"start":{"line":309,"column":18},"end":{"line":309,"column":41}},{"start":{"line":309,"column":45},"end":{"line":309,"column":49}}],"line":309},"36":{"loc":{"start":{"line":310,"column":15},"end":{"line":310,"column":36}},"type":"binary-expr","locations":[{"start":{"line":310,"column":15},"end":{"line":310,"column":28}},{"start":{"line":310,"column":32},"end":{"line":310,"column":36}}],"line":310}},"s":{"0":2,"1":2,"2":2,"3":2,"4":4,"5":1,"6":3,"7":1,"8":2,"9":5,"10":3,"11":1,"12":4,"13":4,"14":2,"15":1,"16":2,"17":1,"18":1,"19":1,"20":0,"21":1,"22":1,"23":1,"24":1,"25":1,"26":1,"27":1,"28":2,"29":1,"30":1,"31":1,"32":1,"33":2,"34":0,"35":2,"36":0,"37":0,"38":0,"39":0,"40":0,"41":0,"42":2,"43":0,"44":2,"45":0,"46":0,"47":0,"48":0,"49":0,"50":0,"51":0,"52":0,"53":2,"54":0,"55":2},"f":{"0":4,"1":5,"2":1,"3":1,"4":1,"5":0,"6":0,"7":0,"8":0,"9":0,"10":0,"11":0,"12":0},"b":{"0":[1,3],"1":[1,2],"2":[3,2],"3":[5,3],"4":[1,2],"5":[3,3],"6":[0,4],"7":[4,0],"8":[2,2],"9":[4,2],"10":[1,1],"11":[2,1],"12":[0],"13":[0],"14":[0,1],"15":[1,0],"16":[1,0],"17":[0,0],"18":[0,0],"19":[0],"20":[0,0],"21":[0,0,0],"22":[0,0,0],"23":[0,0],"24":[0,0],"25":[0,0,0],"26":[0,0,0],"27":[0,0,0],"28":[0,0],"29":[0,0],"30":[0,0],"31":[0,0],"32":[0,0],"33":[0,0],"34":[0,0,0],"35":[0,0],"36":[0,0]},"_coverageSchema":"1a1c01bbd47fc00a2c39e90264f33305004495a9","hash":"d7c19af82d6ab374d82b3ba5538acd7f3f02f6c8"}
,"D:\\projects\\arianation-crm-ecommerce\\src\\utils\\constants.js": {"path":"D:\\projects\\arianation-crm-ecommerce\\src\\utils\\constants.js","statementMap":{"0":{"start":{"line":3,"column":20},"end":{"line":14,"column":1}},"1":{"start":{"line":16,"column":19},"end":{"line":21,"column":1}},"2":{"start":{"line":23,"column":21},"end":{"line":32,"column":1}},"3":{"start":{"line":34,"column":23},"end":{"line":39,"column":1}},"4":{"start":{"line":41,"column":23},"end":{"line":45,"column":1}},"5":{"start":{"line":47,"column":22},"end":{"line":56,"column":1}},"6":{"start":{"line":58,"column":17},"end":{"line":125,"column":1}},"7":{"start":{"line":127,"column":0},"end":{"line":135,"column":2}}},"fnMap":{},"branchMap":{},"s":{"0":0,"1":0,"2":0,"3":0,"4":0,"5":0,"6":0,"7":0},"f":{},"b":{}}
,"D:\\projects\\arianation-crm-ecommerce\\src\\utils\\errors.js": {"path":"D:\\projects\\arianation-crm-ecommerce\\src\\utils\\errors.js","statementMap":{"0":{"start":{"line":5,"column":4},"end":{"line":5,"column":19}},"1":{"start":{"line":6,"column":4},"end":{"line":6,"column":33}},"2":{"start":{"line":7,"column":4},"end":{"line":7,"column":21}},"3":{"start":{"line":8,"column":4},"end":{"line":8,"column":30}},"4":{"start":{"line":9,"column":4},"end":{"line":9,"column":52}},"5":{"start":{"line":15,"column":4},"end":{"line":15,"column":44}},"6":{"start":{"line":16,"column":4},"end":{"line":16,"column":27}},"7":{"start":{"line":22,"column":4},"end":{"line":22,"column":48}},"8":{"start":{"line":28,"column":4},"end":{"line":28,"column":47}},"9":{"start":{"line":34,"column":4},"end":{"line":34,"column":37}},"10":{"start":{"line":40,"column":4},"end":{"line":40,"column":36}},"11":{"start":{"line":46,"column":4},"end":{"line":46,"column":39}},"12":{"start":{"line":50,"column":0},"end":{"line":58,"column":2}}},"fnMap":{"0":{"name":"(anonymous_0)","decl":{"start":{"line":4,"column":2},"end":{"line":4,"column":3}},"loc":{"start":{"line":4,"column":48},"end":{"line":10,"column":3}},"line":4},"1":{"name":"(anonymous_1)","decl":{"start":{"line":14,"column":2},"end":{"line":14,"column":3}},"loc":{"start":{"line":14,"column":39},"end":{"line":17,"column":3}},"line":14},"2":{"name":"(anonymous_2)","decl":{"start":{"line":21,"column":2},"end":{"line":21,"column":3}},"loc":{"start":{"line":21,"column":49},"end":{"line":23,"column":3}},"line":21},"3":{"name":"(anonymous_3)","decl":{"start":{"line":27,"column":2},"end":{"line":27,"column":3}},"loc":{"start":{"line":27,"column":77},"end":{"line":29,"column":3}},"line":27},"4":{"name":"(anonymous_4)","decl":{"start":{"line":33,"column":2},"end":{"line":33,"column":3}},"loc":{"start":{"line":33,"column":46},"end":{"line":35,"column":3}},"line":33},"5":{"name":"(anonymous_5)","decl":{"start":{"line":39,"column":2},"end":{"line":39,"column":3}},"loc":{"start":{"line":39,"column":51},"end":{"line":41,"column":3}},"line":39},"6":{"name":"(anonymous_6)","decl":{"start":{"line":45,"column":2},"end":{"line":45,"column":3}},"loc":{"start":{"line":45,"column":39},"end":{"line":47,"column":3}},"line":45}},"branchMap":{"0":{"loc":{"start":{"line":4,"column":35},"end":{"line":4,"column":46}},"type":"default-arg","locations":[{"start":{"line":4,"column":42},"end":{"line":4,"column":46}}],"line":4},"1":{"loc":{"start":{"line":14,"column":23},"end":{"line":14,"column":37}},"type":"default-arg","locations":[{"start":{"line":14,"column":33},"end":{"line":14,"column":37}}],"line":14},"2":{"loc":{"start":{"line":21,"column":14},"end":{"line":21,"column":47}},"type":"default-arg","locations":[{"start":{"line":21,"column":24},"end":{"line":21,"column":47}}],"line":21},"3":{"loc":{"start":{"line":27,"column":14},"end":{"line":27,"column":75}},"type":"default-arg","locations":[{"start":{"line":27,"column":24},"end":{"line":27,"column":75}}],"line":27},"4":{"loc":{"start":{"line":33,"column":14},"end":{"line":33,"column":44}},"type":"default-arg","locations":[{"start":{"line":33,"column":24},"end":{"line":33,"column":44}}],"line":33},"5":{"loc":{"start":{"line":39,"column":14},"end":{"line":39,"column":49}},"type":"default-arg","locations":[{"start":{"line":39,"column":24},"end":{"line":39,"column":49}}],"line":39},"6":{"loc":{"start":{"line":45,"column":14},"end":{"line":45,"column":37}},"type":"default-arg","locations":[{"start":{"line":45,"column":24},"end":{"line":45,"column":37}}],"line":45}},"s":{"0":4,"1":4,"2":4,"3":4,"4":4,"5":0,"6":0,"7":0,"8":0,"9":0,"10":0,"11":4,"12":2},"f":{"0":4,"1":0,"2":0,"3":0,"4":0,"5":0,"6":4},"b":{"0":[0],"1":[0],"2":[0],"3":[0],"4":[0],"5":[0],"6":[0]},"_coverageSchema":"1a1c01bbd47fc00a2c39e90264f33305004495a9","hash":"1576eef7e791145cda22b73e97e2c3eacbe1df36"}
,"D:\\projects\\arianation-crm-ecommerce\\src\\utils\\jwt.js": {"path":"D:\\projects\\arianation-crm-ecommerce\\src\\utils\\jwt.js","statementMap":{"0":{"start":{"line":3,"column":12},"end":{"line":3,"column":35}},"1":{"start":{"line":4,"column":32},"end":{"line":4,"column":51}},"2":{"start":{"line":6,"column":21},"end":{"line":12,"column":1}},"3":{"start":{"line":7,"column":17},"end":{"line":7,"column":39}},"4":{"start":{"line":8,"column":2},"end":{"line":10,"column":3}},"5":{"start":{"line":9,"column":4},"end":{"line":9,"column":66}},"6":{"start":{"line":11,"column":2},"end":{"line":11,"column":16}},"7":{"start":{"line":14,"column":19},"end":{"line":14,"column":49}},"8":{"start":{"line":16,"column":22},"end":{"line":18,"column":1}},"9":{"start":{"line":17,"column":2},"end":{"line":17,"column":70}},"10":{"start":{"line":20,"column":29},"end":{"line":22,"column":1}},"11":{"start":{"line":21,"column":2},"end":{"line":21,"column":65}},"12":{"start":{"line":24,"column":20},"end":{"line":33,"column":1}},"13":{"start":{"line":25,"column":2},"end":{"line":32,"column":3}},"14":{"start":{"line":26,"column":4},"end":{"line":26,"column":45}},"15":{"start":{"line":28,"column":4},"end":{"line":30,"column":5}},"16":{"start":{"line":29,"column":6},"end":{"line":29,"column":57}},"17":{"start":{"line":31,"column":4},"end":{"line":31,"column":51}},"18":{"start":{"line":35,"column":20},"end":{"line":37,"column":1}},"19":{"start":{"line":36,"column":2},"end":{"line":36,"column":27}},"20":{"start":{"line":39,"column":0},"end":{"line":44,"column":2}}},"fnMap":{"0":{"name":"(anonymous_0)","decl":{"start":{"line":6,"column":21},"end":{"line":6,"column":22}},"loc":{"start":{"line":6,"column":27},"end":{"line":12,"column":1}},"line":6},"1":{"name":"(anonymous_1)","decl":{"start":{"line":16,"column":22},"end":{"line":16,"column":23}},"loc":{"start":{"line":16,"column":35},"end":{"line":18,"column":1}},"line":16},"2":{"name":"(anonymous_2)","decl":{"start":{"line":20,"column":29},"end":{"line":20,"column":30}},"loc":{"start":{"line":20,"column":42},"end":{"line":22,"column":1}},"line":20},"3":{"name":"(anonymous_3)","decl":{"start":{"line":24,"column":20},"end":{"line":24,"column":21}},"loc":{"start":{"line":24,"column":31},"end":{"line":33,"column":1}},"line":24},"4":{"name":"(anonymous_4)","decl":{"start":{"line":35,"column":20},"end":{"line":35,"column":21}},"loc":{"start":{"line":35,"column":31},"end":{"line":37,"column":1}},"line":35}},"branchMap":{"0":{"loc":{"start":{"line":8,"column":2},"end":{"line":10,"column":3}},"type":"if","locations":[{"start":{"line":8,"column":2},"end":{"line":10,"column":3}},{"start":{},"end":{}}],"line":8},"1":{"loc":{"start":{"line":14,"column":19},"end":{"line":14,"column":49}},"type":"binary-expr","locations":[{"start":{"line":14,"column":19},"end":{"line":14,"column":41}},{"start":{"line":14,"column":45},"end":{"line":14,"column":49}}],"line":14},"2":{"loc":{"start":{"line":28,"column":4},"end":{"line":30,"column":5}},"type":"if","locations":[{"start":{"line":28,"column":4},"end":{"line":30,"column":5}},{"start":{},"end":{}}],"line":28}},"s":{"0":0,"1":0,"2":0,"3":0,"4":0,"5":0,"6":0,"7":0,"8":0,"9":0,"10":0,"11":0,"12":0,"13":0,"14":0,"15":0,"16":0,"17":0,"18":0,"19":0,"20":0},"f":{"0":0,"1":0,"2":0,"3":0,"4":0},"b":{"0":[0,0],"1":[0,0],"2":[0,0]}}
,"D:\\projects\\arianation-crm-ecommerce\\src\\utils\\password.js": {"path":"D:\\projects\\arianation-crm-ecommerce\\src\\utils\\password.js","statementMap":{"0":{"start":{"line":3,"column":15},"end":{"line":3,"column":34}},"1":{"start":{"line":5,"column":20},"end":{"line":5,"column":22}},"2":{"start":{"line":7,"column":21},"end":{"line":9,"column":1}},"3":{"start":{"line":8,"column":2},"end":{"line":8,"column":49}},"4":{"start":{"line":11,"column":24},"end":{"line":13,"column":1}},"5":{"start":{"line":12,"column":2},"end":{"line":12,"column":55}},"6":{"start":{"line":15,"column":0},"end":{"line":18,"column":2}}},"fnMap":{"0":{"name":"(anonymous_0)","decl":{"start":{"line":7,"column":21},"end":{"line":7,"column":22}},"loc":{"start":{"line":7,"column":46},"end":{"line":9,"column":1}},"line":7},"1":{"name":"(anonymous_1)","decl":{"start":{"line":11,"column":24},"end":{"line":11,"column":25}},"loc":{"start":{"line":11,"column":65},"end":{"line":13,"column":1}},"line":11}},"branchMap":{},"s":{"0":0,"1":0,"2":0,"3":0,"4":0,"5":0,"6":0},"f":{"0":0,"1":0},"b":{}}
,"D:\\projects\\arianation-crm-ecommerce\\src\\utils\\response.js": {"path":"D:\\projects\\arianation-crm-ecommerce\\src\\utils\\response.js","statementMap":{"0":{"start":{"line":3,"column":20},"end":{"line":18,"column":1}},"1":{"start":{"line":4,"column":19},"end":{"line":7,"column":3}},"2":{"start":{"line":9,"column":2},"end":{"line":11,"column":3}},"3":{"start":{"line":10,"column":4},"end":{"line":10,"column":25}},"4":{"start":{"line":13,"column":2},"end":{"line":15,"column":3}},"5":{"start":{"line":14,"column":4},"end":{"line":14,"column":25}},"6":{"start":{"line":17,"column":2},"end":{"line":17,"column":47}},"7":{"start":{"line":20,"column":20},"end":{"line":22,"column":1}},"8":{"start":{"line":21,"column":2},"end":{"line":21,"column":46}},"9":{"start":{"line":24,"column":18},"end":{"line":35,"column":1}},"10":{"start":{"line":25,"column":19},"end":{"line":28,"column":3}},"11":{"start":{"line":30,"column":2},"end":{"line":32,"column":3}},"12":{"start":{"line":31,"column":4},"end":{"line":31,"column":29}},"13":{"start":{"line":34,"column":2},"end":{"line":34,"column":47}},"14":{"start":{"line":37,"column":22},"end":{"line":46,"column":1}},"15":{"start":{"line":38,"column":2},"end":{"line":45,"column":5}},"16":{"start":{"line":48,"column":0},"end":{"line":53,"column":2}}},"fnMap":{"0":{"name":"(anonymous_0)","decl":{"start":{"line":3,"column":20},"end":{"line":3,"column":21}},"loc":{"start":{"line":3,"column":94},"end":{"line":18,"column":1}},"line":3},"1":{"name":"(anonymous_1)","decl":{"start":{"line":20,"column":20},"end":{"line":20,"column":21}},"loc":{"start":{"line":20,"column":76},"end":{"line":22,"column":1}},"line":20},"2":{"name":"(anonymous_2)","decl":{"start":{"line":24,"column":18},"end":{"line":24,"column":19}},"loc":{"start":{"line":24,"column":91},"end":{"line":35,"column":1}},"line":24},"3":{"name":"(anonymous_3)","decl":{"start":{"line":37,"column":22},"end":{"line":37,"column":23}},"loc":{"start":{"line":37,"column":70},"end":{"line":46,"column":1}},"line":37}},"branchMap":{"0":{"loc":{"start":{"line":3,"column":26},"end":{"line":3,"column":37}},"type":"default-arg","locations":[{"start":{"line":3,"column":33},"end":{"line":3,"column":37}}],"line":3},"1":{"loc":{"start":{"line":3,"column":39},"end":{"line":3,"column":58}},"type":"default-arg","locations":[{"start":{"line":3,"column":49},"end":{"line":3,"column":58}}],"line":3},"2":{"loc":{"start":{"line":3,"column":60},"end":{"line":3,"column":76}},"type":"default-arg","locations":[{"start":{"line":3,"column":73},"end":{"line":3,"column":76}}],"line":3},"3":{"loc":{"start":{"line":3,"column":78},"end":{"line":3,"column":89}},"type":"default-arg","locations":[{"start":{"line":3,"column":85},"end":{"line":3,"column":89}}],"line":3},"4":{"loc":{"start":{"line":9,"column":2},"end":{"line":11,"column":3}},"type":"if","locations":[{"start":{"line":9,"column":2},"end":{"line":11,"column":3}},{"start":{},"end":{}}],"line":9},"5":{"loc":{"start":{"line":13,"column":2},"end":{"line":15,"column":3}},"type":"if","locations":[{"start":{"line":13,"column":2},"end":{"line":15,"column":3}},{"start":{},"end":{}}],"line":13},"6":{"loc":{"start":{"line":20,"column":26},"end":{"line":20,"column":37}},"type":"default-arg","locations":[{"start":{"line":20,"column":33},"end":{"line":20,"column":37}}],"line":20},"7":{"loc":{"start":{"line":20,"column":39},"end":{"line":20,"column":71}},"type":"default-arg","locations":[{"start":{"line":20,"column":49},"end":{"line":20,"column":71}}],"line":20},"8":{"loc":{"start":{"line":24,"column":24},"end":{"line":24,"column":53}},"type":"default-arg","locations":[{"start":{"line":24,"column":34},"end":{"line":24,"column":53}}],"line":24},"9":{"loc":{"start":{"line":24,"column":55},"end":{"line":24,"column":71}},"type":"default-arg","locations":[{"start":{"line":24,"column":68},"end":{"line":24,"column":71}}],"line":24},"10":{"loc":{"start":{"line":24,"column":73},"end":{"line":24,"column":86}},"type":"default-arg","locations":[{"start":{"line":24,"column":82},"end":{"line":24,"column":86}}],"line":24},"11":{"loc":{"start":{"line":30,"column":2},"end":{"line":32,"column":3}},"type":"if","locations":[{"start":{"line":30,"column":2},"end":{"line":32,"column":3}},{"start":{},"end":{}}],"line":30},"12":{"loc":{"start":{"line":37,"column":46},"end":{"line":37,"column":65}},"type":"default-arg","locations":[{"start":{"line":37,"column":56},"end":{"line":37,"column":65}}],"line":37}},"s":{"0":0,"1":0,"2":0,"3":0,"4":0,"5":0,"6":0,"7":0,"8":0,"9":0,"10":0,"11":0,"12":0,"13":0,"14":0,"15":0,"16":0},"f":{"0":0,"1":0,"2":0,"3":0},"b":{"0":[0],"1":[0],"2":[0],"3":[0],"4":[0,0],"5":[0,0],"6":[0],"7":[0],"8":[0],"9":[0],"10":[0],"11":[0,0],"12":[0]}}
}
