{"D:\\projects\\arianation-crm-ecommerce\\src\\controllers\\authController.js": {"path":"D:\\projects\\arianation-crm-ecommerce\\src\\controllers\\authController.js","statementMap":{"0":{"start":{"line":3,"column":15},"end":{"line":3,"column":44}},"1":{"start":{"line":4,"column":42},"end":{"line":4,"column":70}},"2":{"start":{"line":5,"column":61},"end":{"line":5,"column":84}},"3":{"start":{"line":6,"column":37},"end":{"line":6,"column":65}},"4":{"start":{"line":7,"column":62},"end":{"line":7,"column":88}},"5":{"start":{"line":8,"column":21},"end":{"line":8,"column":50}},"6":{"start":{"line":10,"column":17},"end":{"line":61,"column":1}},"7":{"start":{"line":11,"column":2},"end":{"line":60,"column":3}},"8":{"start":{"line":12,"column":49},"end":{"line":12,"column":57}},"9":{"start":{"line":14,"column":25},"end":{"line":14,"column":75}},"10":{"start":{"line":15,"column":4},"end":{"line":17,"column":5}},"11":{"start":{"line":16,"column":6},"end":{"line":16,"column":58}},"12":{"start":{"line":19,"column":27},"end":{"line":19,"column":55}},"13":{"start":{"line":21,"column":17},"end":{"line":53,"column":6}},"14":{"start":{"line":22,"column":26},"end":{"line":38,"column":8}},"15":{"start":{"line":40,"column":6},"end":{"line":42,"column":9}},"16":{"start":{"line":44,"column":6},"end":{"line":46,"column":9}},"17":{"start":{"line":48,"column":6},"end":{"line":50,"column":9}},"18":{"start":{"line":52,"column":6},"end":{"line":52,"column":25}},"19":{"start":{"line":55,"column":18},"end":{"line":55,"column":84}},"20":{"start":{"line":57,"column":4},"end":{"line":57,"column":77}},"21":{"start":{"line":59,"column":4},"end":{"line":59,"column":16}},"22":{"start":{"line":63,"column":14},"end":{"line":102,"column":1}},"23":{"start":{"line":64,"column":2},"end":{"line":101,"column":3}},"24":{"start":{"line":65,"column":32},"end":{"line":65,"column":40}},"25":{"start":{"line":67,"column":17},"end":{"line":78,"column":6}},"26":{"start":{"line":80,"column":4},"end":{"line":82,"column":5}},"27":{"start":{"line":81,"column":6},"end":{"line":81,"column":71}},"28":{"start":{"line":84,"column":4},"end":{"line":86,"column":5}},"29":{"start":{"line":85,"column":6},"end":{"line":85,"column":68}},"30":{"start":{"line":88,"column":28},"end":{"line":88,"column":74}},"31":{"start":{"line":89,"column":4},"end":{"line":91,"column":5}},"32":{"start":{"line":90,"column":6},"end":{"line":90,"column":71}},"33":{"start":{"line":93,"column":18},"end":{"line":93,"column":84}},"34":{"start":{"line":94,"column":25},"end":{"line":94,"column":62}},"35":{"start":{"line":96,"column":65},"end":{"line":96,"column":69}},"36":{"start":{"line":98,"column":4},"end":{"line":98,"column":109}},"37":{"start":{"line":100,"column":4},"end":{"line":100,"column":16}},"38":{"start":{"line":104,"column":15},"end":{"line":110,"column":1}},"39":{"start":{"line":105,"column":2},"end":{"line":109,"column":3}},"40":{"start":{"line":106,"column":4},"end":{"line":106,"column":64}},"41":{"start":{"line":108,"column":4},"end":{"line":108,"column":16}},"42":{"start":{"line":112,"column":21},"end":{"line":138,"column":1}},"43":{"start":{"line":113,"column":2},"end":{"line":137,"column":3}},"44":{"start":{"line":114,"column":36},"end":{"line":114,"column":44}},"45":{"start":{"line":116,"column":4},"end":{"line":118,"column":5}},"46":{"start":{"line":117,"column":6},"end":{"line":117,"column":65}},"47":{"start":{"line":120,"column":20},"end":{"line":120,"column":38}},"48":{"start":{"line":122,"column":17},"end":{"line":125,"column":6}},"49":{"start":{"line":127,"column":4},"end":{"line":129,"column":5}},"50":{"start":{"line":128,"column":6},"end":{"line":128,"column":74}},"51":{"start":{"line":131,"column":21},"end":{"line":131,"column":87}},"52":{"start":{"line":132,"column":28},"end":{"line":132,"column":65}},"53":{"start":{"line":134,"column":4},"end":{"line":134,"column":112}},"54":{"start":{"line":136,"column":4},"end":{"line":136,"column":16}},"55":{"start":{"line":140,"column":14},"end":{"line":163,"column":1}},"56":{"start":{"line":141,"column":2},"end":{"line":162,"column":3}},"57":{"start":{"line":142,"column":17},"end":{"line":157,"column":6}},"58":{"start":{"line":159,"column":4},"end":{"line":159,"column":68}},"59":{"start":{"line":161,"column":4},"end":{"line":161,"column":16}},"60":{"start":{"line":165,"column":0},"end":{"line":165,"column":66}}},"fnMap":{"0":{"name":"(anonymous_0)","decl":{"start":{"line":10,"column":17},"end":{"line":10,"column":18}},"loc":{"start":{"line":10,"column":43},"end":{"line":61,"column":1}},"line":10},"1":{"name":"(anonymous_1)","decl":{"start":{"line":21,"column":43},"end":{"line":21,"column":44}},"loc":{"start":{"line":21,"column":57},"end":{"line":53,"column":5}},"line":21},"2":{"name":"(anonymous_2)","decl":{"start":{"line":63,"column":14},"end":{"line":63,"column":15}},"loc":{"start":{"line":63,"column":40},"end":{"line":102,"column":1}},"line":63},"3":{"name":"(anonymous_3)","decl":{"start":{"line":104,"column":15},"end":{"line":104,"column":16}},"loc":{"start":{"line":104,"column":41},"end":{"line":110,"column":1}},"line":104},"4":{"name":"(anonymous_4)","decl":{"start":{"line":112,"column":21},"end":{"line":112,"column":22}},"loc":{"start":{"line":112,"column":47},"end":{"line":138,"column":1}},"line":112},"5":{"name":"(anonymous_5)","decl":{"start":{"line":140,"column":14},"end":{"line":140,"column":15}},"loc":{"start":{"line":140,"column":40},"end":{"line":163,"column":1}},"line":140}},"branchMap":{"0":{"loc":{"start":{"line":15,"column":4},"end":{"line":17,"column":5}},"type":"if","locations":[{"start":{"line":15,"column":4},"end":{"line":17,"column":5}},{"start":{},"end":{}}],"line":15},"1":{"loc":{"start":{"line":27,"column":17},"end":{"line":27,"column":30}},"type":"binary-expr","locations":[{"start":{"line":27,"column":17},"end":{"line":27,"column":22}},{"start":{"line":27,"column":26},"end":{"line":27,"column":30}}],"line":27},"2":{"loc":{"start":{"line":80,"column":4},"end":{"line":82,"column":5}},"type":"if","locations":[{"start":{"line":80,"column":4},"end":{"line":82,"column":5}},{"start":{},"end":{}}],"line":80},"3":{"loc":{"start":{"line":84,"column":4},"end":{"line":86,"column":5}},"type":"if","locations":[{"start":{"line":84,"column":4},"end":{"line":86,"column":5}},{"start":{},"end":{}}],"line":84},"4":{"loc":{"start":{"line":89,"column":4},"end":{"line":91,"column":5}},"type":"if","locations":[{"start":{"line":89,"column":4},"end":{"line":91,"column":5}},{"start":{},"end":{}}],"line":89},"5":{"loc":{"start":{"line":116,"column":4},"end":{"line":118,"column":5}},"type":"if","locations":[{"start":{"line":116,"column":4},"end":{"line":118,"column":5}},{"start":{},"end":{}}],"line":116},"6":{"loc":{"start":{"line":127,"column":4},"end":{"line":129,"column":5}},"type":"if","locations":[{"start":{"line":127,"column":4},"end":{"line":129,"column":5}},{"start":{},"end":{}}],"line":127},"7":{"loc":{"start":{"line":127,"column":8},"end":{"line":127,"column":31}},"type":"binary-expr","locations":[{"start":{"line":127,"column":8},"end":{"line":127,"column":13}},{"start":{"line":127,"column":17},"end":{"line":127,"column":31}}],"line":127}},"s":{"0":0,"1":0,"2":0,"3":0,"4":0,"5":0,"6":0,"7":0,"8":0,"9":0,"10":0,"11":0,"12":0,"13":0,"14":0,"15":0,"16":0,"17":0,"18":0,"19":0,"20":0,"21":0,"22":0,"23":0,"24":0,"25":0,"26":0,"27":0,"28":0,"29":0,"30":0,"31":0,"32":0,"33":0,"34":0,"35":0,"36":0,"37":0,"38":0,"39":0,"40":0,"41":0,"42":0,"43":0,"44":0,"45":0,"46":0,"47":0,"48":0,"49":0,"50":0,"51":0,"52":0,"53":0,"54":0,"55":0,"56":0,"57":0,"58":0,"59":0,"60":0},"f":{"0":0,"1":0,"2":0,"3":0,"4":0,"5":0},"b":{"0":[0,0],"1":[0,0],"2":[0,0],"3":[0,0],"4":[0,0],"5":[0,0],"6":[0,0],"7":[0,0]}}
,"D:\\projects\\arianation-crm-ecommerce\\src\\controllers\\cartController.js": {"path":"D:\\projects\\arianation-crm-ecommerce\\src\\controllers\\cartController.js","statementMap":{"0":{"start":{"line":3,"column":15},"end":{"line":3,"column":44}},"1":{"start":{"line":4,"column":24},"end":{"line":4,"column":52}},"2":{"start":{"line":5,"column":43},"end":{"line":5,"column":69}},"3":{"start":{"line":6,"column":21},"end":{"line":6,"column":50}},"4":{"start":{"line":8,"column":16},"end":{"line":38,"column":1}},"5":{"start":{"line":9,"column":2},"end":{"line":37,"column":3}},"6":{"start":{"line":10,"column":19},"end":{"line":10,"column":30}},"7":{"start":{"line":12,"column":15},"end":{"line":23,"column":6}},"8":{"start":{"line":25,"column":4},"end":{"line":30,"column":5}},"9":{"start":{"line":26,"column":6},"end":{"line":29,"column":9}},"10":{"start":{"line":32,"column":24},"end":{"line":32,"column":80}},"11":{"start":{"line":32,"column":57},"end":{"line":32,"column":76}},"12":{"start":{"line":34,"column":4},"end":{"line":34,"column":75}},"13":{"start":{"line":36,"column":4},"end":{"line":36,"column":16}},"14":{"start":{"line":40,"column":18},"end":{"line":104,"column":1}},"15":{"start":{"line":41,"column":2},"end":{"line":103,"column":3}},"16":{"start":{"line":42,"column":19},"end":{"line":42,"column":30}},"17":{"start":{"line":43,"column":47},"end":{"line":43,"column":55}},"18":{"start":{"line":45,"column":20},"end":{"line":45,"column":81}},"19":{"start":{"line":46,"column":4},"end":{"line":48,"column":5}},"20":{"start":{"line":47,"column":6},"end":{"line":47,"column":58}},"21":{"start":{"line":50,"column":20},"end":{"line":50,"column":33}},"22":{"start":{"line":52,"column":4},"end":{"line":58,"column":5}},"23":{"start":{"line":53,"column":22},"end":{"line":53,"column":90}},"24":{"start":{"line":54,"column":6},"end":{"line":56,"column":7}},"25":{"start":{"line":55,"column":8},"end":{"line":55,"column":61}},"26":{"start":{"line":57,"column":6},"end":{"line":57,"column":43}},"27":{"start":{"line":60,"column":15},"end":{"line":60,"column":74}},"28":{"start":{"line":61,"column":4},"end":{"line":63,"column":5}},"29":{"start":{"line":62,"column":6},"end":{"line":62,"column":68}},"30":{"start":{"line":65,"column":25},"end":{"line":67,"column":6}},"31":{"start":{"line":70,"column":4},"end":{"line":98,"column":5}},"32":{"start":{"line":71,"column":26},"end":{"line":71,"column":58}},"33":{"start":{"line":72,"column":6},"end":{"line":82,"column":9}},"34":{"start":{"line":84,"column":6},"end":{"line":97,"column":9}},"35":{"start":{"line":100,"column":4},"end":{"line":100,"column":64}},"36":{"start":{"line":102,"column":4},"end":{"line":102,"column":16}},"37":{"start":{"line":106,"column":23},"end":{"line":145,"column":1}},"38":{"start":{"line":107,"column":2},"end":{"line":144,"column":3}},"39":{"start":{"line":108,"column":19},"end":{"line":108,"column":30}},"40":{"start":{"line":109,"column":23},"end":{"line":109,"column":33}},"41":{"start":{"line":110,"column":25},"end":{"line":110,"column":33}},"42":{"start":{"line":112,"column":4},"end":{"line":114,"column":5}},"43":{"start":{"line":113,"column":6},"end":{"line":113,"column":63}},"44":{"start":{"line":116,"column":17},"end":{"line":116,"column":76}},"45":{"start":{"line":117,"column":4},"end":{"line":119,"column":5}},"46":{"start":{"line":118,"column":6},"end":{"line":118,"column":48}},"47":{"start":{"line":121,"column":21},"end":{"line":123,"column":6}},"48":{"start":{"line":125,"column":4},"end":{"line":127,"column":5}},"49":{"start":{"line":126,"column":6},"end":{"line":126,"column":53}},"50":{"start":{"line":129,"column":24},"end":{"line":139,"column":6}},"51":{"start":{"line":141,"column":4},"end":{"line":141,"column":69}},"52":{"start":{"line":143,"column":4},"end":{"line":143,"column":16}},"53":{"start":{"line":147,"column":23},"end":{"line":171,"column":1}},"54":{"start":{"line":148,"column":2},"end":{"line":170,"column":3}},"55":{"start":{"line":149,"column":19},"end":{"line":149,"column":30}},"56":{"start":{"line":150,"column":23},"end":{"line":150,"column":33}},"57":{"start":{"line":152,"column":17},"end":{"line":152,"column":76}},"58":{"start":{"line":153,"column":4},"end":{"line":155,"column":5}},"59":{"start":{"line":154,"column":6},"end":{"line":154,"column":48}},"60":{"start":{"line":157,"column":21},"end":{"line":159,"column":6}},"61":{"start":{"line":161,"column":4},"end":{"line":163,"column":5}},"62":{"start":{"line":162,"column":6},"end":{"line":162,"column":53}},"63":{"start":{"line":165,"column":4},"end":{"line":165,"column":60}},"64":{"start":{"line":167,"column":4},"end":{"line":167,"column":62}},"65":{"start":{"line":169,"column":4},"end":{"line":169,"column":16}},"66":{"start":{"line":173,"column":18},"end":{"line":188,"column":1}},"67":{"start":{"line":174,"column":2},"end":{"line":187,"column":3}},"68":{"start":{"line":175,"column":19},"end":{"line":175,"column":30}},"69":{"start":{"line":177,"column":17},"end":{"line":177,"column":76}},"70":{"start":{"line":178,"column":4},"end":{"line":180,"column":5}},"71":{"start":{"line":179,"column":6},"end":{"line":179,"column":48}},"72":{"start":{"line":182,"column":4},"end":{"line":182,"column":69}},"73":{"start":{"line":184,"column":4},"end":{"line":184,"column":57}},"74":{"start":{"line":186,"column":4},"end":{"line":186,"column":16}},"75":{"start":{"line":190,"column":0},"end":{"line":190,"column":83}}},"fnMap":{"0":{"name":"(anonymous_0)","decl":{"start":{"line":8,"column":16},"end":{"line":8,"column":17}},"loc":{"start":{"line":8,"column":42},"end":{"line":38,"column":1}},"line":8},"1":{"name":"(anonymous_1)","decl":{"start":{"line":32,"column":42},"end":{"line":32,"column":43}},"loc":{"start":{"line":32,"column":57},"end":{"line":32,"column":76}},"line":32},"2":{"name":"(anonymous_2)","decl":{"start":{"line":40,"column":18},"end":{"line":40,"column":19}},"loc":{"start":{"line":40,"column":44},"end":{"line":104,"column":1}},"line":40},"3":{"name":"(anonymous_3)","decl":{"start":{"line":106,"column":23},"end":{"line":106,"column":24}},"loc":{"start":{"line":106,"column":49},"end":{"line":145,"column":1}},"line":106},"4":{"name":"(anonymous_4)","decl":{"start":{"line":147,"column":23},"end":{"line":147,"column":24}},"loc":{"start":{"line":147,"column":49},"end":{"line":171,"column":1}},"line":147},"5":{"name":"(anonymous_5)","decl":{"start":{"line":173,"column":18},"end":{"line":173,"column":19}},"loc":{"start":{"line":173,"column":44},"end":{"line":188,"column":1}},"line":173}},"branchMap":{"0":{"loc":{"start":{"line":25,"column":4},"end":{"line":30,"column":5}},"type":"if","locations":[{"start":{"line":25,"column":4},"end":{"line":30,"column":5}},{"start":{},"end":{}}],"line":25},"1":{"loc":{"start":{"line":46,"column":4},"end":{"line":48,"column":5}},"type":"if","locations":[{"start":{"line":46,"column":4},"end":{"line":48,"column":5}},{"start":{},"end":{}}],"line":46},"2":{"loc":{"start":{"line":46,"column":8},"end":{"line":46,"column":37}},"type":"binary-expr","locations":[{"start":{"line":46,"column":8},"end":{"line":46,"column":16}},{"start":{"line":46,"column":20},"end":{"line":46,"column":37}}],"line":46},"3":{"loc":{"start":{"line":52,"column":4},"end":{"line":58,"column":5}},"type":"if","locations":[{"start":{"line":52,"column":4},"end":{"line":58,"column":5}},{"start":{},"end":{}}],"line":52},"4":{"loc":{"start":{"line":54,"column":6},"end":{"line":56,"column":7}},"type":"if","locations":[{"start":{"line":54,"column":6},"end":{"line":56,"column":7}},{"start":{},"end":{}}],"line":54},"5":{"loc":{"start":{"line":54,"column":10},"end":{"line":54,"column":53}},"type":"binary-expr","locations":[{"start":{"line":54,"column":10},"end":{"line":54,"column":18}},{"start":{"line":54,"column":22},"end":{"line":54,"column":53}}],"line":54},"6":{"loc":{"start":{"line":61,"column":4},"end":{"line":63,"column":5}},"type":"if","locations":[{"start":{"line":61,"column":4},"end":{"line":63,"column":5}},{"start":{},"end":{}}],"line":61},"7":{"loc":{"start":{"line":66,"column":54},"end":{"line":66,"column":71}},"type":"binary-expr","locations":[{"start":{"line":66,"column":54},"end":{"line":66,"column":63}},{"start":{"line":66,"column":67},"end":{"line":66,"column":71}}],"line":66},"8":{"loc":{"start":{"line":70,"column":4},"end":{"line":98,"column":5}},"type":"if","locations":[{"start":{"line":70,"column":4},"end":{"line":98,"column":5}},{"start":{"line":83,"column":11},"end":{"line":98,"column":5}}],"line":70},"9":{"loc":{"start":{"line":88,"column":21},"end":{"line":88,"column":38}},"type":"binary-expr","locations":[{"start":{"line":88,"column":21},"end":{"line":88,"column":30}},{"start":{"line":88,"column":34},"end":{"line":88,"column":38}}],"line":88},"10":{"loc":{"start":{"line":112,"column":4},"end":{"line":114,"column":5}},"type":"if","locations":[{"start":{"line":112,"column":4},"end":{"line":114,"column":5}},{"start":{},"end":{}}],"line":112},"11":{"loc":{"start":{"line":112,"column":8},"end":{"line":112,"column":33}},"type":"binary-expr","locations":[{"start":{"line":112,"column":8},"end":{"line":112,"column":17}},{"start":{"line":112,"column":21},"end":{"line":112,"column":33}}],"line":112},"12":{"loc":{"start":{"line":117,"column":4},"end":{"line":119,"column":5}},"type":"if","locations":[{"start":{"line":117,"column":4},"end":{"line":119,"column":5}},{"start":{},"end":{}}],"line":117},"13":{"loc":{"start":{"line":125,"column":4},"end":{"line":127,"column":5}},"type":"if","locations":[{"start":{"line":125,"column":4},"end":{"line":127,"column":5}},{"start":{},"end":{}}],"line":125},"14":{"loc":{"start":{"line":153,"column":4},"end":{"line":155,"column":5}},"type":"if","locations":[{"start":{"line":153,"column":4},"end":{"line":155,"column":5}},{"start":{},"end":{}}],"line":153},"15":{"loc":{"start":{"line":161,"column":4},"end":{"line":163,"column":5}},"type":"if","locations":[{"start":{"line":161,"column":4},"end":{"line":163,"column":5}},{"start":{},"end":{}}],"line":161},"16":{"loc":{"start":{"line":178,"column":4},"end":{"line":180,"column":5}},"type":"if","locations":[{"start":{"line":178,"column":4},"end":{"line":180,"column":5}},{"start":{},"end":{}}],"line":178}},"s":{"0":0,"1":0,"2":0,"3":0,"4":0,"5":0,"6":0,"7":0,"8":0,"9":0,"10":0,"11":0,"12":0,"13":0,"14":0,"15":0,"16":0,"17":0,"18":0,"19":0,"20":0,"21":0,"22":0,"23":0,"24":0,"25":0,"26":0,"27":0,"28":0,"29":0,"30":0,"31":0,"32":0,"33":0,"34":0,"35":0,"36":0,"37":0,"38":0,"39":0,"40":0,"41":0,"42":0,"43":0,"44":0,"45":0,"46":0,"47":0,"48":0,"49":0,"50":0,"51":0,"52":0,"53":0,"54":0,"55":0,"56":0,"57":0,"58":0,"59":0,"60":0,"61":0,"62":0,"63":0,"64":0,"65":0,"66":0,"67":0,"68":0,"69":0,"70":0,"71":0,"72":0,"73":0,"74":0,"75":0},"f":{"0":0,"1":0,"2":0,"3":0,"4":0,"5":0},"b":{"0":[0,0],"1":[0,0],"2":[0,0],"3":[0,0],"4":[0,0],"5":[0,0],"6":[0,0],"7":[0,0],"8":[0,0],"9":[0,0],"10":[0,0],"11":[0,0],"12":[0,0],"13":[0,0],"14":[0,0],"15":[0,0],"16":[0,0]}}
,"D:\\projects\\arianation-crm-ecommerce\\src\\controllers\\designRequestController.js": {"path":"D:\\projects\\arianation-crm-ecommerce\\src\\controllers\\designRequestController.js","statementMap":{"0":{"start":{"line":3,"column":15},"end":{"line":3,"column":44}},"1":{"start":{"line":4,"column":52},"end":{"line":4,"column":80}},"2":{"start":{"line":5,"column":46},"end":{"line":5,"column":72}},"3":{"start":{"line":6,"column":21},"end":{"line":6,"column":50}},"4":{"start":{"line":8,"column":29},"end":{"line":51,"column":1}},"5":{"start":{"line":9,"column":2},"end":{"line":50,"column":3}},"6":{"start":{"line":10,"column":17},"end":{"line":10,"column":50}},"7":{"start":{"line":11,"column":18},"end":{"line":11,"column":53}},"8":{"start":{"line":12,"column":17},"end":{"line":12,"column":35}},"9":{"start":{"line":13,"column":31},"end":{"line":13,"column":40}},"10":{"start":{"line":15,"column":18},"end":{"line":15,"column":20}},"11":{"start":{"line":17,"column":4},"end":{"line":21,"column":5}},"12":{"start":{"line":18,"column":6},"end":{"line":18,"column":33}},"13":{"start":{"line":19,"column":11},"end":{"line":21,"column":5}},"14":{"start":{"line":20,"column":6},"end":{"line":20,"column":28}},"15":{"start":{"line":23,"column":4},"end":{"line":23,"column":38}},"16":{"start":{"line":23,"column":16},"end":{"line":23,"column":38}},"17":{"start":{"line":25,"column":30},"end":{"line":40,"column":6}},"18":{"start":{"line":42,"column":4},"end":{"line":47,"column":39}},"19":{"start":{"line":49,"column":4},"end":{"line":49,"column":16}},"20":{"start":{"line":53,"column":29},"end":{"line":78,"column":1}},"21":{"start":{"line":54,"column":2},"end":{"line":77,"column":3}},"22":{"start":{"line":55,"column":19},"end":{"line":55,"column":29}},"23":{"start":{"line":57,"column":20},"end":{"line":64,"column":6}},"24":{"start":{"line":66,"column":4},"end":{"line":68,"column":5}},"25":{"start":{"line":67,"column":6},"end":{"line":67,"column":65}},"26":{"start":{"line":70,"column":4},"end":{"line":72,"column":5}},"27":{"start":{"line":71,"column":6},"end":{"line":71,"column":55}},"28":{"start":{"line":74,"column":4},"end":{"line":74,"column":68}},"29":{"start":{"line":76,"column":4},"end":{"line":76,"column":16}},"30":{"start":{"line":80,"column":28},"end":{"line":124,"column":1}},"31":{"start":{"line":81,"column":2},"end":{"line":123,"column":3}},"32":{"start":{"line":82,"column":19},"end":{"line":82,"column":30}},"33":{"start":{"line":94,"column":8},"end":{"line":94,"column":16}},"34":{"start":{"line":96,"column":4},"end":{"line":101,"column":5}},"35":{"start":{"line":97,"column":20},"end":{"line":97,"column":77}},"36":{"start":{"line":98,"column":6},"end":{"line":100,"column":7}},"37":{"start":{"line":99,"column":8},"end":{"line":99,"column":58}},"38":{"start":{"line":103,"column":20},"end":{"line":118,"column":6}},"39":{"start":{"line":120,"column":4},"end":{"line":120,"column":70}},"40":{"start":{"line":122,"column":4},"end":{"line":122,"column":16}},"41":{"start":{"line":126,"column":28},"end":{"line":180,"column":1}},"42":{"start":{"line":127,"column":2},"end":{"line":179,"column":3}},"43":{"start":{"line":128,"column":19},"end":{"line":128,"column":29}},"44":{"start":{"line":140,"column":8},"end":{"line":140,"column":16}},"45":{"start":{"line":142,"column":21},"end":{"line":142,"column":77}},"46":{"start":{"line":143,"column":4},"end":{"line":145,"column":5}},"47":{"start":{"line":144,"column":6},"end":{"line":144,"column":65}},"48":{"start":{"line":147,"column":4},"end":{"line":149,"column":5}},"49":{"start":{"line":148,"column":6},"end":{"line":148,"column":55}},"50":{"start":{"line":151,"column":23},"end":{"line":151,"column":25}},"51":{"start":{"line":152,"column":4},"end":{"line":152,"column":72}},"52":{"start":{"line":152,"column":35},"end":{"line":152,"column":72}},"53":{"start":{"line":153,"column":4},"end":{"line":153,"column":90}},"54":{"start":{"line":153,"column":41},"end":{"line":153,"column":90}},"55":{"start":{"line":154,"column":4},"end":{"line":154,"column":90}},"56":{"start":{"line":154,"column":41},"end":{"line":154,"column":90}},"57":{"start":{"line":155,"column":4},"end":{"line":155,"column":78}},"58":{"start":{"line":155,"column":37},"end":{"line":155,"column":78}},"59":{"start":{"line":156,"column":4},"end":{"line":156,"column":63}},"60":{"start":{"line":156,"column":32},"end":{"line":156,"column":63}},"61":{"start":{"line":157,"column":4},"end":{"line":157,"column":63}},"62":{"start":{"line":157,"column":32},"end":{"line":157,"column":63}},"63":{"start":{"line":158,"column":4},"end":{"line":158,"column":99}},"64":{"start":{"line":158,"column":44},"end":{"line":158,"column":99}},"65":{"start":{"line":159,"column":4},"end":{"line":159,"column":87}},"66":{"start":{"line":159,"column":40},"end":{"line":159,"column":87}},"67":{"start":{"line":160,"column":4},"end":{"line":162,"column":5}},"68":{"start":{"line":161,"column":6},"end":{"line":161,"column":93}},"69":{"start":{"line":164,"column":4},"end":{"line":169,"column":5}},"70":{"start":{"line":165,"column":6},"end":{"line":165,"column":33}},"71":{"start":{"line":166,"column":6},"end":{"line":168,"column":7}},"72":{"start":{"line":167,"column":8},"end":{"line":167,"column":44}},"73":{"start":{"line":171,"column":20},"end":{"line":174,"column":6}},"74":{"start":{"line":176,"column":4},"end":{"line":176,"column":70}},"75":{"start":{"line":178,"column":4},"end":{"line":178,"column":16}},"76":{"start":{"line":182,"column":28},"end":{"line":204,"column":1}},"77":{"start":{"line":183,"column":2},"end":{"line":203,"column":3}},"78":{"start":{"line":184,"column":19},"end":{"line":184,"column":29}},"79":{"start":{"line":186,"column":21},"end":{"line":186,"column":77}},"80":{"start":{"line":187,"column":4},"end":{"line":189,"column":5}},"81":{"start":{"line":188,"column":6},"end":{"line":188,"column":65}},"82":{"start":{"line":191,"column":4},"end":{"line":193,"column":5}},"83":{"start":{"line":192,"column":6},"end":{"line":192,"column":55}},"84":{"start":{"line":195,"column":20},"end":{"line":198,"column":6}},"85":{"start":{"line":200,"column":4},"end":{"line":200,"column":78}},"86":{"start":{"line":202,"column":4},"end":{"line":202,"column":16}},"87":{"start":{"line":206,"column":20},"end":{"line":241,"column":1}},"88":{"start":{"line":207,"column":2},"end":{"line":240,"column":3}},"89":{"start":{"line":208,"column":19},"end":{"line":208,"column":29}},"90":{"start":{"line":209,"column":79},"end":{"line":209,"column":87}},"91":{"start":{"line":211,"column":26},"end":{"line":211,"column":82}},"92":{"start":{"line":212,"column":4},"end":{"line":214,"column":5}},"93":{"start":{"line":213,"column":6},"end":{"line":213,"column":65}},"94":{"start":{"line":216,"column":21},"end":{"line":225,"column":6}},"95":{"start":{"line":227,"column":20},"end":{"line":227,"column":40}},"96":{"start":{"line":228,"column":4},"end":{"line":230,"column":65}},"97":{"start":{"line":228,"column":37},"end":{"line":228,"column":60}},"98":{"start":{"line":229,"column":9},"end":{"line":230,"column":65}},"99":{"start":{"line":229,"column":49},"end":{"line":229,"column":82}},"100":{"start":{"line":230,"column":9},"end":{"line":230,"column":65}},"101":{"start":{"line":230,"column":42},"end":{"line":230,"column":65}},"102":{"start":{"line":232,"column":4},"end":{"line":235,"column":7}},"103":{"start":{"line":237,"column":4},"end":{"line":237,"column":70}},"104":{"start":{"line":239,"column":4},"end":{"line":239,"column":16}},"105":{"start":{"line":243,"column":0},"end":{"line":250,"column":2}}},"fnMap":{"0":{"name":"(anonymous_0)","decl":{"start":{"line":8,"column":29},"end":{"line":8,"column":30}},"loc":{"start":{"line":8,"column":55},"end":{"line":51,"column":1}},"line":8},"1":{"name":"(anonymous_1)","decl":{"start":{"line":53,"column":29},"end":{"line":53,"column":30}},"loc":{"start":{"line":53,"column":55},"end":{"line":78,"column":1}},"line":53},"2":{"name":"(anonymous_2)","decl":{"start":{"line":80,"column":28},"end":{"line":80,"column":29}},"loc":{"start":{"line":80,"column":54},"end":{"line":124,"column":1}},"line":80},"3":{"name":"(anonymous_3)","decl":{"start":{"line":126,"column":28},"end":{"line":126,"column":29}},"loc":{"start":{"line":126,"column":54},"end":{"line":180,"column":1}},"line":126},"4":{"name":"(anonymous_4)","decl":{"start":{"line":182,"column":28},"end":{"line":182,"column":29}},"loc":{"start":{"line":182,"column":54},"end":{"line":204,"column":1}},"line":182},"5":{"name":"(anonymous_5)","decl":{"start":{"line":206,"column":20},"end":{"line":206,"column":21}},"loc":{"start":{"line":206,"column":46},"end":{"line":241,"column":1}},"line":206}},"branchMap":{"0":{"loc":{"start":{"line":10,"column":17},"end":{"line":10,"column":50}},"type":"binary-expr","locations":[{"start":{"line":10,"column":17},"end":{"line":10,"column":45}},{"start":{"line":10,"column":49},"end":{"line":10,"column":50}}],"line":10},"1":{"loc":{"start":{"line":11,"column":18},"end":{"line":11,"column":53}},"type":"binary-expr","locations":[{"start":{"line":11,"column":18},"end":{"line":11,"column":47}},{"start":{"line":11,"column":51},"end":{"line":11,"column":53}}],"line":11},"2":{"loc":{"start":{"line":17,"column":4},"end":{"line":21,"column":5}},"type":"if","locations":[{"start":{"line":17,"column":4},"end":{"line":21,"column":5}},{"start":{"line":19,"column":11},"end":{"line":21,"column":5}}],"line":17},"3":{"loc":{"start":{"line":19,"column":11},"end":{"line":21,"column":5}},"type":"if","locations":[{"start":{"line":19,"column":11},"end":{"line":21,"column":5}},{"start":{},"end":{}}],"line":19},"4":{"loc":{"start":{"line":23,"column":4},"end":{"line":23,"column":38}},"type":"if","locations":[{"start":{"line":23,"column":4},"end":{"line":23,"column":38}},{"start":{},"end":{}}],"line":23},"5":{"loc":{"start":{"line":66,"column":4},"end":{"line":68,"column":5}},"type":"if","locations":[{"start":{"line":66,"column":4},"end":{"line":68,"column":5}},{"start":{},"end":{}}],"line":66},"6":{"loc":{"start":{"line":70,"column":4},"end":{"line":72,"column":5}},"type":"if","locations":[{"start":{"line":70,"column":4},"end":{"line":72,"column":5}},{"start":{},"end":{}}],"line":70},"7":{"loc":{"start":{"line":70,"column":8},"end":{"line":70,"column":70}},"type":"binary-expr","locations":[{"start":{"line":70,"column":8},"end":{"line":70,"column":36}},{"start":{"line":70,"column":40},"end":{"line":70,"column":70}}],"line":70},"8":{"loc":{"start":{"line":96,"column":4},"end":{"line":101,"column":5}},"type":"if","locations":[{"start":{"line":96,"column":4},"end":{"line":101,"column":5}},{"start":{},"end":{}}],"line":96},"9":{"loc":{"start":{"line":98,"column":6},"end":{"line":100,"column":7}},"type":"if","locations":[{"start":{"line":98,"column":6},"end":{"line":100,"column":7}},{"start":{},"end":{}}],"line":98},"10":{"loc":{"start":{"line":106,"column":17},"end":{"line":106,"column":32}},"type":"binary-expr","locations":[{"start":{"line":106,"column":17},"end":{"line":106,"column":24}},{"start":{"line":106,"column":28},"end":{"line":106,"column":32}}],"line":106},"11":{"loc":{"start":{"line":108,"column":27},"end":{"line":108,"column":52}},"type":"binary-expr","locations":[{"start":{"line":108,"column":27},"end":{"line":108,"column":44}},{"start":{"line":108,"column":48},"end":{"line":108,"column":52}}],"line":108},"12":{"loc":{"start":{"line":109,"column":27},"end":{"line":109,"column":52}},"type":"binary-expr","locations":[{"start":{"line":109,"column":27},"end":{"line":109,"column":44}},{"start":{"line":109,"column":48},"end":{"line":109,"column":52}}],"line":109},"13":{"loc":{"start":{"line":113,"column":30},"end":{"line":113,"column":58}},"type":"binary-expr","locations":[{"start":{"line":113,"column":30},"end":{"line":113,"column":50}},{"start":{"line":113,"column":54},"end":{"line":113,"column":58}}],"line":113},"14":{"loc":{"start":{"line":114,"column":26},"end":{"line":114,"column":50}},"type":"binary-expr","locations":[{"start":{"line":114,"column":26},"end":{"line":114,"column":42}},{"start":{"line":114,"column":46},"end":{"line":114,"column":50}}],"line":114},"15":{"loc":{"start":{"line":115,"column":18},"end":{"line":115,"column":54}},"type":"cond-expr","locations":[{"start":{"line":115,"column":29},"end":{"line":115,"column":47}},{"start":{"line":115,"column":50},"end":{"line":115,"column":54}}],"line":115},"16":{"loc":{"start":{"line":143,"column":4},"end":{"line":145,"column":5}},"type":"if","locations":[{"start":{"line":143,"column":4},"end":{"line":145,"column":5}},{"start":{},"end":{}}],"line":143},"17":{"loc":{"start":{"line":147,"column":4},"end":{"line":149,"column":5}},"type":"if","locations":[{"start":{"line":147,"column":4},"end":{"line":149,"column":5}},{"start":{},"end":{}}],"line":147},"18":{"loc":{"start":{"line":147,"column":8},"end":{"line":147,"column":71}},"type":"binary-expr","locations":[{"start":{"line":147,"column":8},"end":{"line":147,"column":36}},{"start":{"line":147,"column":40},"end":{"line":147,"column":71}}],"line":147},"19":{"loc":{"start":{"line":152,"column":4},"end":{"line":152,"column":72}},"type":"if","locations":[{"start":{"line":152,"column":4},"end":{"line":152,"column":72}},{"start":{},"end":{}}],"line":152},"20":{"loc":{"start":{"line":153,"column":4},"end":{"line":153,"column":90}},"type":"if","locations":[{"start":{"line":153,"column":4},"end":{"line":153,"column":90}},{"start":{},"end":{}}],"line":153},"21":{"loc":{"start":{"line":154,"column":4},"end":{"line":154,"column":90}},"type":"if","locations":[{"start":{"line":154,"column":4},"end":{"line":154,"column":90}},{"start":{},"end":{}}],"line":154},"22":{"loc":{"start":{"line":155,"column":4},"end":{"line":155,"column":78}},"type":"if","locations":[{"start":{"line":155,"column":4},"end":{"line":155,"column":78}},{"start":{},"end":{}}],"line":155},"23":{"loc":{"start":{"line":156,"column":4},"end":{"line":156,"column":63}},"type":"if","locations":[{"start":{"line":156,"column":4},"end":{"line":156,"column":63}},{"start":{},"end":{}}],"line":156},"24":{"loc":{"start":{"line":157,"column":4},"end":{"line":157,"column":63}},"type":"if","locations":[{"start":{"line":157,"column":4},"end":{"line":157,"column":63}},{"start":{},"end":{}}],"line":157},"25":{"loc":{"start":{"line":158,"column":4},"end":{"line":158,"column":99}},"type":"if","locations":[{"start":{"line":158,"column":4},"end":{"line":158,"column":99}},{"start":{},"end":{}}],"line":158},"26":{"loc":{"start":{"line":159,"column":4},"end":{"line":159,"column":87}},"type":"if","locations":[{"start":{"line":159,"column":4},"end":{"line":159,"column":87}},{"start":{},"end":{}}],"line":159},"27":{"loc":{"start":{"line":160,"column":4},"end":{"line":162,"column":5}},"type":"if","locations":[{"start":{"line":160,"column":4},"end":{"line":162,"column":5}},{"start":{},"end":{}}],"line":160},"28":{"loc":{"start":{"line":161,"column":28},"end":{"line":161,"column":92}},"type":"cond-expr","locations":[{"start":{"line":161,"column":67},"end":{"line":161,"column":71}},{"start":{"line":161,"column":74},"end":{"line":161,"column":92}}],"line":161},"29":{"loc":{"start":{"line":161,"column":28},"end":{"line":161,"column":64}},"type":"binary-expr","locations":[{"start":{"line":161,"column":28},"end":{"line":161,"column":45}},{"start":{"line":161,"column":49},"end":{"line":161,"column":64}}],"line":161},"30":{"loc":{"start":{"line":164,"column":4},"end":{"line":169,"column":5}},"type":"if","locations":[{"start":{"line":164,"column":4},"end":{"line":169,"column":5}},{"start":{},"end":{}}],"line":164},"31":{"loc":{"start":{"line":166,"column":6},"end":{"line":168,"column":7}},"type":"if","locations":[{"start":{"line":166,"column":6},"end":{"line":168,"column":7}},{"start":{},"end":{}}],"line":166},"32":{"loc":{"start":{"line":187,"column":4},"end":{"line":189,"column":5}},"type":"if","locations":[{"start":{"line":187,"column":4},"end":{"line":189,"column":5}},{"start":{},"end":{}}],"line":187},"33":{"loc":{"start":{"line":191,"column":4},"end":{"line":193,"column":5}},"type":"if","locations":[{"start":{"line":191,"column":4},"end":{"line":193,"column":5}},{"start":{},"end":{}}],"line":191},"34":{"loc":{"start":{"line":191,"column":8},"end":{"line":191,"column":71}},"type":"binary-expr","locations":[{"start":{"line":191,"column":8},"end":{"line":191,"column":36}},{"start":{"line":191,"column":40},"end":{"line":191,"column":71}}],"line":191},"35":{"loc":{"start":{"line":212,"column":4},"end":{"line":214,"column":5}},"type":"if","locations":[{"start":{"line":212,"column":4},"end":{"line":214,"column":5}},{"start":{},"end":{}}],"line":212},"36":{"loc":{"start":{"line":222,"column":23},"end":{"line":222,"column":44}},"type":"binary-expr","locations":[{"start":{"line":222,"column":23},"end":{"line":222,"column":36}},{"start":{"line":222,"column":40},"end":{"line":222,"column":44}}],"line":222},"37":{"loc":{"start":{"line":223,"column":29},"end":{"line":223,"column":56}},"type":"binary-expr","locations":[{"start":{"line":223,"column":29},"end":{"line":223,"column":48}},{"start":{"line":223,"column":52},"end":{"line":223,"column":56}}],"line":223},"38":{"loc":{"start":{"line":228,"column":4},"end":{"line":230,"column":65}},"type":"if","locations":[{"start":{"line":228,"column":4},"end":{"line":230,"column":65}},{"start":{"line":229,"column":9},"end":{"line":230,"column":65}}],"line":228},"39":{"loc":{"start":{"line":229,"column":9},"end":{"line":230,"column":65}},"type":"if","locations":[{"start":{"line":229,"column":9},"end":{"line":230,"column":65}},{"start":{"line":230,"column":9},"end":{"line":230,"column":65}}],"line":229},"40":{"loc":{"start":{"line":230,"column":9},"end":{"line":230,"column":65}},"type":"if","locations":[{"start":{"line":230,"column":9},"end":{"line":230,"column":65}},{"start":{},"end":{}}],"line":230}},"s":{"0":0,"1":0,"2":0,"3":0,"4":0,"5":0,"6":0,"7":0,"8":0,"9":0,"10":0,"11":0,"12":0,"13":0,"14":0,"15":0,"16":0,"17":0,"18":0,"19":0,"20":0,"21":0,"22":0,"23":0,"24":0,"25":0,"26":0,"27":0,"28":0,"29":0,"30":0,"31":0,"32":0,"33":0,"34":0,"35":0,"36":0,"37":0,"38":0,"39":0,"40":0,"41":0,"42":0,"43":0,"44":0,"45":0,"46":0,"47":0,"48":0,"49":0,"50":0,"51":0,"52":0,"53":0,"54":0,"55":0,"56":0,"57":0,"58":0,"59":0,"60":0,"61":0,"62":0,"63":0,"64":0,"65":0,"66":0,"67":0,"68":0,"69":0,"70":0,"71":0,"72":0,"73":0,"74":0,"75":0,"76":0,"77":0,"78":0,"79":0,"80":0,"81":0,"82":0,"83":0,"84":0,"85":0,"86":0,"87":0,"88":0,"89":0,"90":0,"91":0,"92":0,"93":0,"94":0,"95":0,"96":0,"97":0,"98":0,"99":0,"100":0,"101":0,"102":0,"103":0,"104":0,"105":0},"f":{"0":0,"1":0,"2":0,"3":0,"4":0,"5":0},"b":{"0":[0,0],"1":[0,0],"2":[0,0],"3":[0,0],"4":[0,0],"5":[0,0],"6":[0,0],"7":[0,0],"8":[0,0],"9":[0,0],"10":[0,0],"11":[0,0],"12":[0,0],"13":[0,0],"14":[0,0],"15":[0,0],"16":[0,0],"17":[0,0],"18":[0,0],"19":[0,0],"20":[0,0],"21":[0,0],"22":[0,0],"23":[0,0],"24":[0,0],"25":[0,0],"26":[0,0],"27":[0,0],"28":[0,0],"29":[0,0],"30":[0,0],"31":[0,0],"32":[0,0],"33":[0,0],"34":[0,0],"35":[0,0],"36":[0,0],"37":[0,0],"38":[0,0],"39":[0,0],"40":[0,0]}}
,"D:\\projects\\arianation-crm-ecommerce\\src\\controllers\\orderController.js": {"path":"D:\\projects\\arianation-crm-ecommerce\\src\\controllers\\orderController.js","statementMap":{"0":{"start":{"line":3,"column":15},"end":{"line":3,"column":44}},"1":{"start":{"line":4,"column":52},"end":{"line":4,"column":80}},"2":{"start":{"line":5,"column":63},"end":{"line":5,"column":89}},"3":{"start":{"line":6,"column":21},"end":{"line":6,"column":50}},"4":{"start":{"line":8,"column":21},"end":{"line":59,"column":1}},"5":{"start":{"line":9,"column":2},"end":{"line":58,"column":3}},"6":{"start":{"line":10,"column":17},"end":{"line":10,"column":50}},"7":{"start":{"line":11,"column":18},"end":{"line":11,"column":53}},"8":{"start":{"line":12,"column":17},"end":{"line":12,"column":35}},"9":{"start":{"line":13,"column":49},"end":{"line":13,"column":58}},"10":{"start":{"line":15,"column":18},"end":{"line":15,"column":20}},"11":{"start":{"line":17,"column":4},"end":{"line":21,"column":5}},"12":{"start":{"line":18,"column":6},"end":{"line":18,"column":33}},"13":{"start":{"line":19,"column":11},"end":{"line":21,"column":5}},"14":{"start":{"line":20,"column":6},"end":{"line":20,"column":28}},"15":{"start":{"line":23,"column":4},"end":{"line":23,"column":38}},"16":{"start":{"line":23,"column":16},"end":{"line":23,"column":38}},"17":{"start":{"line":24,"column":4},"end":{"line":28,"column":5}},"18":{"start":{"line":25,"column":6},"end":{"line":25,"column":27}},"19":{"start":{"line":26,"column":6},"end":{"line":26,"column":61}},"20":{"start":{"line":26,"column":20},"end":{"line":26,"column":61}},"21":{"start":{"line":27,"column":6},"end":{"line":27,"column":57}},"22":{"start":{"line":27,"column":18},"end":{"line":27,"column":57}},"23":{"start":{"line":30,"column":28},"end":{"line":48,"column":6}},"24":{"start":{"line":50,"column":4},"end":{"line":55,"column":30}},"25":{"start":{"line":57,"column":4},"end":{"line":57,"column":16}},"26":{"start":{"line":61,"column":21},"end":{"line":95,"column":1}},"27":{"start":{"line":62,"column":2},"end":{"line":94,"column":3}},"28":{"start":{"line":63,"column":19},"end":{"line":63,"column":29}},"29":{"start":{"line":65,"column":18},"end":{"line":81,"column":6}},"30":{"start":{"line":83,"column":4},"end":{"line":85,"column":5}},"31":{"start":{"line":84,"column":6},"end":{"line":84,"column":56}},"32":{"start":{"line":87,"column":4},"end":{"line":89,"column":5}},"33":{"start":{"line":88,"column":6},"end":{"line":88,"column":55}},"34":{"start":{"line":91,"column":4},"end":{"line":91,"column":57}},"35":{"start":{"line":93,"column":4},"end":{"line":93,"column":16}},"36":{"start":{"line":97,"column":20},"end":{"line":192,"column":1}},"37":{"start":{"line":98,"column":2},"end":{"line":191,"column":3}},"38":{"start":{"line":99,"column":19},"end":{"line":99,"column":30}},"39":{"start":{"line":100,"column":61},"end":{"line":100,"column":69}},"40":{"start":{"line":102,"column":21},"end":{"line":102,"column":23}},"41":{"start":{"line":104,"column":4},"end":{"line":158,"column":5}},"42":{"start":{"line":105,"column":25},"end":{"line":105,"column":74}},"43":{"start":{"line":105,"column":57},"end":{"line":105,"column":71}},"44":{"start":{"line":106,"column":25},"end":{"line":106,"column":107}},"45":{"start":{"line":106,"column":60},"end":{"line":106,"column":74}},"46":{"start":{"line":106,"column":90},"end":{"line":106,"column":104}},"47":{"start":{"line":108,"column":35},"end":{"line":115,"column":8}},"48":{"start":{"line":117,"column":27},"end":{"line":117,"column":84}},"49":{"start":{"line":117,"column":61},"end":{"line":117,"column":82}},"50":{"start":{"line":118,"column":27},"end":{"line":118,"column":84}},"51":{"start":{"line":118,"column":61},"end":{"line":118,"column":82}},"52":{"start":{"line":120,"column":6},"end":{"line":140,"column":9}},"53":{"start":{"line":121,"column":24},"end":{"line":121,"column":56}},"54":{"start":{"line":122,"column":8},"end":{"line":124,"column":9}},"55":{"start":{"line":123,"column":10},"end":{"line":123,"column":73}},"56":{"start":{"line":126,"column":24},"end":{"line":126,"column":37}},"57":{"start":{"line":127,"column":8},"end":{"line":130,"column":9}},"58":{"start":{"line":128,"column":26},"end":{"line":128,"column":58}},"59":{"start":{"line":129,"column":10},"end":{"line":129,"column":60}},"60":{"start":{"line":129,"column":23},"end":{"line":129,"column":60}},"61":{"start":{"line":132,"column":8},"end":{"line":139,"column":10}},"62":{"start":{"line":142,"column":19},"end":{"line":145,"column":8}},"63":{"start":{"line":147,"column":6},"end":{"line":149,"column":7}},"64":{"start":{"line":148,"column":8},"end":{"line":148,"column":55}},"65":{"start":{"line":151,"column":6},"end":{"line":157,"column":10}},"66":{"start":{"line":151,"column":45},"end":{"line":157,"column":7}},"67":{"start":{"line":160,"column":24},"end":{"line":160,"column":80}},"68":{"start":{"line":160,"column":57},"end":{"line":160,"column":76}},"69":{"start":{"line":162,"column":18},"end":{"line":179,"column":6}},"70":{"start":{"line":181,"column":4},"end":{"line":186,"column":5}},"71":{"start":{"line":182,"column":19},"end":{"line":182,"column":78}},"72":{"start":{"line":183,"column":6},"end":{"line":185,"column":7}},"73":{"start":{"line":184,"column":8},"end":{"line":184,"column":73}},"74":{"start":{"line":188,"column":4},"end":{"line":188,"column":59}},"75":{"start":{"line":190,"column":4},"end":{"line":190,"column":16}},"76":{"start":{"line":194,"column":26},"end":{"line":225,"column":1}},"77":{"start":{"line":195,"column":2},"end":{"line":224,"column":3}},"78":{"start":{"line":196,"column":19},"end":{"line":196,"column":29}},"79":{"start":{"line":197,"column":30},"end":{"line":197,"column":38}},"80":{"start":{"line":199,"column":18},"end":{"line":199,"column":66}},"81":{"start":{"line":200,"column":4},"end":{"line":202,"column":5}},"82":{"start":{"line":201,"column":6},"end":{"line":201,"column":56}},"83":{"start":{"line":204,"column":25},"end":{"line":207,"column":6}},"84":{"start":{"line":209,"column":4},"end":{"line":219,"column":5}},"85":{"start":{"line":210,"column":6},"end":{"line":218,"column":9}},"86":{"start":{"line":221,"column":4},"end":{"line":221,"column":66}},"87":{"start":{"line":223,"column":4},"end":{"line":223,"column":16}},"88":{"start":{"line":227,"column":20},"end":{"line":254,"column":1}},"89":{"start":{"line":228,"column":2},"end":{"line":253,"column":3}},"90":{"start":{"line":229,"column":19},"end":{"line":229,"column":29}},"91":{"start":{"line":231,"column":18},"end":{"line":231,"column":66}},"92":{"start":{"line":232,"column":4},"end":{"line":234,"column":5}},"93":{"start":{"line":233,"column":6},"end":{"line":233,"column":56}},"94":{"start":{"line":236,"column":4},"end":{"line":238,"column":5}},"95":{"start":{"line":237,"column":6},"end":{"line":237,"column":55}},"96":{"start":{"line":240,"column":32},"end":{"line":240,"column":56}},"97":{"start":{"line":241,"column":4},"end":{"line":243,"column":5}},"98":{"start":{"line":242,"column":6},"end":{"line":242,"column":62}},"99":{"start":{"line":245,"column":25},"end":{"line":248,"column":6}},"100":{"start":{"line":250,"column":4},"end":{"line":250,"column":68}},"101":{"start":{"line":252,"column":4},"end":{"line":252,"column":16}},"102":{"start":{"line":256,"column":25},"end":{"line":278,"column":1}},"103":{"start":{"line":257,"column":2},"end":{"line":277,"column":3}},"104":{"start":{"line":258,"column":19},"end":{"line":258,"column":29}},"105":{"start":{"line":260,"column":18},"end":{"line":260,"column":66}},"106":{"start":{"line":261,"column":4},"end":{"line":263,"column":5}},"107":{"start":{"line":262,"column":6},"end":{"line":262,"column":56}},"108":{"start":{"line":265,"column":4},"end":{"line":267,"column":5}},"109":{"start":{"line":266,"column":6},"end":{"line":266,"column":55}},"110":{"start":{"line":269,"column":21},"end":{"line":272,"column":6}},"111":{"start":{"line":274,"column":4},"end":{"line":274,"column":72}},"112":{"start":{"line":276,"column":4},"end":{"line":276,"column":16}},"113":{"start":{"line":280,"column":0},"end":{"line":280,"column":111}}},"fnMap":{"0":{"name":"(anonymous_0)","decl":{"start":{"line":8,"column":21},"end":{"line":8,"column":22}},"loc":{"start":{"line":8,"column":47},"end":{"line":59,"column":1}},"line":8},"1":{"name":"(anonymous_1)","decl":{"start":{"line":61,"column":21},"end":{"line":61,"column":22}},"loc":{"start":{"line":61,"column":47},"end":{"line":95,"column":1}},"line":61},"2":{"name":"(anonymous_2)","decl":{"start":{"line":97,"column":20},"end":{"line":97,"column":21}},"loc":{"start":{"line":97,"column":46},"end":{"line":192,"column":1}},"line":97},"3":{"name":"(anonymous_3)","decl":{"start":{"line":105,"column":47},"end":{"line":105,"column":48}},"loc":{"start":{"line":105,"column":57},"end":{"line":105,"column":71}},"line":105},"4":{"name":"(anonymous_4)","decl":{"start":{"line":106,"column":50},"end":{"line":106,"column":51}},"loc":{"start":{"line":106,"column":60},"end":{"line":106,"column":74}},"line":106},"5":{"name":"(anonymous_5)","decl":{"start":{"line":106,"column":80},"end":{"line":106,"column":81}},"loc":{"start":{"line":106,"column":90},"end":{"line":106,"column":104}},"line":106},"6":{"name":"(anonymous_6)","decl":{"start":{"line":117,"column":48},"end":{"line":117,"column":49}},"loc":{"start":{"line":117,"column":61},"end":{"line":117,"column":82}},"line":117},"7":{"name":"(anonymous_7)","decl":{"start":{"line":118,"column":48},"end":{"line":118,"column":49}},"loc":{"start":{"line":118,"column":61},"end":{"line":118,"column":82}},"line":118},"8":{"name":"(anonymous_8)","decl":{"start":{"line":120,"column":29},"end":{"line":120,"column":30}},"loc":{"start":{"line":120,"column":39},"end":{"line":140,"column":7}},"line":120},"9":{"name":"(anonymous_9)","decl":{"start":{"line":151,"column":34},"end":{"line":151,"column":35}},"loc":{"start":{"line":151,"column":45},"end":{"line":157,"column":7}},"line":151},"10":{"name":"(anonymous_10)","decl":{"start":{"line":160,"column":42},"end":{"line":160,"column":43}},"loc":{"start":{"line":160,"column":57},"end":{"line":160,"column":76}},"line":160},"11":{"name":"(anonymous_11)","decl":{"start":{"line":194,"column":26},"end":{"line":194,"column":27}},"loc":{"start":{"line":194,"column":52},"end":{"line":225,"column":1}},"line":194},"12":{"name":"(anonymous_12)","decl":{"start":{"line":227,"column":20},"end":{"line":227,"column":21}},"loc":{"start":{"line":227,"column":46},"end":{"line":254,"column":1}},"line":227},"13":{"name":"(anonymous_13)","decl":{"start":{"line":256,"column":25},"end":{"line":256,"column":26}},"loc":{"start":{"line":256,"column":51},"end":{"line":278,"column":1}},"line":256}},"branchMap":{"0":{"loc":{"start":{"line":10,"column":17},"end":{"line":10,"column":50}},"type":"binary-expr","locations":[{"start":{"line":10,"column":17},"end":{"line":10,"column":45}},{"start":{"line":10,"column":49},"end":{"line":10,"column":50}}],"line":10},"1":{"loc":{"start":{"line":11,"column":18},"end":{"line":11,"column":53}},"type":"binary-expr","locations":[{"start":{"line":11,"column":18},"end":{"line":11,"column":47}},{"start":{"line":11,"column":51},"end":{"line":11,"column":53}}],"line":11},"2":{"loc":{"start":{"line":17,"column":4},"end":{"line":21,"column":5}},"type":"if","locations":[{"start":{"line":17,"column":4},"end":{"line":21,"column":5}},{"start":{"line":19,"column":11},"end":{"line":21,"column":5}}],"line":17},"3":{"loc":{"start":{"line":19,"column":11},"end":{"line":21,"column":5}},"type":"if","locations":[{"start":{"line":19,"column":11},"end":{"line":21,"column":5}},{"start":{},"end":{}}],"line":19},"4":{"loc":{"start":{"line":23,"column":4},"end":{"line":23,"column":38}},"type":"if","locations":[{"start":{"line":23,"column":4},"end":{"line":23,"column":38}},{"start":{},"end":{}}],"line":23},"5":{"loc":{"start":{"line":24,"column":4},"end":{"line":28,"column":5}},"type":"if","locations":[{"start":{"line":24,"column":4},"end":{"line":28,"column":5}},{"start":{},"end":{}}],"line":24},"6":{"loc":{"start":{"line":24,"column":8},"end":{"line":24,"column":26}},"type":"binary-expr","locations":[{"start":{"line":24,"column":8},"end":{"line":24,"column":16}},{"start":{"line":24,"column":20},"end":{"line":24,"column":26}}],"line":24},"7":{"loc":{"start":{"line":26,"column":6},"end":{"line":26,"column":61}},"type":"if","locations":[{"start":{"line":26,"column":6},"end":{"line":26,"column":61}},{"start":{},"end":{}}],"line":26},"8":{"loc":{"start":{"line":27,"column":6},"end":{"line":27,"column":57}},"type":"if","locations":[{"start":{"line":27,"column":6},"end":{"line":27,"column":57}},{"start":{},"end":{}}],"line":27},"9":{"loc":{"start":{"line":83,"column":4},"end":{"line":85,"column":5}},"type":"if","locations":[{"start":{"line":83,"column":4},"end":{"line":85,"column":5}},{"start":{},"end":{}}],"line":83},"10":{"loc":{"start":{"line":87,"column":4},"end":{"line":89,"column":5}},"type":"if","locations":[{"start":{"line":87,"column":4},"end":{"line":89,"column":5}},{"start":{},"end":{}}],"line":87},"11":{"loc":{"start":{"line":87,"column":8},"end":{"line":87,"column":68}},"type":"binary-expr","locations":[{"start":{"line":87,"column":8},"end":{"line":87,"column":36}},{"start":{"line":87,"column":40},"end":{"line":87,"column":68}}],"line":87},"12":{"loc":{"start":{"line":104,"column":4},"end":{"line":158,"column":5}},"type":"if","locations":[{"start":{"line":104,"column":4},"end":{"line":158,"column":5}},{"start":{"line":141,"column":11},"end":{"line":158,"column":5}}],"line":104},"13":{"loc":{"start":{"line":104,"column":8},"end":{"line":104,"column":57}},"type":"binary-expr","locations":[{"start":{"line":104,"column":8},"end":{"line":104,"column":13}},{"start":{"line":104,"column":17},"end":{"line":104,"column":37}},{"start":{"line":104,"column":41},"end":{"line":104,"column":57}}],"line":104},"14":{"loc":{"start":{"line":122,"column":8},"end":{"line":124,"column":9}},"type":"if","locations":[{"start":{"line":122,"column":8},"end":{"line":124,"column":9}},{"start":{},"end":{}}],"line":122},"15":{"loc":{"start":{"line":122,"column":12},"end":{"line":122,"column":41}},"type":"binary-expr","locations":[{"start":{"line":122,"column":12},"end":{"line":122,"column":20}},{"start":{"line":122,"column":24},"end":{"line":122,"column":41}}],"line":122},"16":{"loc":{"start":{"line":127,"column":8},"end":{"line":130,"column":9}},"type":"if","locations":[{"start":{"line":127,"column":8},"end":{"line":130,"column":9}},{"start":{},"end":{}}],"line":127},"17":{"loc":{"start":{"line":129,"column":10},"end":{"line":129,"column":60}},"type":"if","locations":[{"start":{"line":129,"column":10},"end":{"line":129,"column":60}},{"start":{},"end":{}}],"line":129},"18":{"loc":{"start":{"line":134,"column":21},"end":{"line":134,"column":43}},"type":"binary-expr","locations":[{"start":{"line":134,"column":21},"end":{"line":134,"column":35}},{"start":{"line":134,"column":39},"end":{"line":134,"column":43}}],"line":134},"19":{"loc":{"start":{"line":138,"column":17},"end":{"line":138,"column":35}},"type":"binary-expr","locations":[{"start":{"line":138,"column":17},"end":{"line":138,"column":27}},{"start":{"line":138,"column":31},"end":{"line":138,"column":35}}],"line":138},"20":{"loc":{"start":{"line":147,"column":6},"end":{"line":149,"column":7}},"type":"if","locations":[{"start":{"line":147,"column":6},"end":{"line":149,"column":7}},{"start":{},"end":{}}],"line":147},"21":{"loc":{"start":{"line":147,"column":10},"end":{"line":147,"column":42}},"type":"binary-expr","locations":[{"start":{"line":147,"column":10},"end":{"line":147,"column":15}},{"start":{"line":147,"column":19},"end":{"line":147,"column":42}}],"line":147},"22":{"loc":{"start":{"line":153,"column":19},"end":{"line":153,"column":41}},"type":"binary-expr","locations":[{"start":{"line":153,"column":19},"end":{"line":153,"column":33}},{"start":{"line":153,"column":37},"end":{"line":153,"column":41}}],"line":153},"23":{"loc":{"start":{"line":167,"column":25},"end":{"line":167,"column":48}},"type":"binary-expr","locations":[{"start":{"line":167,"column":25},"end":{"line":167,"column":40}},{"start":{"line":167,"column":44},"end":{"line":167,"column":48}}],"line":167},"24":{"loc":{"start":{"line":168,"column":15},"end":{"line":168,"column":28}},"type":"binary-expr","locations":[{"start":{"line":168,"column":15},"end":{"line":168,"column":20}},{"start":{"line":168,"column":24},"end":{"line":168,"column":28}}],"line":168},"25":{"loc":{"start":{"line":181,"column":4},"end":{"line":186,"column":5}},"type":"if","locations":[{"start":{"line":181,"column":4},"end":{"line":186,"column":5}},{"start":{},"end":{}}],"line":181},"26":{"loc":{"start":{"line":183,"column":6},"end":{"line":185,"column":7}},"type":"if","locations":[{"start":{"line":183,"column":6},"end":{"line":185,"column":7}},{"start":{},"end":{}}],"line":183},"27":{"loc":{"start":{"line":200,"column":4},"end":{"line":202,"column":5}},"type":"if","locations":[{"start":{"line":200,"column":4},"end":{"line":202,"column":5}},{"start":{},"end":{}}],"line":200},"28":{"loc":{"start":{"line":206,"column":29},"end":{"line":206,"column":49}},"type":"binary-expr","locations":[{"start":{"line":206,"column":29},"end":{"line":206,"column":34}},{"start":{"line":206,"column":38},"end":{"line":206,"column":49}}],"line":206},"29":{"loc":{"start":{"line":209,"column":4},"end":{"line":219,"column":5}},"type":"if","locations":[{"start":{"line":209,"column":4},"end":{"line":219,"column":5}},{"start":{},"end":{}}],"line":209},"30":{"loc":{"start":{"line":232,"column":4},"end":{"line":234,"column":5}},"type":"if","locations":[{"start":{"line":232,"column":4},"end":{"line":234,"column":5}},{"start":{},"end":{}}],"line":232},"31":{"loc":{"start":{"line":236,"column":4},"end":{"line":238,"column":5}},"type":"if","locations":[{"start":{"line":236,"column":4},"end":{"line":238,"column":5}},{"start":{},"end":{}}],"line":236},"32":{"loc":{"start":{"line":236,"column":8},"end":{"line":236,"column":68}},"type":"binary-expr","locations":[{"start":{"line":236,"column":8},"end":{"line":236,"column":36}},{"start":{"line":236,"column":40},"end":{"line":236,"column":68}}],"line":236},"33":{"loc":{"start":{"line":241,"column":4},"end":{"line":243,"column":5}},"type":"if","locations":[{"start":{"line":241,"column":4},"end":{"line":243,"column":5}},{"start":{},"end":{}}],"line":241},"34":{"loc":{"start":{"line":261,"column":4},"end":{"line":263,"column":5}},"type":"if","locations":[{"start":{"line":261,"column":4},"end":{"line":263,"column":5}},{"start":{},"end":{}}],"line":261},"35":{"loc":{"start":{"line":265,"column":4},"end":{"line":267,"column":5}},"type":"if","locations":[{"start":{"line":265,"column":4},"end":{"line":267,"column":5}},{"start":{},"end":{}}],"line":265},"36":{"loc":{"start":{"line":265,"column":8},"end":{"line":265,"column":68}},"type":"binary-expr","locations":[{"start":{"line":265,"column":8},"end":{"line":265,"column":36}},{"start":{"line":265,"column":40},"end":{"line":265,"column":68}}],"line":265}},"s":{"0":0,"1":0,"2":0,"3":0,"4":0,"5":0,"6":0,"7":0,"8":0,"9":0,"10":0,"11":0,"12":0,"13":0,"14":0,"15":0,"16":0,"17":0,"18":0,"19":0,"20":0,"21":0,"22":0,"23":0,"24":0,"25":0,"26":0,"27":0,"28":0,"29":0,"30":0,"31":0,"32":0,"33":0,"34":0,"35":0,"36":0,"37":0,"38":0,"39":0,"40":0,"41":0,"42":0,"43":0,"44":0,"45":0,"46":0,"47":0,"48":0,"49":0,"50":0,"51":0,"52":0,"53":0,"54":0,"55":0,"56":0,"57":0,"58":0,"59":0,"60":0,"61":0,"62":0,"63":0,"64":0,"65":0,"66":0,"67":0,"68":0,"69":0,"70":0,"71":0,"72":0,"73":0,"74":0,"75":0,"76":0,"77":0,"78":0,"79":0,"80":0,"81":0,"82":0,"83":0,"84":0,"85":0,"86":0,"87":0,"88":0,"89":0,"90":0,"91":0,"92":0,"93":0,"94":0,"95":0,"96":0,"97":0,"98":0,"99":0,"100":0,"101":0,"102":0,"103":0,"104":0,"105":0,"106":0,"107":0,"108":0,"109":0,"110":0,"111":0,"112":0,"113":0},"f":{"0":0,"1":0,"2":0,"3":0,"4":0,"5":0,"6":0,"7":0,"8":0,"9":0,"10":0,"11":0,"12":0,"13":0},"b":{"0":[0,0],"1":[0,0],"2":[0,0],"3":[0,0],"4":[0,0],"5":[0,0],"6":[0,0],"7":[0,0],"8":[0,0],"9":[0,0],"10":[0,0],"11":[0,0],"12":[0,0],"13":[0,0,0],"14":[0,0],"15":[0,0],"16":[0,0],"17":[0,0],"18":[0,0],"19":[0,0],"20":[0,0],"21":[0,0],"22":[0,0],"23":[0,0],"24":[0,0],"25":[0,0],"26":[0,0],"27":[0,0],"28":[0,0],"29":[0,0],"30":[0,0],"31":[0,0],"32":[0,0],"33":[0,0],"34":[0,0],"35":[0,0],"36":[0,0]}}
,"D:\\projects\\arianation-crm-ecommerce\\src\\controllers\\paymentController.js": {"path":"D:\\projects\\arianation-crm-ecommerce\\src\\controllers\\paymentController.js","statementMap":{"0":{"start":{"line":3,"column":15},"end":{"line":3,"column":44}},"1":{"start":{"line":4,"column":52},"end":{"line":4,"column":80}},"2":{"start":{"line":5,"column":63},"end":{"line":5,"column":89}},"3":{"start":{"line":6,"column":21},"end":{"line":6,"column":50}},"4":{"start":{"line":8,"column":30},"end":{"line":10,"column":1}},"5":{"start":{"line":9,"column":2},"end":{"line":9,"column":89}},"6":{"start":{"line":12,"column":23},"end":{"line":45,"column":1}},"7":{"start":{"line":13,"column":2},"end":{"line":44,"column":3}},"8":{"start":{"line":14,"column":17},"end":{"line":14,"column":50}},"9":{"start":{"line":15,"column":18},"end":{"line":15,"column":53}},"10":{"start":{"line":16,"column":17},"end":{"line":16,"column":35}},"11":{"start":{"line":17,"column":31},"end":{"line":17,"column":40}},"12":{"start":{"line":19,"column":18},"end":{"line":19,"column":20}},"13":{"start":{"line":20,"column":4},"end":{"line":20,"column":38}},"14":{"start":{"line":20,"column":16},"end":{"line":20,"column":38}},"15":{"start":{"line":21,"column":4},"end":{"line":21,"column":38}},"16":{"start":{"line":21,"column":16},"end":{"line":21,"column":38}},"17":{"start":{"line":23,"column":30},"end":{"line":34,"column":6}},"18":{"start":{"line":36,"column":4},"end":{"line":41,"column":32}},"19":{"start":{"line":43,"column":4},"end":{"line":43,"column":16}},"20":{"start":{"line":47,"column":23},"end":{"line":78,"column":1}},"21":{"start":{"line":48,"column":2},"end":{"line":77,"column":3}},"22":{"start":{"line":49,"column":19},"end":{"line":49,"column":29}},"23":{"start":{"line":51,"column":20},"end":{"line":64,"column":6}},"24":{"start":{"line":66,"column":4},"end":{"line":68,"column":5}},"25":{"start":{"line":67,"column":6},"end":{"line":67,"column":58}},"26":{"start":{"line":70,"column":4},"end":{"line":72,"column":5}},"27":{"start":{"line":71,"column":6},"end":{"line":71,"column":55}},"28":{"start":{"line":74,"column":4},"end":{"line":74,"column":61}},"29":{"start":{"line":76,"column":4},"end":{"line":76,"column":16}},"30":{"start":{"line":80,"column":22},"end":{"line":145,"column":1}},"31":{"start":{"line":81,"column":2},"end":{"line":144,"column":3}},"32":{"start":{"line":82,"column":32},"end":{"line":82,"column":40}},"33":{"start":{"line":84,"column":18},"end":{"line":87,"column":6}},"34":{"start":{"line":89,"column":4},"end":{"line":91,"column":5}},"35":{"start":{"line":90,"column":6},"end":{"line":90,"column":56}},"36":{"start":{"line":93,"column":4},"end":{"line":95,"column":5}},"37":{"start":{"line":94,"column":6},"end":{"line":94,"column":55}},"38":{"start":{"line":97,"column":4},"end":{"line":99,"column":5}},"39":{"start":{"line":98,"column":6},"end":{"line":98,"column":68}},"40":{"start":{"line":101,"column":26},"end":{"line":101,"column":49}},"41":{"start":{"line":103,"column":24},"end":{"line":109,"column":5}},"42":{"start":{"line":111,"column":4},"end":{"line":127,"column":5}},"43":{"start":{"line":112,"column":6},"end":{"line":112,"column":58}},"44":{"start":{"line":113,"column":22},"end":{"line":113,"column":42}},"45":{"start":{"line":114,"column":6},"end":{"line":116,"column":7}},"46":{"start":{"line":115,"column":8},"end":{"line":115,"column":78}},"47":{"start":{"line":117,"column":11},"end":{"line":127,"column":5}},"48":{"start":{"line":118,"column":26},"end":{"line":118,"column":57}},"49":{"start":{"line":119,"column":23},"end":{"line":119,"column":44}},"50":{"start":{"line":120,"column":26},"end":{"line":120,"column":55}},"51":{"start":{"line":121,"column":6},"end":{"line":123,"column":7}},"52":{"start":{"line":122,"column":8},"end":{"line":122,"column":94}},"53":{"start":{"line":124,"column":6},"end":{"line":124,"column":44}},"54":{"start":{"line":125,"column":6},"end":{"line":125,"column":38}},"55":{"start":{"line":126,"column":6},"end":{"line":126,"column":44}},"56":{"start":{"line":130,"column":4},"end":{"line":139,"column":5}},"57":{"start":{"line":131,"column":6},"end":{"line":134,"column":9}},"58":{"start":{"line":136,"column":6},"end":{"line":138,"column":9}},"59":{"start":{"line":141,"column":4},"end":{"line":141,"column":63}},"60":{"start":{"line":143,"column":4},"end":{"line":143,"column":16}},"61":{"start":{"line":147,"column":22},"end":{"line":196,"column":1}},"62":{"start":{"line":148,"column":2},"end":{"line":195,"column":3}},"63":{"start":{"line":149,"column":19},"end":{"line":149,"column":29}},"64":{"start":{"line":150,"column":42},"end":{"line":150,"column":50}},"65":{"start":{"line":152,"column":20},"end":{"line":152,"column":70}},"66":{"start":{"line":153,"column":4},"end":{"line":155,"column":5}},"67":{"start":{"line":154,"column":6},"end":{"line":154,"column":58}},"68":{"start":{"line":157,"column":4},"end":{"line":159,"column":5}},"69":{"start":{"line":158,"column":6},"end":{"line":158,"column":68}},"70":{"start":{"line":161,"column":24},"end":{"line":161,"column":45}},"71":{"start":{"line":163,"column":27},"end":{"line":173,"column":6}},"72":{"start":{"line":175,"column":4},"end":{"line":180,"column":5}},"73":{"start":{"line":176,"column":6},"end":{"line":179,"column":9}},"74":{"start":{"line":182,"column":4},"end":{"line":190,"column":7}},"75":{"start":{"line":192,"column":4},"end":{"line":192,"column":71}},"76":{"start":{"line":194,"column":4},"end":{"line":194,"column":16}},"77":{"start":{"line":198,"column":26},"end":{"line":220,"column":1}},"78":{"start":{"line":199,"column":2},"end":{"line":219,"column":3}},"79":{"start":{"line":200,"column":24},"end":{"line":200,"column":34}},"80":{"start":{"line":202,"column":18},"end":{"line":202,"column":75}},"81":{"start":{"line":203,"column":4},"end":{"line":205,"column":5}},"82":{"start":{"line":204,"column":6},"end":{"line":204,"column":56}},"83":{"start":{"line":207,"column":4},"end":{"line":209,"column":5}},"84":{"start":{"line":208,"column":6},"end":{"line":208,"column":55}},"85":{"start":{"line":211,"column":20},"end":{"line":211,"column":75}},"86":{"start":{"line":212,"column":4},"end":{"line":214,"column":5}},"87":{"start":{"line":213,"column":6},"end":{"line":213,"column":58}},"88":{"start":{"line":216,"column":4},"end":{"line":216,"column":61}},"89":{"start":{"line":218,"column":4},"end":{"line":218,"column":16}},"90":{"start":{"line":222,"column":0},"end":{"line":222,"column":101}}},"fnMap":{"0":{"name":"(anonymous_0)","decl":{"start":{"line":8,"column":30},"end":{"line":8,"column":31}},"loc":{"start":{"line":8,"column":36},"end":{"line":10,"column":1}},"line":8},"1":{"name":"(anonymous_1)","decl":{"start":{"line":12,"column":23},"end":{"line":12,"column":24}},"loc":{"start":{"line":12,"column":49},"end":{"line":45,"column":1}},"line":12},"2":{"name":"(anonymous_2)","decl":{"start":{"line":47,"column":23},"end":{"line":47,"column":24}},"loc":{"start":{"line":47,"column":49},"end":{"line":78,"column":1}},"line":47},"3":{"name":"(anonymous_3)","decl":{"start":{"line":80,"column":22},"end":{"line":80,"column":23}},"loc":{"start":{"line":80,"column":48},"end":{"line":145,"column":1}},"line":80},"4":{"name":"(anonymous_4)","decl":{"start":{"line":147,"column":22},"end":{"line":147,"column":23}},"loc":{"start":{"line":147,"column":48},"end":{"line":196,"column":1}},"line":147},"5":{"name":"(anonymous_5)","decl":{"start":{"line":198,"column":26},"end":{"line":198,"column":27}},"loc":{"start":{"line":198,"column":52},"end":{"line":220,"column":1}},"line":198}},"branchMap":{"0":{"loc":{"start":{"line":14,"column":17},"end":{"line":14,"column":50}},"type":"binary-expr","locations":[{"start":{"line":14,"column":17},"end":{"line":14,"column":45}},{"start":{"line":14,"column":49},"end":{"line":14,"column":50}}],"line":14},"1":{"loc":{"start":{"line":15,"column":18},"end":{"line":15,"column":53}},"type":"binary-expr","locations":[{"start":{"line":15,"column":18},"end":{"line":15,"column":47}},{"start":{"line":15,"column":51},"end":{"line":15,"column":53}}],"line":15},"2":{"loc":{"start":{"line":20,"column":4},"end":{"line":20,"column":38}},"type":"if","locations":[{"start":{"line":20,"column":4},"end":{"line":20,"column":38}},{"start":{},"end":{}}],"line":20},"3":{"loc":{"start":{"line":21,"column":4},"end":{"line":21,"column":38}},"type":"if","locations":[{"start":{"line":21,"column":4},"end":{"line":21,"column":38}},{"start":{},"end":{}}],"line":21},"4":{"loc":{"start":{"line":66,"column":4},"end":{"line":68,"column":5}},"type":"if","locations":[{"start":{"line":66,"column":4},"end":{"line":68,"column":5}},{"start":{},"end":{}}],"line":66},"5":{"loc":{"start":{"line":70,"column":4},"end":{"line":72,"column":5}},"type":"if","locations":[{"start":{"line":70,"column":4},"end":{"line":72,"column":5}},{"start":{},"end":{}}],"line":70},"6":{"loc":{"start":{"line":70,"column":8},"end":{"line":70,"column":76}},"type":"binary-expr","locations":[{"start":{"line":70,"column":8},"end":{"line":70,"column":36}},{"start":{"line":70,"column":40},"end":{"line":70,"column":76}}],"line":70},"7":{"loc":{"start":{"line":89,"column":4},"end":{"line":91,"column":5}},"type":"if","locations":[{"start":{"line":89,"column":4},"end":{"line":91,"column":5}},{"start":{},"end":{}}],"line":89},"8":{"loc":{"start":{"line":93,"column":4},"end":{"line":95,"column":5}},"type":"if","locations":[{"start":{"line":93,"column":4},"end":{"line":95,"column":5}},{"start":{},"end":{}}],"line":93},"9":{"loc":{"start":{"line":93,"column":8},"end":{"line":93,"column":68}},"type":"binary-expr","locations":[{"start":{"line":93,"column":8},"end":{"line":93,"column":36}},{"start":{"line":93,"column":40},"end":{"line":93,"column":68}}],"line":93},"10":{"loc":{"start":{"line":97,"column":4},"end":{"line":99,"column":5}},"type":"if","locations":[{"start":{"line":97,"column":4},"end":{"line":99,"column":5}},{"start":{},"end":{}}],"line":97},"11":{"loc":{"start":{"line":97,"column":8},"end":{"line":97,"column":61}},"type":"binary-expr","locations":[{"start":{"line":97,"column":8},"end":{"line":97,"column":21}},{"start":{"line":97,"column":25},"end":{"line":97,"column":61}}],"line":97},"12":{"loc":{"start":{"line":106,"column":14},"end":{"line":106,"column":43}},"type":"binary-expr","locations":[{"start":{"line":106,"column":14},"end":{"line":106,"column":20}},{"start":{"line":106,"column":24},"end":{"line":106,"column":43}}],"line":106},"13":{"loc":{"start":{"line":111,"column":4},"end":{"line":127,"column":5}},"type":"if","locations":[{"start":{"line":111,"column":4},"end":{"line":127,"column":5}},{"start":{"line":117,"column":11},"end":{"line":127,"column":5}}],"line":111},"14":{"loc":{"start":{"line":111,"column":8},"end":{"line":111,"column":59}},"type":"binary-expr","locations":[{"start":{"line":111,"column":8},"end":{"line":111,"column":25}},{"start":{"line":111,"column":29},"end":{"line":111,"column":59}}],"line":111},"15":{"loc":{"start":{"line":114,"column":6},"end":{"line":116,"column":7}},"type":"if","locations":[{"start":{"line":114,"column":6},"end":{"line":116,"column":7}},{"start":{},"end":{}}],"line":114},"16":{"loc":{"start":{"line":117,"column":11},"end":{"line":127,"column":5}},"type":"if","locations":[{"start":{"line":117,"column":11},"end":{"line":127,"column":5}},{"start":{},"end":{}}],"line":117},"17":{"loc":{"start":{"line":117,"column":15},"end":{"line":117,"column":84}},"type":"binary-expr","locations":[{"start":{"line":117,"column":15},"end":{"line":117,"column":41}},{"start":{"line":117,"column":45},"end":{"line":117,"column":84}}],"line":117},"18":{"loc":{"start":{"line":121,"column":6},"end":{"line":123,"column":7}},"type":"if","locations":[{"start":{"line":121,"column":6},"end":{"line":123,"column":7}},{"start":{},"end":{}}],"line":121},"19":{"loc":{"start":{"line":121,"column":10},"end":{"line":121,"column":51}},"type":"binary-expr","locations":[{"start":{"line":121,"column":10},"end":{"line":121,"column":22}},{"start":{"line":121,"column":26},"end":{"line":121,"column":35}},{"start":{"line":121,"column":39},"end":{"line":121,"column":51}}],"line":121},"20":{"loc":{"start":{"line":130,"column":4},"end":{"line":139,"column":5}},"type":"if","locations":[{"start":{"line":130,"column":4},"end":{"line":139,"column":5}},{"start":{"line":135,"column":11},"end":{"line":139,"column":5}}],"line":130},"21":{"loc":{"start":{"line":153,"column":4},"end":{"line":155,"column":5}},"type":"if","locations":[{"start":{"line":153,"column":4},"end":{"line":155,"column":5}},{"start":{},"end":{}}],"line":153},"22":{"loc":{"start":{"line":157,"column":4},"end":{"line":159,"column":5}},"type":"if","locations":[{"start":{"line":157,"column":4},"end":{"line":159,"column":5}},{"start":{},"end":{}}],"line":157},"23":{"loc":{"start":{"line":161,"column":24},"end":{"line":161,"column":45}},"type":"binary-expr","locations":[{"start":{"line":161,"column":24},"end":{"line":161,"column":30}},{"start":{"line":161,"column":34},"end":{"line":161,"column":45}}],"line":161},"24":{"loc":{"start":{"line":167,"column":21},"end":{"line":167,"column":68}},"type":"cond-expr","locations":[{"start":{"line":167,"column":51},"end":{"line":167,"column":61}},{"start":{"line":167,"column":64},"end":{"line":167,"column":68}}],"line":167},"25":{"loc":{"start":{"line":170,"column":15},"end":{"line":170,"column":28}},"type":"binary-expr","locations":[{"start":{"line":170,"column":15},"end":{"line":170,"column":20}},{"start":{"line":170,"column":24},"end":{"line":170,"column":28}}],"line":170},"26":{"loc":{"start":{"line":171,"column":20},"end":{"line":171,"column":38}},"type":"binary-expr","locations":[{"start":{"line":171,"column":20},"end":{"line":171,"column":30}},{"start":{"line":171,"column":34},"end":{"line":171,"column":38}}],"line":171},"27":{"loc":{"start":{"line":175,"column":4},"end":{"line":180,"column":5}},"type":"if","locations":[{"start":{"line":175,"column":4},"end":{"line":180,"column":5}},{"start":{},"end":{}}],"line":175},"28":{"loc":{"start":{"line":203,"column":4},"end":{"line":205,"column":5}},"type":"if","locations":[{"start":{"line":203,"column":4},"end":{"line":205,"column":5}},{"start":{},"end":{}}],"line":203},"29":{"loc":{"start":{"line":207,"column":4},"end":{"line":209,"column":5}},"type":"if","locations":[{"start":{"line":207,"column":4},"end":{"line":209,"column":5}},{"start":{},"end":{}}],"line":207},"30":{"loc":{"start":{"line":207,"column":8},"end":{"line":207,"column":68}},"type":"binary-expr","locations":[{"start":{"line":207,"column":8},"end":{"line":207,"column":36}},{"start":{"line":207,"column":40},"end":{"line":207,"column":68}}],"line":207},"31":{"loc":{"start":{"line":212,"column":4},"end":{"line":214,"column":5}},"type":"if","locations":[{"start":{"line":212,"column":4},"end":{"line":214,"column":5}},{"start":{},"end":{}}],"line":212}},"s":{"0":0,"1":0,"2":0,"3":0,"4":0,"5":0,"6":0,"7":0,"8":0,"9":0,"10":0,"11":0,"12":0,"13":0,"14":0,"15":0,"16":0,"17":0,"18":0,"19":0,"20":0,"21":0,"22":0,"23":0,"24":0,"25":0,"26":0,"27":0,"28":0,"29":0,"30":0,"31":0,"32":0,"33":0,"34":0,"35":0,"36":0,"37":0,"38":0,"39":0,"40":0,"41":0,"42":0,"43":0,"44":0,"45":0,"46":0,"47":0,"48":0,"49":0,"50":0,"51":0,"52":0,"53":0,"54":0,"55":0,"56":0,"57":0,"58":0,"59":0,"60":0,"61":0,"62":0,"63":0,"64":0,"65":0,"66":0,"67":0,"68":0,"69":0,"70":0,"71":0,"72":0,"73":0,"74":0,"75":0,"76":0,"77":0,"78":0,"79":0,"80":0,"81":0,"82":0,"83":0,"84":0,"85":0,"86":0,"87":0,"88":0,"89":0,"90":0},"f":{"0":0,"1":0,"2":0,"3":0,"4":0,"5":0},"b":{"0":[0,0],"1":[0,0],"2":[0,0],"3":[0,0],"4":[0,0],"5":[0,0],"6":[0,0],"7":[0,0],"8":[0,0],"9":[0,0],"10":[0,0],"11":[0,0],"12":[0,0],"13":[0,0],"14":[0,0],"15":[0,0],"16":[0,0],"17":[0,0],"18":[0,0],"19":[0,0,0],"20":[0,0],"21":[0,0],"22":[0,0],"23":[0,0],"24":[0,0],"25":[0,0],"26":[0,0],"27":[0,0],"28":[0,0],"29":[0,0],"30":[0,0],"31":[0,0]}}
,"D:\\projects\\arianation-crm-ecommerce\\src\\controllers\\productController.js": {"path":"D:\\projects\\arianation-crm-ecommerce\\src\\controllers\\productController.js","statementMap":{"0":{"start":{"line":3,"column":15},"end":{"line":3,"column":44}},"1":{"start":{"line":4,"column":52},"end":{"line":4,"column":80}},"2":{"start":{"line":5,"column":26},"end":{"line":5,"column":52}},"3":{"start":{"line":6,"column":21},"end":{"line":6,"column":50}},"4":{"start":{"line":8,"column":23},"end":{"line":55,"column":1}},"5":{"start":{"line":9,"column":2},"end":{"line":54,"column":3}},"6":{"start":{"line":10,"column":17},"end":{"line":10,"column":50}},"7":{"start":{"line":11,"column":18},"end":{"line":11,"column":53}},"8":{"start":{"line":12,"column":17},"end":{"line":12,"column":35}},"9":{"start":{"line":13,"column":92},"end":{"line":13,"column":101}},"10":{"start":{"line":15,"column":18},"end":{"line":15,"column":20}},"11":{"start":{"line":16,"column":4},"end":{"line":16,"column":50}},"12":{"start":{"line":16,"column":20},"end":{"line":16,"column":50}},"13":{"start":{"line":17,"column":4},"end":{"line":17,"column":56}},"14":{"start":{"line":17,"column":22},"end":{"line":17,"column":56}},"15":{"start":{"line":18,"column":4},"end":{"line":18,"column":53}},"16":{"start":{"line":18,"column":21},"end":{"line":18,"column":53}},"17":{"start":{"line":19,"column":4},"end":{"line":19,"column":69}},"18":{"start":{"line":19,"column":32},"end":{"line":19,"column":69}},"19":{"start":{"line":20,"column":4},"end":{"line":25,"column":5}},"20":{"start":{"line":21,"column":6},"end":{"line":24,"column":8}},"21":{"start":{"line":26,"column":4},"end":{"line":30,"column":5}},"22":{"start":{"line":27,"column":6},"end":{"line":27,"column":23}},"23":{"start":{"line":28,"column":6},"end":{"line":28,"column":59}},"24":{"start":{"line":28,"column":20},"end":{"line":28,"column":59}},"25":{"start":{"line":29,"column":6},"end":{"line":29,"column":59}},"26":{"start":{"line":29,"column":20},"end":{"line":29,"column":59}},"27":{"start":{"line":32,"column":30},"end":{"line":44,"column":6}},"28":{"start":{"line":46,"column":4},"end":{"line":51,"column":32}},"29":{"start":{"line":53,"column":4},"end":{"line":53,"column":16}},"30":{"start":{"line":57,"column":23},"end":{"line":77,"column":1}},"31":{"start":{"line":58,"column":2},"end":{"line":76,"column":3}},"32":{"start":{"line":59,"column":19},"end":{"line":59,"column":29}},"33":{"start":{"line":61,"column":20},"end":{"line":67,"column":6}},"34":{"start":{"line":69,"column":4},"end":{"line":71,"column":5}},"35":{"start":{"line":70,"column":6},"end":{"line":70,"column":58}},"36":{"start":{"line":73,"column":4},"end":{"line":73,"column":61}},"37":{"start":{"line":75,"column":4},"end":{"line":75,"column":16}},"38":{"start":{"line":79,"column":22},"end":{"line":129,"column":1}},"39":{"start":{"line":80,"column":2},"end":{"line":128,"column":3}},"40":{"start":{"line":91,"column":8},"end":{"line":91,"column":16}},"41":{"start":{"line":93,"column":21},"end":{"line":93,"column":91}},"42":{"start":{"line":94,"column":4},"end":{"line":96,"column":5}},"43":{"start":{"line":95,"column":6},"end":{"line":95,"column":60}},"44":{"start":{"line":98,"column":20},"end":{"line":123,"column":6}},"45":{"start":{"line":110,"column":43},"end":{"line":115,"column":15}},"46":{"start":{"line":125,"column":4},"end":{"line":125,"column":63}},"47":{"start":{"line":127,"column":4},"end":{"line":127,"column":16}},"48":{"start":{"line":131,"column":22},"end":{"line":159,"column":1}},"49":{"start":{"line":132,"column":2},"end":{"line":158,"column":3}},"50":{"start":{"line":133,"column":19},"end":{"line":133,"column":29}},"51":{"start":{"line":134,"column":83},"end":{"line":134,"column":91}},"52":{"start":{"line":136,"column":21},"end":{"line":136,"column":71}},"53":{"start":{"line":137,"column":4},"end":{"line":139,"column":5}},"54":{"start":{"line":138,"column":6},"end":{"line":138,"column":58}},"55":{"start":{"line":141,"column":23},"end":{"line":141,"column":25}},"56":{"start":{"line":142,"column":4},"end":{"line":142,"column":72}},"57":{"start":{"line":142,"column":35},"end":{"line":142,"column":72}},"58":{"start":{"line":143,"column":4},"end":{"line":143,"column":72}},"59":{"start":{"line":143,"column":35},"end":{"line":143,"column":72}},"60":{"start":{"line":144,"column":4},"end":{"line":144,"column":54}},"61":{"start":{"line":144,"column":29},"end":{"line":144,"column":54}},"62":{"start":{"line":145,"column":4},"end":{"line":145,"column":78}},"63":{"start":{"line":145,"column":37},"end":{"line":145,"column":78}},"64":{"start":{"line":146,"column":4},"end":{"line":146,"column":63}},"65":{"start":{"line":146,"column":32},"end":{"line":146,"column":63}},"66":{"start":{"line":147,"column":4},"end":{"line":147,"column":63}},"67":{"start":{"line":147,"column":32},"end":{"line":147,"column":63}},"68":{"start":{"line":149,"column":20},"end":{"line":153,"column":6}},"69":{"start":{"line":155,"column":4},"end":{"line":155,"column":63}},"70":{"start":{"line":157,"column":4},"end":{"line":157,"column":16}},"71":{"start":{"line":161,"column":22},"end":{"line":179,"column":1}},"72":{"start":{"line":162,"column":2},"end":{"line":178,"column":3}},"73":{"start":{"line":163,"column":19},"end":{"line":163,"column":29}},"74":{"start":{"line":165,"column":21},"end":{"line":165,"column":71}},"75":{"start":{"line":166,"column":4},"end":{"line":168,"column":5}},"76":{"start":{"line":167,"column":6},"end":{"line":167,"column":58}},"77":{"start":{"line":170,"column":4},"end":{"line":173,"column":7}},"78":{"start":{"line":175,"column":4},"end":{"line":175,"column":60}},"79":{"start":{"line":177,"column":4},"end":{"line":177,"column":16}},"80":{"start":{"line":181,"column":22},"end":{"line":195,"column":1}},"81":{"start":{"line":182,"column":2},"end":{"line":194,"column":3}},"82":{"start":{"line":183,"column":29},"end":{"line":183,"column":38}},"83":{"start":{"line":184,"column":18},"end":{"line":184,"column":54}},"84":{"start":{"line":186,"column":23},"end":{"line":189,"column":6}},"85":{"start":{"line":191,"column":4},"end":{"line":191,"column":77}},"86":{"start"
[...]
d":{"line":45,"column":74}}],"line":45},"7":{"loc":{"start":{"line":52,"column":4},"end":{"line":57,"column":5}},"type":"if","locations":[{"start":{"line":52,"column":4},"end":{"line":57,"column":5}},{"start":{},"end":{}}],"line":52},"8":{"loc":{"start":{"line":52,"column":8},"end":{"line":52,"column":62}},"type":"binary-expr","locations":[{"start":{"line":52,"column":8},"end":{"line":52,"column":40}},{"start":{"line":52,"column":44},"end":{"line":52,"column":62}}],"line":52},"9":{"loc":{"start":{"line":60,"column":2},"end":{"line":65,"column":3}},"type":"if","locations":[{"start":{"line":60,"column":2},"end":{"line":65,"column":3}},{"start":{},"end":{}}],"line":60},"10":{"loc":{"start":{"line":60,"column":6},"end":{"line":60,"column":95}},"type":"binary-expr","locations":[{"start":{"line":60,"column":6},"end":{"line":60,"column":22}},{"start":{"line":60,"column":26},"end":{"line":60,"column":61}},{"start":{"line":60,"column":65},"end":{"line":60,"column":95}}],"line":60},"11":{"loc":{"start":{"line":69,"column":4},"end":{"line":77,"column":5}},"type":"if","locations":[{"start":{"line":69,"column":4},"end":{"line":77,"column":5}},{"start":{},"end":{}}],"line":69},"12":{"loc":{"start":{"line":70,"column":6},"end":{"line":71,"column":42}},"type":"binary-expr","locations":[{"start":{"line":70,"column":6},"end":{"line":70,"column":48}},{"start":{"line":71,"column":6},"end":{"line":71,"column":42}}],"line":70},"13":{"loc":{"start":{"line":80,"column":2},"end":{"line":89,"column":3}},"type":"if","locations":[{"start":{"line":80,"column":2},"end":{"line":89,"column":3}},{"start":{},"end":{}}],"line":80},"14":{"loc":{"start":{"line":81,"column":4},"end":{"line":83,"column":29}},"type":"binary-expr","locations":[{"start":{"line":81,"column":4},"end":{"line":81,"column":65}},{"start":{"line":82,"column":4},"end":{"line":82,"column":17}},{"start":{"line":83,"column":4},"end":{"line":83,"column":29}}],"line":81},"15":{"loc":{"start":{"line":81,"column":41},"end":{"line":81,"column":55}},"type":"binary-expr","locations":[{"start":{"line":81,"column":41},"end":{"line":81,"column":49}},{"start":{"line":81,"column":53},"end":{"line":81,"column":55}}],"line":81}},"s":{"0":0,"1":0,"2":0,"3":0,"4":0,"5":0,"6":0,"7":0,"8":0,"9":0,"10":0,"11":0,"12":0,"13":0,"14":0,"15":0,"16":0,"17":0,"18":0,"19":0,"20":0,"21":0,"22":0,"23":0,"24":0,"25":0,"26":0,"27":0,"28":0,"29":0,"30":0,"31":0,"32":0,"33":0,"34":0,"35":0,"36":0},"f":{"0":0},"b":{"0":[0,0],"1":[0,0],"2":[0,0],"3":[0,0],"4":[0,0,0],"5":[0,0],"6":[0,0],"7":[0,0],"8":[0,0],"9":[0,0],"10":[0,0,0],"11":[0,0],"12":[0,0],"13":[0,0],"14":[0,0,0],"15":[0,0]}}
,"D:\\projects\\arianation-crm-ecommerce\\src\\routes\\payments.js": {"path":"D:\\projects\\arianation-crm-ecommerce\\src\\routes\\payments.js","statementMap":{"0":{"start":{"line":3,"column":16},"end":{"line":3,"column":34}},"1":{"start":{"line":4,"column":18},"end":{"line":4,"column":47}},"2":{"start":{"line":5,"column":15},"end":{"line":5,"column":31}},"3":{"start":{"line":12,"column":4},"end":{"line":12,"column":47}},"4":{"start":{"line":13,"column":36},"end":{"line":13,"column":65}},"5":{"start":{"line":15,"column":23},"end":{"line":21,"column":2}},"6":{"start":{"line":24,"column":0},"end":{"line":24,"column":41}},"7":{"start":{"line":27,"column":0},"end":{"line":27,"column":61}},"8":{"start":{"line":30,"column":0},"end":{"line":30,"column":32}},"9":{"start":{"line":33,"column":0},"end":{"line":33,"column":49}},"10":{"start":{"line":36,"column":0},"end":{"line":36,"column":35}},"11":{"start":{"line":39,"column":0},"end":{"line":39,"column":70}},"12":{"start":{"line":41,"column":0},"end":{"line":41,"column":24}}},"fnMap":{},"branchMap":{},"s":{"0":0,"1":0,"2":0,"3":0,"4":0,"5":0,"6":0,"7":0,"8":0,"9":0,"10":0,"11":0,"12":0},"f":{},"b":{}}
,"D:\\projects\\arianation-crm-ecommerce\\src\\routes\\products.js": {"path":"D:\\projects\\arianation-crm-ecommerce\\src\\routes\\products.js","statementMap":{"0":{"start":{"line":3,"column":16},"end":{"line":3,"column":34}},"1":{"start":{"line":4,"column":18},"end":{"line":4,"column":47}},"2":{"start":{"line":5,"column":15},"end":{"line":5,"column":31}},"3":{"start":{"line":14,"column":4},"end":{"line":14,"column":47}},"4":{"start":{"line":15,"column":36},"end":{"line":15,"column":65}},"5":{"start":{"line":16,"column":34},"end":{"line":16,"column":69}},"6":{"start":{"line":18,"column":23},"end":{"line":24,"column":2}},"7":{"start":{"line":27,"column":0},"end":{"line":27,"column":48}},"8":{"start":{"line":28,"column":0},"end":{"line":28,"column":57}},"9":{"start":{"line":29,"column":0},"end":{"line":29,"column":51}},"10":{"start":{"line":32,"column":0},"end":{"line":32,"column":128}},"11":{"start":{"line":33,"column":0},"end":{"line":33,"column":93}},"12":{"start":{"line":34,"column":0},"end":{"line":34,"column":96}},"13":{"start":{"line":35,"column":0},"end":{"line":35,"column":103}},"14":{"start":{"line":37,"column":0},"end":{"line":37,"column":24}}},"fnMap":{},"branchMap":{},"s":{"0":0,"1":0,"2":0,"3":0,"4":0,"5":0,"6":0,"7":0,"8":0,"9":0,"10":0,"11":0,"12":0,"13":0,"14":0},"f":{},"b":{}}
,"D:\\projects\\arianation-crm-ecommerce\\src\\routes\\users.js": {"path":"D:\\projects\\arianation-crm-ecommerce\\src\\routes\\users.js","statementMap":{"0":{"start":{"line":3,"column":16},"end":{"line":3,"column":34}},"1":{"start":{"line":4,"column":18},"end":{"line":4,"column":47}},"2":{"start":{"line":5,"column":15},"end":{"line":5,"column":31}},"3":{"start":{"line":13,"column":4},"end":{"line":13,"column":44}},"4":{"start":{"line":14,"column":36},"end":{"line":14,"column":65}},"5":{"start":{"line":16,"column":23},"end":{"line":22,"column":2}},"6":{"start":{"line":25,"column":0},"end":{"line":25,"column":41}},"7":{"start":{"line":28,"column":0},"end":{"line":28,"column":58}},"8":{"start":{"line":31,"column":0},"end":{"line":31,"column":38}},"9":{"start":{"line":32,"column":0},"end":{"line":32,"column":47}},"10":{"start":{"line":35,"column":0},"end":{"line":35,"column":32}},"11":{"start":{"line":36,"column":0},"end":{"line":36,"column":31}},"12":{"start":{"line":37,"column":0},"end":{"line":37,"column":63}},"13":{"start":{"line":39,"column":0},"end":{"line":39,"column":24}}},"fnMap":{},"branchMap":{},"s":{"0":0,"1":0,"2":0,"3":0,"4":0,"5":0,"6":0,"7":0,"8":0,"9":0,"10":0,"11":0,"12":0,"13":0},"f":{},"b":{}}
,"D:\\projects\\arianation-crm-ecommerce\\src\\utils\\constants.js": {"path":"D:\\projects\\arianation-crm-ecommerce\\src\\utils\\constants.js","statementMap":{"0":{"start":{"line":3,"column":20},"end":{"line":14,"column":1}},"1":{"start":{"line":16,"column":19},"end":{"line":21,"column":1}},"2":{"start":{"line":23,"column":21},"end":{"line":32,"column":1}},"3":{"start":{"line":34,"column":23},"end":{"line":39,"column":1}},"4":{"start":{"line":41,"column":23},"end":{"line":45,"column":1}},"5":{"start":{"line":47,"column":22},"end":{"line":56,"column":1}},"6":{"start":{"line":58,"column":17},"end":{"line":125,"column":1}},"7":{"start":{"line":127,"column":0},"end":{"line":135,"column":2}}},"fnMap":{},"branchMap":{},"s":{"0":0,"1":0,"2":0,"3":0,"4":0,"5":0,"6":0,"7":0},"f":{},"b":{}}
,"D:\\projects\\arianation-crm-ecommerce\\src\\utils\\errors.js": {"path":"D:\\projects\\arianation-crm-ecommerce\\src\\utils\\errors.js","statementMap":{"0":{"start":{"line":5,"column":4},"end":{"line":5,"column":19}},"1":{"start":{"line":6,"column":4},"end":{"line":6,"column":33}},"2":{"start":{"line":7,"column":4},"end":{"line":7,"column":21}},"3":{"start":{"line":8,"column":4},"end":{"line":8,"column":30}},"4":{"start":{"line":9,"column":4},"end":{"line":9,"column":52}},"5":{"start":{"line":15,"column":4},"end":{"line":15,"column":44}},"6":{"start":{"line":16,"column":4},"end":{"line":16,"column":27}},"7":{"start":{"line":22,"column":4},"end":{"line":22,"column":48}},"8":{"start":{"line":28,"column":4},"end":{"line":28,"column":47}},"9":{"start":{"line":34,"column":4},"end":{"line":34,"column":37}},"10":{"start":{"line":40,"column":4},"end":{"line":40,"column":36}},"11":{"start":{"line":46,"column":4},"end":{"line":46,"column":39}},"12":{"start":{"line":50,"column":0},"end":{"line":58,"column":2}}},"fnMap":{"0":{"name":"(anonymous_0)","decl":{"start":{"line":4,"column":2},"end":{"line":4,"column":3}},"loc":{"start":{"line":4,"column":48},"end":{"line":10,"column":3}},"line":4},"1":{"name":"(anonymous_1)","decl":{"start":{"line":14,"column":2},"end":{"line":14,"column":3}},"loc":{"start":{"line":14,"column":39},"end":{"line":17,"column":3}},"line":14},"2":{"name":"(anonymous_2)","decl":{"start":{"line":21,"column":2},"end":{"line":21,"column":3}},"loc":{"start":{"line":21,"column":49},"end":{"line":23,"column":3}},"line":21},"3":{"name":"(anonymous_3)","decl":{"start":{"line":27,"column":2},"end":{"line":27,"column":3}},"loc":{"start":{"line":27,"column":77},"end":{"line":29,"column":3}},"line":27},"4":{"name":"(anonymous_4)","decl":{"start":{"line":33,"column":2},"end":{"line":33,"column":3}},"loc":{"start":{"line":33,"column":46},"end":{"line":35,"column":3}},"line":33},"5":{"name":"(anonymous_5)","decl":{"start":{"line":39,"column":2},"end":{"line":39,"column":3}},"loc":{"start":{"line":39,"column":51},"end":{"line":41,"column":3}},"line":39},"6":{"name":"(anonymous_6)","decl":{"start":{"line":45,"column":2},"end":{"line":45,"column":3}},"loc":{"start":{"line":45,"column":39},"end":{"line":47,"column":3}},"line":45}},"branchMap":{"0":{"loc":{"start":{"line":4,"column":35},"end":{"line":4,"column":46}},"type":"default-arg","locations":[{"start":{"line":4,"column":42},"end":{"line":4,"column":46}}],"line":4},"1":{"loc":{"start":{"line":14,"column":23},"end":{"line":14,"column":37}},"type":"default-arg","locations":[{"start":{"line":14,"column":33},"end":{"line":14,"column":37}}],"line":14},"2":{"loc":{"start":{"line":21,"column":14},"end":{"line":21,"column":47}},"type":"default-arg","locations":[{"start":{"line":21,"column":24},"end":{"line":21,"column":47}}],"line":21},"3":{"loc":{"start":{"line":27,"column":14},"end":{"line":27,"column":75}},"type":"default-arg","locations":[{"start":{"line":27,"column":24},"end":{"line":27,"column":75}}],"line":27},"4":{"loc":{"start":{"line":33,"column":14},"end":{"line":33,"column":44}},"type":"default-arg","locations":[{"start":{"line":33,"column":24},"end":{"line":33,"column":44}}],"line":33},"5":{"loc":{"start":{"line":39,"column":14},"end":{"line":39,"column":49}},"type":"default-arg","locations":[{"start":{"line":39,"column":24},"end":{"line":39,"column":49}}],"line":39},"6":{"loc":{"start":{"line":45,"column":14},"end":{"line":45,"column":37}},"type":"default-arg","locations":[{"start":{"line":45,"column":24},"end":{"line":45,"column":37}}],"line":45}},"s":{"0":0,"1":0,"2":0,"3":0,"4":0,"5":0,"6":0,"7":0,"8":0,"9":0,"10":0,"11":0,"12":0},"f":{"0":0,"1":0,"2":0,"3":0,"4":0,"5":0,"6":0},"b":{"0":[0],"1":[0],"2":[0],"3":[0],"4":[0],"5":[0],"6":[0]}}
,"D:\\projects\\arianation-crm-ecommerce\\src\\utils\\jwt.js": {"path":"D:\\projects\\arianation-crm-ecommerce\\src\\utils\\jwt.js","statementMap":{"0":{"start":{"line":3,"column":12},"end":{"line":3,"column":35}},"1":{"start":{"line":4,"column":32},"end":{"line":4,"column":51}},"2":{"start":{"line":6,"column":21},"end":{"line":12,"column":1}},"3":{"start":{"line":7,"column":17},"end":{"line":7,"column":39}},"4":{"start":{"line":8,"column":2},"end":{"line":10,"column":3}},"5":{"start":{"line":9,"column":4},"end":{"line":9,"column":66}},"6":{"start":{"line":11,"column":2},"end":{"line":11,"column":16}},"7":{"start":{"line":14,"column":19},"end":{"line":14,"column":49}},"8":{"start":{"line":16,"column":22},"end":{"line":18,"column":1}},"9":{"start":{"line":17,"column":2},"end":{"line":17,"column":70}},"10":{"start":{"line":20,"column":29},"end":{"line":22,"column":1}},"11":{"start":{"line":21,"column":2},"end":{"line":21,"column":65}},"12":{"start":{"line":24,"column":20},"end":{"line":33,"column":1}},"13":{"start":{"line":25,"column":2},"end":{"line":32,"column":3}},"14":{"start":{"line":26,"column":4},"end":{"line":26,"column":45}},"15":{"start":{"line":28,"column":4},"end":{"line":30,"column":5}},"16":{"start":{"line":29,"column":6},"end":{"line":29,"column":57}},"17":{"start":{"line":31,"column":4},"end":{"line":31,"column":51}},"18":{"start":{"line":35,"column":20},"end":{"line":37,"column":1}},"19":{"start":{"line":36,"column":2},"end":{"line":36,"column":27}},"20":{"start":{"line":39,"column":0},"end":{"line":44,"column":2}}},"fnMap":{"0":{"name":"(anonymous_0)","decl":{"start":{"line":6,"column":21},"end":{"line":6,"column":22}},"loc":{"start":{"line":6,"column":27},"end":{"line":12,"column":1}},"line":6},"1":{"name":"(anonymous_1)","decl":{"start":{"line":16,"column":22},"end":{"line":16,"column":23}},"loc":{"start":{"line":16,"column":35},"end":{"line":18,"column":1}},"line":16},"2":{"name":"(anonymous_2)","decl":{"start":{"line":20,"column":29},"end":{"line":20,"column":30}},"loc":{"start":{"line":20,"column":42},"end":{"line":22,"column":1}},"line":20},"3":{"name":"(anonymous_3)","decl":{"start":{"line":24,"column":20},"end":{"line":24,"column":21}},"loc":{"start":{"line":24,"column":31},"end":{"line":33,"column":1}},"line":24},"4":{"name":"(anonymous_4)","decl":{"start":{"line":35,"column":20},"end":{"line":35,"column":21}},"loc":{"start":{"line":35,"column":31},"end":{"line":37,"column":1}},"line":35}},"branchMap":{"0":{"loc":{"start":{"line":8,"column":2},"end":{"line":10,"column":3}},"type":"if","locations":[{"start":{"line":8,"column":2},"end":{"line":10,"column":3}},{"start":{},"end":{}}],"line":8},"1":{"loc":{"start":{"line":14,"column":19},"end":{"line":14,"column":49}},"type":"binary-expr","locations":[{"start":{"line":14,"column":19},"end":{"line":14,"column":41}},{"start":{"line":14,"column":45},"end":{"line":14,"column":49}}],"line":14},"2":{"loc":{"start":{"line":28,"column":4},"end":{"line":30,"column":5}},"type":"if","locations":[{"start":{"line":28,"column":4},"end":{"line":30,"column":5}},{"start":{},"end":{}}],"line":28}},"s":{"0":0,"1":0,"2":0,"3":0,"4":0,"5":0,"6":0,"7":0,"8":0,"9":0,"10":0,"11":0,"12":0,"13":0,"14":0,"15":0,"16":0,"17":0,"18":0,"19":0,"20":0},"f":{"0":0,"1":0,"2":0,"3":0,"4":0},"b":{"0":[0,0],"1":[0,0],"2":[0,0]}}
,"D:\\projects\\arianation-crm-ecommerce\\src\\utils\\password.js": {"path":"D:\\projects\\arianation-crm-ecommerce\\src\\utils\\password.js","statementMap":{"0":{"start":{"line":3,"column":15},"end":{"line":3,"column":34}},"1":{"start":{"line":5,"column":20},"end":{"line":5,"column":22}},"2":{"start":{"line":7,"column":21},"end":{"line":9,"column":1}},"3":{"start":{"line":8,"column":2},"end":{"line":8,"column":49}},"4":{"start":{"line":11,"column":24},"end":{"line":13,"column":1}},"5":{"start":{"line":12,"column":2},"end":{"line":12,"column":55}},"6":{"start":{"line":15,"column":0},"end":{"line":18,"column":2}}},"fnMap":{"0":{"name":"(anonymous_0)","decl":{"start":{"line":7,"column":21},"end":{"line":7,"column":22}},"loc":{"start":{"line":7,"column":46},"end":{"line":9,"column":1}},"line":7},"1":{"name":"(anonymous_1)","decl":{"start":{"line":11,"column":24},"end":{"line":11,"column":25}},"loc":{"start":{"line":11,"column":65},"end":{"line":13,"column":1}},"line":11}},"branchMap":{},"s":{"0":0,"1":0,"2":0,"3":0,"4":0,"5":0,"6":0},"f":{"0":0,"1":0},"b":{}}
,"D:\\projects\\arianation-crm-ecommerce\\src\\utils\\response.js": {"path":"D:\\projects\\arianation-crm-ecommerce\\src\\utils\\response.js","statementMap":{"0":{"start":{"line":3,"column":20},"end":{"line":18,"column":1}},"1":{"start":{"line":4,"column":19},"end":{"line":7,"column":3}},"2":{"start":{"line":9,"column":2},"end":{"line":11,"column":3}},"3":{"start":{"line":10,"column":4},"end":{"line":10,"column":25}},"4":{"start":{"line":13,"column":2},"end":{"line":15,"column":3}},"5":{"start":{"line":14,"column":4},"end":{"line":14,"column":25}},"6":{"start":{"line":17,"column":2},"end":{"line":17,"column":47}},"7":{"start":{"line":20,"column":20},"end":{"line":22,"column":1}},"8":{"start":{"line":21,"column":2},"end":{"line":21,"column":46}},"9":{"start":{"line":24,"column":18},"end":{"line":35,"column":1}},"10":{"start":{"line":25,"column":19},"end":{"line":28,"column":3}},"11":{"start":{"line":30,"column":2},"end":{"line":32,"column":3}},"12":{"start":{"line":31,"column":4},"end":{"line":31,"column":29}},"13":{"start":{"line":34,"column":2},"end":{"line":34,"column":47}},"14":{"start":{"line":37,"column":22},"end":{"line":46,"column":1}},"15":{"start":{"line":38,"column":2},"end":{"line":45,"column":5}},"16":{"start":{"line":48,"column":0},"end":{"line":53,"column":2}}},"fnMap":{"0":{"name":"(anonymous_0)","decl":{"start":{"line":3,"column":20},"end":{"line":3,"column":21}},"loc":{"start":{"line":3,"column":94},"end":{"line":18,"column":1}},"line":3},"1":{"name":"(anonymous_1)","decl":{"start":{"line":20,"column":20},"end":{"line":20,"column":21}},"loc":{"start":{"line":20,"column":76},"end":{"line":22,"column":1}},"line":20},"2":{"name":"(anonymous_2)","decl":{"start":{"line":24,"column":18},"end":{"line":24,"column":19}},"loc":{"start":{"line":24,"column":91},"end":{"line":35,"column":1}},"line":24},"3":{"name":"(anonymous_3)","decl":{"start":{"line":37,"column":22},"end":{"line":37,"column":23}},"loc":{"start":{"line":37,"column":70},"end":{"line":46,"column":1}},"line":37}},"branchMap":{"0":{"loc":{"start":{"line":3,"column":26},"end":{"line":3,"column":37}},"type":"default-arg","locations":[{"start":{"line":3,"column":33},"end":{"line":3,"column":37}}],"line":3},"1":{"loc":{"start":{"line":3,"column":39},"end":{"line":3,"column":58}},"type":"default-arg","locations":[{"start":{"line":3,"column":49},"end":{"line":3,"column":58}}],"line":3},"2":{"loc":{"start":{"line":3,"column":60},"end":{"line":3,"column":76}},"type":"default-arg","locations":[{"start":{"line":3,"column":73},"end":{"line":3,"column":76}}],"line":3},"3":{"loc":{"start":{"line":3,"column":78},"end":{"line":3,"column":89}},"type":"default-arg","locations":[{"start":{"line":3,"column":85},"end":{"line":3,"column":89}}],"line":3},"4":{"loc":{"start":{"line":9,"column":2},"end":{"line":11,"column":3}},"type":"if","locations":[{"start":{"line":9,"column":2},"end":{"line":11,"column":3}},{"start":{},"end":{}}],"line":9},"5":{"loc":{"start":{"line":13,"column":2},"end":{"line":15,"column":3}},"type":"if","locations":[{"start":{"line":13,"column":2},"end":{"line":15,"column":3}},{"start":{},"end":{}}],"line":13},"6":{"loc":{"start":{"line":20,"column":26},"end":{"line":20,"column":37}},"type":"default-arg","locations":[{"start":{"line":20,"column":33},"end":{"line":20,"column":37}}],"line":20},"7":{"loc":{"start":{"line":20,"column":39},"end":{"line":20,"column":71}},"type":"default-arg","locations":[{"start":{"line":20,"column":49},"end":{"line":20,"column":71}}],"line":20},"8":{"loc":{"start":{"line":24,"column":24},"end":{"line":24,"column":53}},"type":"default-arg","locations":[{"start":{"line":24,"column":34},"end":{"line":24,"column":53}}],"line":24},"9":{"loc":{"start":{"line":24,"column":55},"end":{"line":24,"column":71}},"type":"default-arg","locations":[{"start":{"line":24,"column":68},"end":{"line":24,"column":71}}],"line":24},"10":{"loc":{"start":{"line":24,"column":73},"end":{"line":24,"column":86}},"type":"default-arg","locations":[{"start":{"line":24,"column":82},"end":{"line":24,"column":86}}],"line":24},"11":{"loc":{"start":{"line":30,"column":2},"end":{"line":32,"column":3}},"type":"if","locations":[{"start":{"line":30,"column":2},"end":{"line":32,"column":3}},{"start":{},"end":{}}],"line":30},"12":{"loc":{"start":{"line":37,"column":46},"end":{"line":37,"column":65}},"type":"default-arg","locations":[{"start":{"line":37,"column":56},"end":{"line":37,"column":65}}],"line":37}},"s":{"0":0,"1":0,"2":0,"3":0,"4":0,"5":0,"6":0,"7":0,"8":0,"9":0,"10":0,"11":0,"12":0,"13":0,"14":0,"15":0,"16":0},"f":{"0":0,"1":0,"2":0,"3":0},"b":{"0":[0],"1":[0],"2":[0],"3":[0],"4":[0,0],"5":[0,0],"6":[0],"7":[0],"8":[0],"9":[0],"10":[0],"11":[0,0],"12":[0]}}
}
